Building DAG of jobs...
Using shell: /bin/bash
Provided cores: 4
Rules claiming more threads will be scaled down.
Job counts:
	count	jobs
	211	Calculate_centrimo_pvalue
	1	Concat_annotated_experiments
	211	Generate_matrix_logo
	211	JASPAR_PSSM_to_PWM
	1	Motifs_to_curate_PDF
	48	RSAT_PSSM_to_JASPAR_format
	48	RSAT_peakmotifs_per_exp
	211	Scan_JASPAR_PWM
	1	Select_motifs_to_curate
	1	all
	48	annotate_best_centrimo_experiment
	48	best_centrimo_experiment_logo
	48	choose_best_centrimo_experiment
	211	convert_RSAT_matrix_sites_to_BED
	96	extend_peak_files
	48	extract_peak_summits
	211	find_RSAT_matrix_sites
	211	generate_centrimo_plots
	211	get_RSAT_matrix_sites_fasta
	96	get_fasta_sequences
	2172

[Thu Sep 10 21:44:23 2020]
Job 40: ; Peak summits - TF : ZNF99.Hughes_4A_ZNF99_FS0205_TGACCA_L007+L008.PEAKS990074


[Thu Sep 10 21:44:23 2020]
Job 3: ; Peak summits - TF : SGSM2.Plate_2_C12_S187.PEAKS990022


[Thu Sep 10 21:44:23 2020]
Job 38: ; Peak summits - TF : TIGD3.Plate_2_H4_S128.PEAKS990017


[Thu Sep 10 21:44:23 2020]
Job 27: ; Peak summits - TF : ZNF384.Hughes_SI0524_ZNF384_ATCACG_L007+L008.PEAKS990087

[Thu Sep 10 21:44:24 2020]
Finished job 40.
1 of 2172 steps (0.05%) done

[Thu Sep 10 21:44:24 2020]
Job 31: ; Peak summits - TF : ZNF770.Hughes_SI0212_ZNF770_AGTTCC_L002+L003.PEAKS990095

[Thu Sep 10 21:44:24 2020]
Finished job 38.
2 of 2172 steps (0.09%) done

[Thu Sep 10 21:44:24 2020]
Job 30: ; Peak summits - TF : ZBED9.Plate_1_A11_S81.PEAKS990015

[Thu Sep 10 21:44:24 2020]
Finished job 3.
3 of 2172 steps (0.14%) done

[Thu Sep 10 21:44:24 2020]
Job 4: ; Peak summits - TF : ZNF382.Hughes_SI0571_ZNF382_TGACCA_L002.PEAKS990070

[Thu Sep 10 21:44:24 2020]
Finished job 30.
4 of 2172 steps (0.18%) done

[Thu Sep 10 21:44:24 2020]
Job 41: ; Peak summits - TF : PHF21A.Plate_2_D4_S124.PEAKS990009

[Thu Sep 10 21:44:24 2020]
Finished job 4.
5 of 2172 steps (0.23%) done

[Thu Sep 10 21:44:24 2020]
Job 9: ; Peak summits - TF : ZNF35.Hughes_SI0227_ZNF35_ACAGTG_L006+L007.PEAKS990081

[Thu Sep 10 21:44:24 2020]
Finished job 31.
6 of 2172 steps (0.28%) done

[Thu Sep 10 21:44:24 2020]
Job 34: ; Peak summits - TF : SP140L.Plate_1_D1_S4.PEAKS990010

[Thu Sep 10 21:44:24 2020]
Finished job 41.
7 of 2172 steps (0.32%) done
[Thu Sep 10 21:44:24 2020]
Finished job 9.
8 of 2172 steps (0.37%) done
[Thu Sep 10 21:44:24 2020]
Finished job 34.
9 of 2172 steps (0.41%) done
[Thu Sep 10 21:44:24 2020]
Finished job 27.
10 of 2172 steps (0.46%) done

[Thu Sep 10 21:44:24 2020]
Job 2: ; Peak summits - TF : C11orf95.C11orf95ChIP2_IGO_10521_13_S2.PEAKS990026


[Thu Sep 10 21:44:24 2020]
Job 25: ; Peak summits - TF : ZNF121.Hughes_SI0218_ZNF121_GTTTCG_L002+L003.PEAKS990082


[Thu Sep 10 21:44:24 2020]
Job 17: ; Peak summits - TF : ZBED5.Plate_1_D3_S20.PEAKS990013


[Thu Sep 10 21:44:24 2020]
Job 37: ; Peak summits - TF : ZNF317.Hughes_SI0581_ZNF317_GTGAAA_L002.PEAKS990102

[Thu Sep 10 21:44:25 2020]
Finished job 17.
11 of 2172 steps (0.51%) done
[Thu Sep 10 21:44:25 2020]
Finished job 2.
12 of 2172 steps (0.55%) done
[Thu Sep 10 21:44:25 2020]
Finished job 25.
13 of 2172 steps (0.60%) done
[Thu Sep 10 21:44:25 2020]
Finished job 37.
14 of 2172 steps (0.64%) done

[Thu Sep 10 21:44:25 2020]
Job 45: ; Peak summits - TF : CxxC4.CxxC4ChIP1_IGO_10521_51_S86.PEAKS990029


[Thu Sep 10 21:44:25 2020]
Job 21: ; Peak summits - TF : ZNF146.Hughes_SI0410_ZNF146_GTCCGC_L006+L007.PEAKS990099


[Thu Sep 10 21:44:25 2020]
Job 33: ; Peak summits - TF : ZIM3.Hughes_SI0545_ZIM3_ACAGTG_L004+L005.PEAKS990085


[Thu Sep 10 21:44:25 2020]
Job 48: ; Peak summits - TF : GLYR1.Plate_2_G12_S191.PEAKS990004

[Thu Sep 10 21:44:25 2020]
Finished job 21.
15 of 2172 steps (0.69%) done
[Thu Sep 10 21:44:25 2020]
Finished job 33.
16 of 2172 steps (0.74%) done
[Thu Sep 10 21:44:25 2020]
Finished job 45.
17 of 2172 steps (0.78%) done

[Thu Sep 10 21:44:25 2020]
Job 39: ; Peak summits - TF : ZBED4.ZBED4ChIP2_IGO_10521_61_S13.PEAKS990042


[Thu Sep 10 21:44:25 2020]
Job 35: ; Peak summits - TF : ZNF280A.Hughes_SI0576_ZNF280A_AGTCAA_L002.PEAKS990065

[Thu Sep 10 21:44:25 2020]
Finished job 48.
18 of 2172 steps (0.83%) done
[Thu Sep 10 21:44:25 2020]
Finished job 39.
19 of 2172 steps (0.87%) done
[Thu Sep 10 21:44:25 2020]
Finished job 35.
20 of 2172 steps (0.92%) done

[Thu Sep 10 21:44:25 2020]
Job 6: ; Peak summits - TF : ZNF490.Hughes_SI0271_ZNF490_AGTTCC_L003+L004.PEAKS990089


[Thu Sep 10 21:44:25 2020]
Job 10: ; Peak summits - TF : ZNF189.Hughes_S1_189_TTAGGC_L004+L005.PEAKS990059


[Thu Sep 10 21:44:25 2020]
Job 32: ; Peak summits - TF : NACC2.Plate_2_B10_S170.PEAKS990006


[Thu Sep 10 21:44:25 2020]
Job 42: ; Peak summits - TF : FBXL19.FBXL19ChIP2_IGO_10521_64_S14.PEAKS990032

[Thu Sep 10 21:44:26 2020]
Finished job 6.
21 of 2172 steps (0.97%) done
[Thu Sep 10 21:44:26 2020]
Finished job 10.
22 of 2172 steps (1%) done
[Thu Sep 10 21:44:26 2020]
Finished job 32.
23 of 2172 steps (1%) done
[Thu Sep 10 21:44:26 2020]
Finished job 42.
24 of 2172 steps (1%) done

[Thu Sep 10 21:44:26 2020]
Job 14: ; Peak summits - TF : ZBED2.Plate_1_B8_S58.PEAKS990019


[Thu Sep 10 21:44:26 2020]
Job 8: ; Peak summits - TF : ZNF8.Hughes_SI0496_ZNF8_GTGGCC_L003+L004.PEAKS990090


[Thu Sep 10 21:44:26 2020]
Job 26: ; Peak summits - TF : ZNF18.Hughes_SI0563_ZNF18_ACTGAT_L004+L005.PEAKS990063


[Thu Sep 10 21:44:26 2020]
Job 13: ; Peak summits - TF : JRK.JRKChIP2_IGO_10521_63_S24.PEAKS990034

[Thu Sep 10 21:44:26 2020]
Finished job 14.
25 of 2172 steps (1%) done
[Thu Sep 10 21:44:26 2020]
Finished job 8.
26 of 2172 steps (1%) done
[Thu Sep 10 21:44:26 2020]
Finished job 26.
27 of 2172 steps (1%) done
[Thu Sep 10 21:44:26 2020]
Finished job 13.
28 of 2172 steps (1%) done

[Thu Sep 10 21:44:26 2020]
Job 5: ; Peak summits - TF : ZNF140.Hughes_SI_340_GTCCGC_L004+L005.PEAKS990100


[Thu Sep 10 21:44:26 2020]
Job 20: ; Peak summits - TF : ZNF134.Hughes_SI0427_ZNF134_AGTTCC_L001+L002.PEAKS990084

[Thu Sep 10 21:44:26 2020]
Finished job 5.
29 of 2172 steps (1%) done
[Thu Sep 10 21:44:26 2020]
Finished job 20.
30 of 2172 steps (1%) done

[Thu Sep 10 21:44:26 2020]
Job 24: ; Peak summits - TF : ZNF436.Hughes_SI0433_ZNF436_GTTTCG_L001+L002.PEAKS990088


[Thu Sep 10 21:44:26 2020]
Job 12: ; Peak summits - TF : ZNF260.Hughes_SI0551_ZNF260_GGCTAC_L004+L005.PEAKS990091

[Thu Sep 10 21:44:26 2020]
Finished job 24.
31 of 2172 steps (1%) done

[Thu Sep 10 21:44:26 2020]
Job 18: ; Peak summits - TF : ZFP28.Hughes_SI_343_1in10_GTTTCG_L004+L005.PEAKS990098


[Thu Sep 10 21:44:26 2020]
Job 29: ; Peak summits - TF : ZNF264.Hughes_6_ZNF264_A_Chip_GGCTAC_L001+L002.PEAKS990086

[Thu Sep 10 21:44:26 2020]
Finished job 12.
32 of 2172 steps (1%) done
[Thu Sep 10 21:44:27 2020]
Finished job 18.
33 of 2172 steps (2%) done
[Thu Sep 10 21:44:27 2020]
Finished job 29.
34 of 2172 steps (2%) done

[Thu Sep 10 21:44:27 2020]
Job 15: ; Peak summits - TF : ZNF30.Hughes_SI0254_ZNF30_AGTTCC_L001+L002.PEAKS990079


[Thu Sep 10 21:44:27 2020]
Job 19: ; Peak summits - TF : ZNF322.Hughes_SI0289_ZNF322_TAGCTT_L007+L008.PEAKS990066


[Thu Sep 10 21:44:27 2020]
Job 44: ; Peak summits - TF : TIGD7.TIGD7ChIP2_IGO_10521_10_S42.PEAKS990040

[Thu Sep 10 21:44:27 2020]

Finished job 15.
[Thu Sep 10 21:44:27 2020]
35 of 2172 steps (2%) done
Job 11: ; Peak summits - TF : ZNF22.Hughes_1_ZNF22_Chip_ATCACG_L001+L002.PEAKS990073

[Thu Sep 10 21:44:27 2020]
Finished job 19.
36 of 2172 steps (2%) done
[Thu Sep 10 21:44:27 2020]
Finished job 44.
37 of 2172 steps (2%) done
[Thu Sep 10 21:44:27 2020]
Finished job 11.
38 of 2172 steps (2%) done

[Thu Sep 10 21:44:27 2020]
Job 22: ; Peak summits - TF : ZFP3.Hughes_10B_ZFP3_FS0244_AGTTCC_L005+L006.PEAKS990062


[Thu Sep 10 21:44:27 2020]
Job 23: ; Peak summits - TF : SP140.SP140ChIP2_IGO_10521_9_S91.PEAKS990038

[Thu Sep 10 21:44:27 2020]
Finished job 22.
39 of 2172 steps (2%) done
[Thu Sep 10 21:44:27 2020]
Finished job 23.
40 of 2172 steps (2%) done

[Thu Sep 10 21:44:27 2020]
Job 46: ; Peak summits - TF : SETBP1.SETBP1ChIP2_IGO_10521_12_S10.PEAKS990036

[Thu Sep 10 21:44:27 2020]
Finished job 46.
41 of 2172 steps (2%) done

[Thu Sep 10 21:44:27 2020]
Job 36: ; Peak summits - TF : GLI4.Hughes_SI0368_GLI4_AGTTCC_L001+L002.PEAKS990061


[Thu Sep 10 21:44:27 2020]
Job 7: ; Peak summits - TF : ZNF596.Hughes_SI0474_ZNF596_GTGGCC_L001+L002.PEAKS990094


[Thu Sep 10 21:44:28 2020]
Job 16: ; Peak summits - TF : ZNF250.Hughes_SI0321_ZNF250_GTTTCG_L005+L006.PEAKS990064

[Thu Sep 10 21:44:28 2020]
Finished job 36.
42 of 2172 steps (2%) done
[Thu Sep 10 21:44:28 2020]
Finished job 7.
43 of 2172 steps (2%) done
[Thu Sep 10 21:44:28 2020]
Finished job 16.
44 of 2172 steps (2%) done

[Thu Sep 10 21:44:28 2020]
Job 43: ; Peak summits - TF : ZNF582.Hughes_SI_327_1in10_CGATGT_L004+L005.PEAKS990093


[Thu Sep 10 21:44:28 2020]
Job 47: ; Peak summits - TF : ZNF708.Hughes_SI0419_ZNF708_GCCAAT_L001+L002.PEAKS990060


[Thu Sep 10 21:44:28 2020]
Job 1: ; Peak summits - TF : CHAMP1.CHAMP1ChIP2_IGO_10521_62_S117.PEAKS990028

[Thu Sep 10 21:44:28 2020]
Finished job 43.
45 of 2172 steps (2%) done
[Thu Sep 10 21:44:28 2020]
Finished job 47.
46 of 2172 steps (2%) done
[Thu Sep 10 21:44:28 2020]
Finished job 1.
47 of 2172 steps (2%) done

[Thu Sep 10 21:44:28 2020]
Job 101: ; Extending peak summits - TF : ZNF384.Hughes_SI0524_ZNF384_ATCACG_L007+L008.PEAKS990087 - Final length: 101


[Thu Sep 10 21:44:28 2020]
Job 102: ; Extending peak summits - TF : ZNF384.Hughes_SI0524_ZNF384_ATCACG_L007+L008.PEAKS990087 - Final length: 501


[Thu Sep 10 21:44:28 2020]
Job 54: ; Extending peak summits - TF : SGSM2.Plate_2_C12_S187.PEAKS990022 - Final length: 501

[Thu Sep 10 21:44:28 2020]
Finished job 54.
48 of 2172 steps (2%) done
[Thu Sep 10 21:44:28 2020]
Finished job 102.
49 of 2172 steps (2%) done
[Thu Sep 10 21:44:28 2020]
Finished job 101.
50 of 2172 steps (2%) done

[Thu Sep 10 21:44:28 2020]
Job 28: ; Peak summits - TF : SNAI1.Hughes_3_SNAI1_FS0170_TTAGGC_L003+L004.PEAKS990057

[Thu Sep 10 21:44:28 2020]
Finished job 28.
51 of 2172 steps (2%) done

[Thu Sep 10 21:44:29 2020]
Job 124: ; Extending peak summits - TF : TIGD3.Plate_2_H4_S128.PEAKS990017 - Final length: 501


[Thu Sep 10 21:44:29 2020]
Job 123: ; Extending peak summits - TF : TIGD3.Plate_2_H4_S128.PEAKS990017 - Final length: 101


[Thu Sep 10 21:44:29 2020]
Job 53: ; Extending peak summits - TF : SGSM2.Plate_2_C12_S187.PEAKS990022 - Final length: 101

[Thu Sep 10 21:44:29 2020]
Finished job 124.
52 of 2172 steps (2%) done
[Thu Sep 10 21:44:29 2020]
Finished job 123.
53 of 2172 steps (2%) done
[Thu Sep 10 21:44:29 2020]
Finished job 53.
54 of 2172 steps (2%) done

[Thu Sep 10 21:44:29 2020]
Job 128: ; Extending peak summits - TF : ZNF99.Hughes_4A_ZNF99_FS0205_TGACCA_L007+L008.PEAKS990074 - Final length: 501


[Thu Sep 10 21:44:29 2020]
Job 127: ; Extending peak summits - TF : ZNF99.Hughes_4A_ZNF99_FS0205_TGACCA_L007+L008.PEAKS990074 - Final length: 101


[Thu Sep 10 21:44:29 2020]
Job 109: ; Extending peak summits - TF : ZNF770.Hughes_SI0212_ZNF770_AGTTCC_L002+L003.PEAKS990095 - Final length: 101


[Thu Sep 10 21:44:29 2020]
Job 110: ; Extending peak summits - TF : ZNF770.Hughes_SI0212_ZNF770_AGTTCC_L002+L003.PEAKS990095 - Final length: 501

[Thu Sep 10 21:44:29 2020]
Finished job 128.
55 of 2172 steps (3%) done
[Thu Sep 10 21:44:29 2020]
Finished job 127.
56 of 2172 steps (3%) done
[Thu Sep 10 21:44:29 2020]
Finished job 109.
57 of 2172 steps (3%) done
[Thu Sep 10 21:44:29 2020]

Finished job 110.
[Thu Sep 10 21:44:29 2020]
58 of 2172 steps (3%) done
Job 107: ; Extending peak summits - TF : ZBED9.Plate_1_A11_S81.PEAKS990015 - Final length: 101


[Thu Sep 10 21:44:29 2020]
Job 108: ; Extending peak summits - TF : ZBED9.Plate_1_A11_S81.PEAKS990015 - Final length: 501

[Thu Sep 10 21:44:29 2020]
Finished job 107.
59 of 2172 steps (3%) done
[Thu Sep 10 21:44:29 2020]
Finished job 108.
60 of 2172 steps (3%) done

[Thu Sep 10 21:44:29 2020]
Job 56: ; Extending peak summits - TF : ZNF382.Hughes_SI0571_ZNF382_TGACCA_L002.PEAKS990070 - Final length: 501

[Thu Sep 10 21:44:30 2020]
Finished job 56.
61 of 2172 steps (3%) done

[Thu Sep 10 21:44:30 2020]
Job 116: ; Extending peak summits - TF : SP140L.Plate_1_D1_S4.PEAKS990010 - Final length: 501


[Thu Sep 10 21:44:30 2020]
Job 115: ; Extending peak summits - TF : SP140L.Plate_1_D1_S4.PEAKS990010 - Final length: 101


[Thu Sep 10 21:44:30 2020]
Job 55: ; Extending peak summits - TF : ZNF382.Hughes_SI0571_ZNF382_TGACCA_L002.PEAKS990070 - Final length: 101

[Thu Sep 10 21:44:30 2020]
Finished job 116.
62 of 2172 steps (3%) done
[Thu Sep 10 21:44:30 2020]
Finished job 55.
63 of 2172 steps (3%) done
[Thu Sep 10 21:44:30 2020]
Finished job 115.
64 of 2172 steps (3%) done

[Thu Sep 10 21:44:30 2020]
Job 130: ; Extending peak summits - TF : PHF21A.Plate_2_D4_S124.PEAKS990009 - Final length: 501


[Thu Sep 10 21:44:30 2020]
Job 129: ; Extending peak summits - TF : PHF21A.Plate_2_D4_S124.PEAKS990009 - Final length: 101


[Thu Sep 10 21:44:30 2020]
Job 66: ; Extending peak summits - TF : ZNF35.Hughes_SI0227_ZNF35_ACAGTG_L006+L007.PEAKS990081 - Final length: 501


[Thu Sep 10 21:44:30 2020]
Job 65: ; Extending peak summits - TF : ZNF35.Hughes_SI0227_ZNF35_ACAGTG_L006+L007.PEAKS990081 - Final length: 101

[Thu Sep 10 21:44:30 2020]
Finished job 130.
65 of 2172 steps (3%) done
[Thu Sep 10 21:44:30 2020]
Finished job 129.
66 of 2172 steps (3%) done
[Thu Sep 10 21:44:30 2020]
Finished job 66.
67 of 2172 steps (3%) done
[Thu Sep 10 21:44:30 2020]
Finished job 65.
68 of 2172 steps (3%) done

[Thu Sep 10 21:44:30 2020]
Job 51: ; Extending peak summits - TF : C11orf95.C11orf95ChIP2_IGO_10521_13_S2.PEAKS990026 - Final length: 101


[Thu Sep 10 21:44:30 2020]
Job 52: ; Extending peak summits - TF : C11orf95.C11orf95ChIP2_IGO_10521_13_S2.PEAKS990026 - Final length: 501

[Thu Sep 10 21:44:30 2020]
Finished job 51.
69 of 2172 steps (3%) done
[Thu Sep 10 21:44:30 2020]
Finished job 52.
70 of 2172 steps (3%) done

[Thu Sep 10 21:44:30 2020]
Job 98: ; Extending peak summits - TF : ZNF121.Hughes_SI0218_ZNF121_GTTTCG_L002+L003.PEAKS990082 - Final length: 501

[Thu Sep 10 21:44:31 2020]
Finished job 98.
71 of 2172 steps (3%) done

[Thu Sep 10 21:44:31 2020]
Job 121: ; Extending peak summits - TF : ZNF317.Hughes_SI0581_ZNF317_GTGAAA_L002.PEAKS990102 - Final length: 101


[Thu Sep 10 21:44:31 2020]
Job 97: ; Extending peak summits - TF : ZNF121.Hughes_SI0218_ZNF121_GTTTCG_L002+L003.PEAKS990082 - Final length: 101


[Thu Sep 10 21:44:31 2020]
Job 122: ; Extending peak summits - TF : ZNF317.Hughes_SI0581_ZNF317_GTGAAA_L002.PEAKS990102 - Final length: 501

[Thu Sep 10 21:44:31 2020]
Finished job 121.
72 of 2172 steps (3%) done
[Thu Sep 10 21:44:31 2020]
Finished job 97.
73 of 2172 steps (3%) done
[Thu Sep 10 21:44:31 2020]
Finished job 122.
74 of 2172 steps (3%) done

[Thu Sep 10 21:44:31 2020]
Job 81: ; Extending peak summits - TF : ZBED5.Plate_1_D3_S20.PEAKS990013 - Final length: 101


[Thu Sep 10 21:44:31 2020]
Job 143: ; Extending peak summits - TF : GLYR1.Plate_2_G12_S191.PEAKS990004 - Final length: 101


[Thu Sep 10 21:44:31 2020]
Job 144: ; Extending peak summits - TF : GLYR1.Plate_2_G12_S191.PEAKS990004 - Final length: 501


[Thu Sep 10 21:44:31 2020]
Job 82: ; Extending peak summits - TF : ZBED5.Plate_1_D3_S20.PEAKS990013 - Final length: 501

[Thu Sep 10 21:44:31 2020]
Finished job 143.
75 of 2172 steps (3%) done
[Thu Sep 10 21:44:31 2020]
Finished job 81.
76 of 2172 steps (3%) done
[Thu Sep 10 21:44:31 2020]
Finished job 144.
77 of 2172 steps (4%) done
[Thu Sep 10 21:44:31 2020]
Finished job 82.
78 of 2172 steps (4%) done

[Thu Sep 10 21:44:31 2020]
Job 113: ; Extending peak summits - TF : ZIM3.Hughes_SI0545_ZIM3_ACAGTG_L004+L005.PEAKS990085 - Final length: 101


[Thu Sep 10 21:44:31 2020]
Job 114: ; Extending peak summits - TF : ZIM3.Hughes_SI0545_ZIM3_ACAGTG_L004+L005.PEAKS990085 - Final length: 501

[Thu Sep 10 21:44:31 2020]
Finished job 113.
79 of 2172 steps (4%) done
[Thu Sep 10 21:44:31 2020]
Finished job 114.
80 of 2172 steps (4%) done

[Thu Sep 10 21:44:31 2020]
Job 138: ; Extending peak summits - TF : CxxC4.CxxC4ChIP1_IGO_10521_51_S86.PEAKS990029 - Final length: 501

[Thu Sep 10 21:44:32 2020]
Finished job 138.
81 of 2172 steps (4%) done

[Thu Sep 10 21:44:32 2020]
Job 137: ; Extending peak summits - TF : CxxC4.CxxC4ChIP1_IGO_10521_51_S86.PEAKS990029 - Final length: 101


[Thu Sep 10 21:44:32 2020]
Job 89: ; Extending peak summits - TF : ZNF146.Hughes_SI0410_ZNF146_GTCCGC_L006+L007.PEAKS990099 - Final length: 101


[Thu Sep 10 21:44:32 2020]
Job 90: ; Extending peak summits - TF : ZNF146.Hughes_SI0410_ZNF146_GTCCGC_L006+L007.PEAKS990099 - Final length: 501

[Thu Sep 10 21:44:32 2020]
Finished job 137.
82 of 2172 steps (4%) done
[Thu Sep 10 21:44:32 2020]
Finished job 89.
83 of 2172 steps (4%) done
[Thu Sep 10 21:44:32 2020]
Finished job 90.
84 of 2172 steps (4%) done

[Thu Sep 10 21:44:32 2020]
Job 125: ; Extending peak summits - TF : ZBED4.ZBED4ChIP2_IGO_10521_61_S13.PEAKS990042 - Final length: 101


[Thu Sep 10 21:44:32 2020]
Job 117: ; Extending peak summits - TF : ZNF280A.Hughes_SI0576_ZNF280A_AGTCAA_L002.PEAKS990065 - Final length: 101

[Thu Sep 10 21:44:32 2020]
Finished job 125.

85 of 2172 steps (4%) done
[Thu Sep 10 21:44:32 2020]
Job 118: ; Extending peak summits - TF : ZNF280A.Hughes_SI0576_ZNF280A_AGTCAA_L002.PEAKS990065 - Final length: 501


[Thu Sep 10 21:44:32 2020]
Job 126: ; Extending peak summits - TF : ZBED4.ZBED4ChIP2_IGO_10521_61_S13.PEAKS990042 - Final length: 501

[Thu Sep 10 21:44:32 2020]
Finished job 117.
86 of 2172 steps (4%) done
[Thu Sep 10 21:44:32 2020]
Finished job 118.
87 of 2172 steps (4%) done
[Thu Sep 10 21:44:32 2020]
Finished job 126.
88 of 2172 steps (4%) done

[Thu Sep 10 21:44:32 2020]
Job 59: ; Extending peak summits - TF : ZNF490.Hughes_SI0271_ZNF490_AGTTCC_L003+L004.PEAKS990089 - Final length: 101


[Thu Sep 10 21:44:32 2020]
Job 60: ; Extending peak summits - TF : ZNF490.Hughes_SI0271_ZNF490_AGTTCC_L003+L004.PEAKS990089 - Final length: 501

[Thu Sep 10 21:44:32 2020]
Finished job 59.
89 of 2172 steps (4%) done
[Thu Sep 10 21:44:32 2020]
Finished job 60.
90 of 2172 steps (4%) done

[Thu Sep 10 21:44:32 2020]
Job 112: ; Extending peak summits - TF : NACC2.Plate_2_B10_S170.PEAKS990006 - Final length: 501

[Thu Sep 10 21:44:33 2020]
Finished job 112.
91 of 2172 steps (4%) done

[Thu Sep 10 21:44:33 2020]
Job 111: ; Extending peak summits - TF : NACC2.Plate_2_B10_S170.PEAKS990006 - Final length: 101


[Thu Sep 10 21:44:33 2020]
Job 68: ; Extending peak summits - TF : ZNF189.Hughes_S1_189_TTAGGC_L004+L005.PEAKS990059 - Final length: 501


[Thu Sep 10 21:44:33 2020]
Job 67: ; Extending peak summits - TF : ZNF189.Hughes_S1_189_TTAGGC_L004+L005.PEAKS990059 - Final length: 101

[Thu Sep 10 21:44:33 2020]
Finished job 111.
92 of 2172 steps (4%) done
[Thu Sep 10 21:44:33 2020]
Finished job 68.
93 of 2172 steps (4%) done
[Thu Sep 10 21:44:33 2020]
Finished job 67.
94 of 2172 steps (4%) done

[Thu Sep 10 21:44:33 2020]
Job 131: ; Extending peak summits - TF : FBXL19.FBXL19ChIP2_IGO_10521_64_S14.PEAKS990032 - Final length: 101

[Thu Sep 10 21:44:33 2020]
Finished job 131.
95 of 2172 steps (4%) done

[Thu Sep 10 21:44:33 2020]
Job 76: ; Extending peak summits - TF : ZBED2.Plate_1_B8_S58.PEAKS990019 - Final length: 501


[Thu Sep 10 21:44:33 2020]
Job 75: ; Extending peak summits - TF : ZBED2.Plate_1_B8_S58.PEAKS990019 - Final length: 101


[Thu Sep 10 21:44:33 2020]
Job 132: ; Extending peak summits - TF : FBXL19.FBXL19ChIP2_IGO_10521_64_S14.PEAKS990032 - Final length: 501

[Thu Sep 10 21:44:33 2020]
Finished job 76.
96 of 2172 steps (4%) done
[Thu Sep 10 21:44:33 2020]
Finished job 75.
97 of 2172 steps (4%) done
[Thu Sep 10 21:44:33 2020]
Finished job 132.
98 of 2172 steps (5%) done

[Thu Sep 10 21:44:33 2020]
Job 99: ; Extending peak summits - TF : ZNF18.Hughes_SI0563_ZNF18_ACTGAT_L004+L005.PEAKS990063 - Final length: 101

[Thu Sep 10 21:44:33 2020]
Finished job 99.
99 of 2172 steps (5%) done

[Thu Sep 10 21:44:33 2020]
Job 64: ; Extending peak summits - TF : ZNF8.Hughes_SI0496_ZNF8_GTGGCC_L003+L004.PEAKS990090 - Final length: 501

[Thu Sep 10 21:44:33 2020]
Finished job 64.
100 of 2172 steps (5%) done

[Thu Sep 10 21:44:33 2020]
Job 63: ; Extending peak summits - TF : ZNF8.Hughes_SI0496_ZNF8_GTGGCC_L003+L004.PEAKS990090 - Final length: 101

[Thu Sep 10 21:44:34 2020]
Finished job 63.
101 of 2172 steps (5%) done

[Thu Sep 10 21:44:34 2020]
Job 100: ; Extending peak summits - TF : ZNF18.Hughes_SI0563_ZNF18_ACTGAT_L004+L005.PEAKS990063 - Final length: 501

[Thu Sep 10 21:44:34 2020]
Finished job 100.
102 of 2172 steps (5%) done

[Thu Sep 10 21:44:34 2020]
Job 73: ; Extending peak summits - TF : JRK.JRKChIP2_IGO_10521_63_S24.PEAKS990034 - Final length: 101


[Thu Sep 10 21:44:34 2020]
Job 74: ; Extending peak summits - TF : JRK.JRKChIP2_IGO_10521_63_S24.PEAKS990034 - Final length: 501

[Thu Sep 10 21:44:34 2020]
Finished job 73.
103 of 2172 steps (5%) done
[Thu Sep 10 21:44:34 2020]
Finished job 74.
104 of 2172 steps (5%) done

[Thu Sep 10 21:44:34 2020]
Job 96: ; Extending peak summits - TF : ZNF436.Hughes_SI0433_ZNF436_GTTTCG_L001+L002.PEAKS990088 - Final length: 501

[Thu Sep 10 21:44:34 2020]
Finished job 96.
105 of 2172 steps (5%) done

[Thu Sep 10 21:44:34 2020]
Job 87: ; Extending peak summits - TF : ZNF134.Hughes_SI0427_ZNF134_AGTTCC_L001+L002.PEAKS990084 - Final length: 101


[Thu Sep 10 21:44:34 2020]
Job 88: ; Extending peak summits - TF : ZNF134.Hughes_SI0427_ZNF134_AGTTCC_L001+L002.PEAKS990084 - Final length: 501


[Thu Sep 10 21:44:34 2020]
Job 95: ; Extending peak summits - TF : ZNF436.Hughes_SI0433_ZNF436_GTTTCG_L001+L002.PEAKS990088 - Final length: 101

[Thu Sep 10 21:44:34 2020]
Finished job 87.
106 of 2172 steps (5%) done
[Thu Sep 10 21:44:34 2020]
Finished job 88.
107 of 2172 steps (5%) done
[Thu Sep 10 21:44:34 2020]
Finished job 95.
108 of 2172 steps (5%) done

[Thu Sep 10 21:44:34 2020]
Job 58: ; Extending peak summits - TF : ZNF140.Hughes_SI_340_GTCCGC_L004+L005.PEAKS990100 - Final length: 501

[Thu Sep 10 21:44:34 2020]
Finished job 58.
109 of 2172 steps (5%) done

[Thu Sep 10 21:44:34 2020]
Job 57: ; Extending peak summits - TF : ZNF140.Hughes_SI_340_GTCCGC_L004+L005.PEAKS990100 - Final length: 101

[Thu Sep 10 21:44:34 2020]
Finished job 57.
110 of 2172 steps (5%) done

[Thu Sep 10 21:44:34 2020]
Job 71: ; Extending peak summits - TF : ZNF260.Hughes_SI0551_ZNF260_GGCTAC_L004+L005.PEAKS990091 - Final length: 101

[Thu Sep 10 21:44:35 2020]
Finished job 71.
111 of 2172 steps (5%) done

[Thu Sep 10 21:44:35 2020]
Job 72: ; Extending peak summits - TF : ZNF260.Hughes_SI0551_ZNF260_GGCTAC_L004+L005.PEAKS990091 - Final length: 501

[Thu Sep 10 21:44:35 2020]
Finished job 72.
112 of 2172 steps (5%) done

[Thu Sep 10 21:44:35 2020]
Job 106: ; Extending peak summits - TF : ZNF264.Hughes_6_ZNF264_A_Chip_GGCTAC_L001+L002.PEAKS990086 - Final length: 501


[Thu Sep 10 21:44:35 2020]
Job 105: ; Extending peak summits - TF : ZNF264.Hughes_6_ZNF264_A_Chip_GGCTAC_L001+L002.PEAKS990086 - Final length: 101

[Thu Sep 10 21:44:35 2020]
Finished job 106.
113 of 2172 steps (5%) done
[Thu Sep 10 21:44:35 2020]
Finished job 105.
114 of 2172 steps (5%) done

[Thu Sep 10 21:44:35 2020]
Job 86: ; Extending peak summits - TF : ZNF322.Hughes_SI0289_ZNF322_TAGCTT_L007+L008.PEAKS990066 - Final length: 501

[Thu Sep 10 21:44:35 2020]
Finished job 86.
115 of 2172 steps (5%) done

[Thu Sep 10 21:44:35 2020]
Job 83: ; Extending peak summits - TF : ZFP28.Hughes_SI_343_1in10_GTTTCG_L004+L005.PEAKS990098 - Final length: 101


[Thu Sep 10 21:44:35 2020]
Job 84: ; Extending peak summits - TF : ZFP28.Hughes_SI_343_1in10_GTTTCG_L004+L005.PEAKS990098 - Final length: 501


[Thu Sep 10 21:44:35 2020]
Job 85: ; Extending peak summits - TF : ZNF322.Hughes_SI0289_ZNF322_TAGCTT_L007+L008.PEAKS990066 - Final length: 101

[Thu Sep 10 21:44:35 2020]
Finished job 83.
116 of 2172 steps (5%) done
[Thu Sep 10 21:44:35 2020]
Finished job 84.
117 of 2172 steps (5%) done
[Thu Sep 10 21:44:35 2020]
Finished job 85.
118 of 2172 steps (5%) done

[Thu Sep 10 21:44:35 2020]
Job 78: ; Extending peak summits - TF : ZNF30.Hughes_SI0254_ZNF30_AGTTCC_L001+L002.PEAKS990079 - Final length: 501

[Thu Sep 10 21:44:35 2020]
Finished job 78.
119 of 2172 steps (5%) done

[Thu Sep 10 21:44:35 2020]
Job 77: ; Extending peak summits - TF : ZNF30.Hughes_SI0254_ZNF30_AGTTCC_L001+L002.PEAKS990079 - Final length: 101

[Thu Sep 10 21:44:35 2020]
Finished job 77.
120 of 2172 steps (6%) done

[Thu Sep 10 21:44:35 2020]
Job 136: ; Extending peak summits - TF : TIGD7.TIGD7ChIP2_IGO_10521_10_S42.PEAKS990040 - Final length: 501

[Thu Sep 10 21:44:36 2020]
Finished job 136.
121 of 2172 steps (6%) done

[Thu Sep 10 21:44:36 2020]
Job 135: ; Extending peak summits - TF : TIGD7.TIGD7ChIP2_IGO_10521_10_S42.PEAKS990040 - Final length: 101

[Thu Sep 10 21:44:36 2020]
Finished job 135.
122 of 2172 steps (6%) done

[Thu Sep 10 21:44:36 2020]
Job 69: ; Extending peak summits - TF : ZNF22.Hughes_1_ZNF22_Chip_ATCACG_L001+L002.PEAKS990073 - Final length: 101


[Thu Sep 10 21:44:36 2020]
Job 70: ; Extending peak summits - TF : ZNF22.Hughes_1_ZNF22_Chip_ATCACG_L001+L002.PEAKS990073 - Final length: 501

[Thu Sep 10 21:44:36 2020]
Finished job 69.
123 of 2172 steps (6%) done
[Thu Sep 10 21:44:36 2020]
Finished job 70.
124 of 2172 steps (6%) done

[Thu Sep 10 21:44:36 2020]
Job 140: ; Extending peak summits - TF : SETBP1.SETBP1ChIP2_IGO_10521_12_S10.PEAKS990036 - Final length: 501

[Thu Sep 10 21:44:36 2020]
Finished job 140.
125 of 2172 steps (6%) done

[Thu Sep 10 21:44:36 2020]
Job 93: ; Extending peak summits - TF : SP140.SP140ChIP2_IGO_10521_9_S91.PEAKS990038 - Final length: 101


[Thu Sep 10 21:44:36 2020]
Job 94: ; Extending peak summits - TF : SP140.SP140ChIP2_IGO_10521_9_S91.PEAKS990038 - Final length: 501


[Thu Sep 10 21:44:36 2020]
Job 139: ; Extending peak summits - TF : SETBP1.SETBP1ChIP2_IGO_10521_12_S10.PEAKS990036 - Final length: 101

[Thu Sep 10 21:44:36 2020]
Finished job 93.
126 of 2172 steps (6%) done
[Thu Sep 10 21:44:36 2020]
Finished job 94.
127 of 2172 steps (6%) done
[Thu Sep 10 21:44:36 2020]
Finished job 139.
128 of 2172 steps (6%) done

[Thu Sep 10 21:44:36 2020]
Job 92: ; Extending peak summits - TF : ZFP3.Hughes_10B_ZFP3_FS0244_AGTTCC_L005+L006.PEAKS990062 - Final length: 501

[Thu Sep 10 21:44:36 2020]
Finished job 92.
129 of 2172 steps (6%) done

[Thu Sep 10 21:44:36 2020]
Job 120: ; Extending peak summits - TF : GLI4.Hughes_SI0368_GLI4_AGTTCC_L001+L002.PEAKS990061 - Final length: 501

[Thu Sep 10 21:44:36 2020]
Finished job 120.
130 of 2172 steps (6%) done

[Thu Sep 10 21:44:37 2020]
Job 91: ; Extending peak summits - TF : ZFP3.Hughes_10B_ZFP3_FS0244_AGTTCC_L005+L006.PEAKS990062 - Final length: 101

[Thu Sep 10 21:44:37 2020]
Finished job 91.
131 of 2172 steps (6%) done

[Thu Sep 10 21:44:37 2020]
Job 119: ; Extending peak summits - TF : GLI4.Hughes_SI0368_GLI4_AGTTCC_L001+L002.PEAKS990061 - Final length: 101

[Thu Sep 10 21:44:37 2020]
Finished job 119.
132 of 2172 steps (6%) done

[Thu Sep 10 21:44:37 2020]
Job 79: ; Extending peak summits - TF : ZNF250.Hughes_SI0321_ZNF250_GTTTCG_L005+L006.PEAKS990064 - Final length: 101


[Thu Sep 10 21:44:37 2020]
Job 61: ; Extending peak summits - TF : ZNF596.Hughes_SI0474_ZNF596_GTGGCC_L001+L002.PEAKS990094 - Final length: 101

[Thu Sep 10 21:44:37 2020]
Finished job 79.
133 of 2172 steps (6%) done
[Thu Sep 10 21:44:37 2020]
Finished job 61.
134 of 2172 steps (6%) done

[Thu Sep 10 21:44:37 2020]
Job 62: ; Extending peak summits - TF : ZNF596.Hughes_SI0474_ZNF596_GTGGCC_L001+L002.PEAKS990094 - Final length: 501

[Thu Sep 10 21:44:37 2020]
Finished job 62.
135 of 2172 steps (6%) done

[Thu Sep 10 21:44:37 2020]
Job 80: ; Extending peak summits - TF : ZNF250.Hughes_SI0321_ZNF250_GTTTCG_L005+L006.PEAKS990064 - Final length: 501


[Thu Sep 10 21:44:37 2020]
Job 142: ; Extending peak summits - TF : ZNF708.Hughes_SI0419_ZNF708_GCCAAT_L001+L002.PEAKS990060 - Final length: 501


[Thu Sep 10 21:44:37 2020]
Job 141: ; Extending peak summits - TF : ZNF708.Hughes_SI0419_ZNF708_GCCAAT_L001+L002.PEAKS990060 - Final length: 101

[Thu Sep 10 21:44:37 2020]
Finished job 80.
136 of 2172 steps (6%) done
[Thu Sep 10 21:44:37 2020]
Finished job 142.
137 of 2172 steps (6%) done
[Thu Sep 10 21:44:37 2020]
Finished job 141.
138 of 2172 steps (6%) done

[Thu Sep 10 21:44:37 2020]
Job 49: ; Extending peak summits - TF : CHAMP1.CHAMP1ChIP2_IGO_10521_62_S117.PEAKS990028 - Final length: 101

[Thu Sep 10 21:44:37 2020]
Finished job 49.
139 of 2172 steps (6%) done

[Thu Sep 10 21:44:37 2020]
Job 134: ; Extending peak summits - TF : ZNF582.Hughes_SI_327_1in10_CGATGT_L004+L005.PEAKS990093 - Final length: 501

[Thu Sep 10 21:44:37 2020]
Finished job 134.
140 of 2172 steps (6%) done

[Thu Sep 10 21:44:38 2020]
Job 133: ; Extending peak summits - TF : ZNF582.Hughes_SI_327_1in10_CGATGT_L004+L005.PEAKS990093 - Final length: 101

[Thu Sep 10 21:44:38 2020]
Finished job 133.
141 of 2172 steps (6%) done

[Thu Sep 10 21:44:38 2020]
Job 50: ; Extending peak summits - TF : CHAMP1.CHAMP1ChIP2_IGO_10521_62_S117.PEAKS990028 - Final length: 501

[Thu Sep 10 21:44:38 2020]
Finished job 50.
142 of 2172 steps (7%) done

[Thu Sep 10 21:44:38 2020]
Job 197: ; Retrieving FASTA sequences from extended peaks - TF : ZNF384.Hughes_SI0524_ZNF384_ATCACG_L007+L008.PEAKS990087 - Length: 101


[Thu Sep 10 21:44:38 2020]
Job 104: ; Extending peak summits - TF : SNAI1.Hughes_3_SNAI1_FS0170_TTAGGC_L003+L004.PEAKS990057 - Final length: 501

[Thu Sep 10 21:44:38 2020]
Finished job 104.
143 of 2172 steps (7%) done

[Thu Sep 10 21:44:38 2020]
Job 103: ; Extending peak summits - TF : SNAI1.Hughes_3_SNAI1_FS0170_TTAGGC_L003+L004.PEAKS990057 - Final length: 101

[Thu Sep 10 21:44:38 2020]
Finished job 103.
144 of 2172 steps (7%) done

[Thu Sep 10 21:44:38 2020]
Job 198: ; Retrieving FASTA sequences from extended peaks - TF : ZNF384.Hughes_SI0524_ZNF384_ATCACG_L007+L008.PEAKS990087 - Length: 501


[Thu Sep 10 21:44:38 2020]
Job 149: ; Retrieving FASTA sequences from extended peaks - TF : SGSM2.Plate_2_C12_S187.PEAKS990022 - Length: 101


[Thu Sep 10 21:44:38 2020]
Job 150: ; Retrieving FASTA sequences from extended peaks - TF : SGSM2.Plate_2_C12_S187.PEAKS990022 - Length: 501

[Thu Sep 10 21:44:43 2020]
Finished job 150.
145 of 2172 steps (7%) done
[Thu Sep 10 21:44:43 2020]
Finished job 149.
146 of 2172 steps (7%) done

[Thu Sep 10 21:44:43 2020]
Job 219: ; Retrieving FASTA sequences from extended peaks - TF : TIGD3.Plate_2_H4_S128.PEAKS990017 - Length: 101


[Thu Sep 10 21:44:43 2020]
Job 220: ; Retrieving FASTA sequences from extended peaks - TF : TIGD3.Plate_2_H4_S128.PEAKS990017 - Length: 501

[Thu Sep 10 21:44:44 2020]
Finished job 198.
147 of 2172 steps (7%) done
[Thu Sep 10 21:44:44 2020]
Finished job 197.
148 of 2172 steps (7%) done

[Thu Sep 10 21:44:44 2020]
Job 223: ; Retrieving FASTA sequences from extended peaks - TF : ZNF99.Hughes_4A_ZNF99_FS0205_TGACCA_L007+L008.PEAKS990074 - Length: 101


[Thu Sep 10 21:44:45 2020]
Job 224: ; Retrieving FASTA sequences from extended peaks - TF : ZNF99.Hughes_4A_ZNF99_FS0205_TGACCA_L007+L008.PEAKS990074 - Length: 501

[Thu Sep 10 21:44:46 2020]
Finished job 223.
149 of 2172 steps (7%) done
[Thu Sep 10 21:44:46 2020]
Finished job 224.
150 of 2172 steps (7%) done

[Thu Sep 10 21:44:46 2020]
Job 206: ; Retrieving FASTA sequences from extended peaks - TF : ZNF770.Hughes_SI0212_ZNF770_AGTTCC_L002+L003.PEAKS990095 - Length: 501


[Thu Sep 10 21:44:46 2020]
Job 205: ; Retrieving FASTA sequences from extended peaks - TF : ZNF770.Hughes_SI0212_ZNF770_AGTTCC_L002+L003.PEAKS990095 - Length: 101

[Thu Sep 10 21:44:47 2020]
Finished job 219.
151 of 2172 steps (7%) done
[Thu Sep 10 21:44:47 2020]
Finished job 220.
152 of 2172 steps (7%) done

[Thu Sep 10 21:44:47 2020]
Job 204: ; Retrieving FASTA sequences from extended peaks - TF : ZBED9.Plate_1_A11_S81.PEAKS990015 - Length: 501


[Thu Sep 10 21:44:47 2020]
Job 203: ; Retrieving FASTA sequences from extended peaks - TF : ZBED9.Plate_1_A11_S81.PEAKS990015 - Length: 101

[Thu Sep 10 21:44:48 2020]
Finished job 205.
153 of 2172 steps (7%) done
[Thu Sep 10 21:44:48 2020]
Finished job 206.
154 of 2172 steps (7%) done

[Thu Sep 10 21:44:48 2020]
Job 152: ; Retrieving FASTA sequences from extended peaks - TF : ZNF382.Hughes_SI0571_ZNF382_TGACCA_L002.PEAKS990070 - Length: 501


[Thu Sep 10 21:44:48 2020]
Job 151: ; Retrieving FASTA sequences from extended peaks - TF : ZNF382.Hughes_SI0571_ZNF382_TGACCA_L002.PEAKS990070 - Length: 101

[Thu Sep 10 21:44:48 2020]
Finished job 204.
155 of 2172 steps (7%) done
[Thu Sep 10 21:44:48 2020]
Finished job 203.
156 of 2172 steps (7%) done

[Thu Sep 10 21:44:48 2020]
Job 211: ; Retrieving FASTA sequences from extended peaks - TF : SP140L.Plate_1_D1_S4.PEAKS990010 - Length: 101


[Thu Sep 10 21:44:48 2020]
Job 212: ; Retrieving FASTA sequences from extended peaks - TF : SP140L.Plate_1_D1_S4.PEAKS990010 - Length: 501

[Thu Sep 10 21:44:49 2020]
Finished job 151.
157 of 2172 steps (7%) done
[Thu Sep 10 21:44:49 2020]
Finished job 152.
158 of 2172 steps (7%) done

[Thu Sep 10 21:44:49 2020]
Job 225: ; Retrieving FASTA sequences from extended peaks - TF : PHF21A.Plate_2_D4_S124.PEAKS990009 - Length: 101


[Thu Sep 10 21:44:49 2020]
Job 226: ; Retrieving FASTA sequences from extended peaks - TF : PHF21A.Plate_2_D4_S124.PEAKS990009 - Length: 501

[Thu Sep 10 21:44:49 2020]
Finished job 225.
159 of 2172 steps (7%) done
[Thu Sep 10 21:44:49 2020]
Finished job 226.
160 of 2172 steps (7%) done

[Thu Sep 10 21:44:49 2020]
Job 161: ; Retrieving FASTA sequences from extended peaks - TF : ZNF35.Hughes_SI0227_ZNF35_ACAGTG_L006+L007.PEAKS990081 - Length: 101


[Thu Sep 10 21:44:49 2020]
Job 162: ; Retrieving FASTA sequences from extended peaks - TF : ZNF35.Hughes_SI0227_ZNF35_ACAGTG_L006+L007.PEAKS990081 - Length: 501

[Thu Sep 10 21:44:50 2020]
Finished job 161.
161 of 2172 steps (7%) done
[Thu Sep 10 21:44:50 2020]
Finished job 162.
162 of 2172 steps (7%) done

[Thu Sep 10 21:44:50 2020]
Job 148: ; Retrieving FASTA sequences from extended peaks - TF : C11orf95.C11orf95ChIP2_IGO_10521_13_S2.PEAKS990026 - Length: 501


[Thu Sep 10 21:44:50 2020]
Job 147: ; Retrieving FASTA sequences from extended peaks - TF : C11orf95.C11orf95ChIP2_IGO_10521_13_S2.PEAKS990026 - Length: 101

[Thu Sep 10 21:44:50 2020]
Finished job 211.
163 of 2172 steps (8%) done
[Thu Sep 10 21:44:50 2020]
Finished job 212.
164 of 2172 steps (8%) done

[Thu Sep 10 21:44:50 2020]
Job 193: ; Retrieving FASTA sequences from extended peaks - TF : ZNF121.Hughes_SI0218_ZNF121_GTTTCG_L002+L003.PEAKS990082 - Length: 101


[Thu Sep 10 21:44:50 2020]
Job 194: ; Retrieving FASTA sequences from extended peaks - TF : ZNF121.Hughes_SI0218_ZNF121_GTTTCG_L002+L003.PEAKS990082 - Length: 501

[Thu Sep 10 21:44:51 2020]
Finished job 148.
165 of 2172 steps (8%) done
[Thu Sep 10 21:44:51 2020]
Finished job 147.
166 of 2172 steps (8%) done

[Thu Sep 10 21:44:51 2020]
Job 218: ; Retrieving FASTA sequences from extended peaks - TF : ZNF317.Hughes_SI0581_ZNF317_GTGAAA_L002.PEAKS990102 - Length: 501


[Thu Sep 10 21:44:51 2020]
Job 217: ; Retrieving FASTA sequences from extended peaks - TF : ZNF317.Hughes_SI0581_ZNF317_GTGAAA_L002.PEAKS990102 - Length: 101

[Thu Sep 10 21:44:51 2020]
Finished job 193.
167 of 2172 steps (8%) done
[Thu Sep 10 21:44:51 2020]
Finished job 194.
168 of 2172 steps (8%) done

[Thu Sep 10 21:44:51 2020]
Job 178: ; Retrieving FASTA sequences from extended peaks - TF : ZBED5.Plate_1_D3_S20.PEAKS990013 - Length: 501


[Thu Sep 10 21:44:51 2020]
Job 177: ; Retrieving FASTA sequences from extended peaks - TF : ZBED5.Plate_1_D3_S20.PEAKS990013 - Length: 101

[Thu Sep 10 21:44:52 2020]
Finished job 178.
169 of 2172 steps (8%) done
[Thu Sep 10 21:44:52 2020]
Finished job 177.
170 of 2172 steps (8%) done

[Thu Sep 10 21:44:52 2020]
Job 240: ; Retrieving FASTA sequences from extended peaks - TF : GLYR1.Plate_2_G12_S191.PEAKS990004 - Length: 501


[Thu Sep 10 21:44:52 2020]
Job 239: ; Retrieving FASTA sequences from extended peaks - TF : GLYR1.Plate_2_G12_S191.PEAKS990004 - Length: 101

[Thu Sep 10 21:44:52 2020]
Finished job 217.
171 of 2172 steps (8%) done
[Thu Sep 10 21:44:52 2020]
Finished job 218.
172 of 2172 steps (8%) done

[Thu Sep 10 21:44:52 2020]
Job 233: ; Retrieving FASTA sequences from extended peaks - TF : CxxC4.CxxC4ChIP1_IGO_10521_51_S86.PEAKS990029 - Length: 101


[Thu Sep 10 21:44:52 2020]
Job 234: ; Retrieving FASTA sequences from extended peaks - TF : CxxC4.CxxC4ChIP1_IGO_10521_51_S86.PEAKS990029 - Length: 501

[Thu Sep 10 21:44:52 2020]
Finished job 240.
173 of 2172 steps (8%) done
[Thu Sep 10 21:44:52 2020]
Finished job 239.
174 of 2172 steps (8%) done

[Thu Sep 10 21:44:52 2020]
Job 210: ; Retrieving FASTA sequences from extended peaks - TF : ZIM3.Hughes_SI0545_ZIM3_ACAGTG_L004+L005.PEAKS990085 - Length: 501


[Thu Sep 10 21:44:52 2020]
Job 209: ; Retrieving FASTA sequences from extended peaks - TF : ZIM3.Hughes_SI0545_ZIM3_ACAGTG_L004+L005.PEAKS990085 - Length: 101

[Thu Sep 10 21:44:52 2020]
Finished job 233.
175 of 2172 steps (8%) done
[Thu Sep 10 21:44:52 2020]
Finished job 234.
176 of 2172 steps (8%) done

[Thu Sep 10 21:44:52 2020]
Job 186: ; Retrieving FASTA sequences from extended peaks - TF : ZNF146.Hughes_SI0410_ZNF146_GTCCGC_L006+L007.PEAKS990099 - Length: 501


[Thu Sep 10 21:44:52 2020]
Job 185: ; Retrieving FASTA sequences from extended peaks - TF : ZNF146.Hughes_SI0410_ZNF146_GTCCGC_L006+L007.PEAKS990099 - Length: 101

[Thu Sep 10 21:44:53 2020]
Finished job 209.
177 of 2172 steps (8%) done
[Thu Sep 10 21:44:53 2020]
Finished job 210.
178 of 2172 steps (8%) done

[Thu Sep 10 21:44:53 2020]
Job 222: ; Retrieving FASTA sequences from extended peaks - TF : ZBED4.ZBED4ChIP2_IGO_10521_61_S13.PEAKS990042 - Length: 501


[Thu Sep 10 21:44:53 2020]
Job 221: ; Retrieving FASTA sequences from extended peaks - TF : ZBED4.ZBED4ChIP2_IGO_10521_61_S13.PEAKS990042 - Length: 101

[Thu Sep 10 21:44:53 2020]
Finished job 185.
179 of 2172 steps (8%) done
[Thu Sep 10 21:44:53 2020]
Finished job 186.
180 of 2172 steps (8%) done

[Thu Sep 10 21:44:53 2020]
Job 214: ; Retrieving FASTA sequences from extended peaks - TF : ZNF280A.Hughes_SI0576_ZNF280A_AGTCAA_L002.PEAKS990065 - Length: 501


[Thu Sep 10 21:44:53 2020]
Job 213: ; Retrieving FASTA sequences from extended peaks - TF : ZNF280A.Hughes_SI0576_ZNF280A_AGTCAA_L002.PEAKS990065 - Length: 101

[Thu Sep 10 21:44:53 2020]
Finished job 221.
181 of 2172 steps (8%) done
[Thu Sep 10 21:44:53 2020]
Finished job 222.
182 of 2172 steps (8%) done
[Thu Sep 10 21:44:53 2020]
Finished job 213.
183 of 2172 steps (8%) done
[Thu Sep 10 21:44:53 2020]
Finished job 214.
184 of 2172 steps (8%) done

[Thu Sep 10 21:44:53 2020]
Job 156: ; Retrieving FASTA sequences from extended peaks - TF : ZNF490.Hughes_SI0271_ZNF490_AGTTCC_L003+L004.PEAKS990089 - Length: 501


[Thu Sep 10 21:44:53 2020]
Job 155: ; Retrieving FASTA sequences from extended peaks - TF : ZNF490.Hughes_SI0271_ZNF490_AGTTCC_L003+L004.PEAKS990089 - Length: 101


[Thu Sep 10 21:44:53 2020]
Job 207: ; Retrieving FASTA sequences from extended peaks - TF : NACC2.Plate_2_B10_S170.PEAKS990006 - Length: 101


[Thu Sep 10 21:44:53 2020]
Job 208: ; Retrieving FASTA sequences from extended peaks - TF : NACC2.Plate_2_B10_S170.PEAKS990006 - Length: 501

[Thu Sep 10 21:44:53 2020]
Finished job 208.
185 of 2172 steps (9%) done
[Thu Sep 10 21:44:53 2020]
Finished job 207.
186 of 2172 steps (9%) done

[Thu Sep 10 21:44:53 2020]
Job 163: ; Retrieving FASTA sequences from extended peaks - TF : ZNF189.Hughes_S1_189_TTAGGC_L004+L005.PEAKS990059 - Length: 101


[Thu Sep 10 21:44:53 2020]
Job 164: ; Retrieving FASTA sequences from extended peaks - TF : ZNF189.Hughes_S1_189_TTAGGC_L004+L005.PEAKS990059 - Length: 501

[Thu Sep 10 21:44:54 2020]
Finished job 163.
187 of 2172 steps (9%) done
[Thu Sep 10 21:44:54 2020]
Finished job 164.
188 of 2172 steps (9%) done
[Thu Sep 10 21:44:54 2020]
Finished job 155.
189 of 2172 steps (9%) done
[Thu Sep 10 21:44:54 2020]
Finished job 156.
190 of 2172 steps (9%) done

[Thu Sep 10 21:44:54 2020]
Job 228: ; Retrieving FASTA sequences from extended peaks - TF : FBXL19.FBXL19ChIP2_IGO_10521_64_S14.PEAKS990032 - Length: 501


[Thu Sep 10 21:44:54 2020]
Job 227: ; Retrieving FASTA sequences from extended peaks - TF : FBXL19.FBXL19ChIP2_IGO_10521_64_S14.PEAKS990032 - Length: 101


[Thu Sep 10 21:44:54 2020]
Job 171: ; Retrieving FASTA sequences from extended peaks - TF : ZBED2.Plate_1_B8_S58.PEAKS990019 - Length: 101


[Thu Sep 10 21:44:54 2020]
Job 172: ; Retrieving FASTA sequences from extended peaks - TF : ZBED2.Plate_1_B8_S58.PEAKS990019 - Length: 501

[Thu Sep 10 21:44:54 2020]
Finished job 171.
191 of 2172 steps (9%) done
[Thu Sep 10 21:44:54 2020]
Finished job 227.
192 of 2172 steps (9%) done
[Thu Sep 10 21:44:54 2020]
Finished job 172.
193 of 2172 steps (9%) done
[Thu Sep 10 21:44:54 2020]
Finished job 228.
194 of 2172 steps (9%) done

[Thu Sep 10 21:44:54 2020]
Job 159: ; Retrieving FASTA sequences from extended peaks - TF : ZNF8.Hughes_SI0496_ZNF8_GTGGCC_L003+L004.PEAKS990090 - Length: 101


[Thu Sep 10 21:44:54 2020]
Job 160: ; Retrieving FASTA sequences from extended peaks - TF : ZNF8.Hughes_SI0496_ZNF8_GTGGCC_L003+L004.PEAKS990090 - Length: 501


[Thu Sep 10 21:44:54 2020]
Job 196: ; Retrieving FASTA sequences from extended peaks - TF : ZNF18.Hughes_SI0563_ZNF18_ACTGAT_L004+L005.PEAKS990063 - Length: 501


[Thu Sep 10 21:44:54 2020]
Job 195: ; Retrieving FASTA sequences from extended peaks - TF : ZNF18.Hughes_SI0563_ZNF18_ACTGAT_L004+L005.PEAKS990063 - Length: 101

[Thu Sep 10 21:44:54 2020]
Finished job 196.
195 of 2172 steps (9%) done
[Thu Sep 10 21:44:54 2020]
Finished job 195.
196 of 2172 steps (9%) done
[Thu Sep 10 21:44:54 2020]
Finished job 159.
197 of 2172 steps (9%) done
[Thu Sep 10 21:44:54 2020]
Finished job 160.
198 of 2172 steps (9%) done

[Thu Sep 10 21:44:55 2020]
Job 170: ; Retrieving FASTA sequences from extended peaks - TF : JRK.JRKChIP2_IGO_10521_63_S24.PEAKS990034 - Length: 501


[Thu Sep 10 21:44:55 2020]
Job 169: ; Retrieving FASTA sequences from extended peaks - TF : JRK.JRKChIP2_IGO_10521_63_S24.PEAKS990034 - Length: 101

[Thu Sep 10 21:44:55 2020]
Finished job 169.
199 of 2172 steps (9%) done
[Thu Sep 10 21:44:55 2020]
Finished job 170.
200 of 2172 steps (9%) done

[Thu Sep 10 21:44:55 2020]
Job 191: ; Retrieving FASTA sequences from extended peaks - TF : ZNF436.Hughes_SI0433_ZNF436_GTTTCG_L001+L002.PEAKS990088 - Length: 101


[Thu Sep 10 21:44:55 2020]
Job 192: ; Retrieving FASTA sequences from extended peaks - TF : ZNF436.Hughes_SI0433_ZNF436_GTTTCG_L001+L002.PEAKS990088 - Length: 501


[Thu Sep 10 21:44:55 2020]
Job 184: ; Retrieving FASTA sequences from extended peaks - TF : ZNF134.Hughes_SI0427_ZNF134_AGTTCC_L001+L002.PEAKS990084 - Length: 501


[Thu Sep 10 21:44:55 2020]
Job 183: ; Retrieving FASTA sequences from extended peaks - TF : ZNF134.Hughes_SI0427_ZNF134_AGTTCC_L001+L002.PEAKS990084 - Length: 101

[Thu Sep 10 21:44:55 2020]
Finished job 191.
201 of 2172 steps (9%) done
[Thu Sep 10 21:44:55 2020]
Finished job 192.
202 of 2172 steps (9%) done
[Thu Sep 10 21:44:55 2020]
Finished job 184.
203 of 2172 steps (9%) done
[Thu Sep 10 21:44:55 2020]
Finished job 183.
204 of 2172 steps (9%) done

[Thu Sep 10 21:44:55 2020]
Job 153: ; Retrieving FASTA sequences from extended peaks - TF : ZNF140.Hughes_SI_340_GTCCGC_L004+L005.PEAKS990100 - Length: 101


[Thu Sep 10 21:44:55 2020]
Job 154: ; Retrieving FASTA sequences from extended peaks - TF : ZNF140.Hughes_SI_340_GTCCGC_L004+L005.PEAKS990100 - Length: 501


[Thu Sep 10 21:44:55 2020]
Job 168: ; Retrieving FASTA sequences from extended peaks - TF : ZNF260.Hughes_SI0551_ZNF260_GGCTAC_L004+L005.PEAKS990091 - Length: 501


[Thu Sep 10 21:44:55 2020]
Job 167: ; Retrieving FASTA sequences from extended peaks - TF : ZNF260.Hughes_SI0551_ZNF260_GGCTAC_L004+L005.PEAKS990091 - Length: 101

[Thu Sep 10 21:44:56 2020]
Finished job 167.
205 of 2172 steps (9%) done
[Thu Sep 10 21:44:56 2020]
Finished job 168.
206 of 2172 steps (9%) done
[Thu Sep 10 21:44:56 2020]
Finished job 153.
207 of 2172 steps (10%) done
[Thu Sep 10 21:44:56 2020]
Finished job 154.
208 of 2172 steps (10%) done

[Thu Sep 10 21:44:56 2020]
Job 201: ; Retrieving FASTA sequences from extended peaks - TF : ZNF264.Hughes_6_ZNF264_A_Chip_GGCTAC_L001+L002.PEAKS990086 - Length: 101


[Thu Sep 10 21:44:56 2020]
Job 202: ; Retrieving FASTA sequences from extended peaks - TF : ZNF264.Hughes_6_ZNF264_A_Chip_GGCTAC_L001+L002.PEAKS990086 - Length: 501

[Thu Sep 10 21:44:56 2020]
Finished job 202.
209 of 2172 steps (10%) done
[Thu Sep 10 21:44:56 2020]
Finished job 201.
210 of 2172 steps (10%) done

[Thu Sep 10 21:44:56 2020]
Job 181: ; Retrieving FASTA sequences from extended peaks - TF : ZNF322.Hughes_SI0289_ZNF322_TAGCTT_L007+L008.PEAKS990066 - Length: 101


[Thu Sep 10 21:44:56 2020]
Job 182: ; Retrieving FASTA sequences from extended peaks - TF : ZNF322.Hughes_SI0289_ZNF322_TAGCTT_L007+L008.PEAKS990066 - Length: 501


[Thu Sep 10 21:44:56 2020]
Job 180: ; Retrieving FASTA sequences from extended peaks - TF : ZFP28.Hughes_SI_343_1in10_GTTTCG_L004+L005.PEAKS990098 - Length: 501


[Thu Sep 10 21:44:56 2020]
Job 179: ; Retrieving FASTA sequences from extended peaks - TF : ZFP28.Hughes_SI_343_1in10_GTTTCG_L004+L005.PEAKS990098 - Length: 101

[Thu Sep 10 21:44:56 2020]
Finished job 181.
211 of 2172 steps (10%) done
[Thu Sep 10 21:44:56 2020]
Finished job 182.
212 of 2172 steps (10%) done
[Thu Sep 10 21:44:56 2020]
Finished job 179.
213 of 2172 steps (10%) done
[Thu Sep 10 21:44:56 2020]
Finished job 180.
214 of 2172 steps (10%) done

[Thu Sep 10 21:44:56 2020]
Job 173: ; Retrieving FASTA sequences from extended peaks - TF : ZNF30.Hughes_SI0254_ZNF30_AGTTCC_L001+L002.PEAKS990079 - Length: 101


[Thu Sep 10 21:44:56 2020]
Job 174: ; Retrieving FASTA sequences from extended peaks - TF : ZNF30.Hughes_SI0254_ZNF30_AGTTCC_L001+L002.PEAKS990079 - Length: 501


[Thu Sep 10 21:44:57 2020]
Job 231: ; Retrieving FASTA sequences from extended peaks - TF : TIGD7.TIGD7ChIP2_IGO_10521_10_S42.PEAKS990040 - Length: 101


[Thu Sep 10 21:44:57 2020]
Job 232: ; Retrieving FASTA sequences from extended peaks - TF : TIGD7.TIGD7ChIP2_IGO_10521_10_S42.PEAKS990040 - Length: 501

[Thu Sep 10 21:44:57 2020]
Finished job 173.
215 of 2172 steps (10%) done
[Thu Sep 10 21:44:57 2020]
Finished job 231.
216 of 2172 steps (10%) done
[Thu Sep 10 21:44:57 2020]
Finished job 174.
217 of 2172 steps (10%) done
[Thu Sep 10 21:44:57 2020]
Finished job 232.
218 of 2172 steps (10%) done

[Thu Sep 10 21:44:57 2020]
Job 166: ; Retrieving FASTA sequences from extended peaks - TF : ZNF22.Hughes_1_ZNF22_Chip_ATCACG_L001+L002.PEAKS990073 - Length: 501


[Thu Sep 10 21:44:57 2020]
Job 165: ; Retrieving FASTA sequences from extended peaks - TF : ZNF22.Hughes_1_ZNF22_Chip_ATCACG_L001+L002.PEAKS990073 - Length: 101

[Thu Sep 10 21:44:57 2020]
Finished job 165.
219 of 2172 steps (10%) done
[Thu Sep 10 21:44:57 2020]
Finished job 166.
220 of 2172 steps (10%) done

[Thu Sep 10 21:44:57 2020]
Job 235: ; Retrieving FASTA sequences from extended peaks - TF : SETBP1.SETBP1ChIP2_IGO_10521_12_S10.PEAKS990036 - Length: 101


[Thu Sep 10 21:44:57 2020]
Job 236: ; Retrieving FASTA sequences from extended peaks - TF : SETBP1.SETBP1ChIP2_IGO_10521_12_S10.PEAKS990036 - Length: 501


[Thu Sep 10 21:44:57 2020]
Job 190: ; Retrieving FASTA sequences from extended peaks - TF : SP140.SP140ChIP2_IGO_10521_9_S91.PEAKS990038 - Length: 501


[Thu Sep 10 21:44:57 2020]
Job 189: ; Retrieving FASTA sequences from extended peaks - TF : SP140.SP140ChIP2_IGO_10521_9_S91.PEAKS990038 - Length: 101

[Thu Sep 10 21:44:57 2020]
Finished job 235.
221 of 2172 steps (10%) done
[Thu Sep 10 21:44:57 2020]
Finished job 236.
222 of 2172 steps (10%) done
[Thu Sep 10 21:44:57 2020]
Finished job 189.
223 of 2172 steps (10%) done
[Thu Sep 10 21:44:57 2020]
Finished job 190.
224 of 2172 steps (10%) done

[Thu Sep 10 21:44:58 2020]
Job 187: ; Retrieving FASTA sequences from extended peaks - TF : ZFP3.Hughes_10B_ZFP3_FS0244_AGTTCC_L005+L006.PEAKS990062 - Length: 101


[Thu Sep 10 21:44:58 2020]
Job 188: ; Retrieving FASTA sequences from extended peaks - TF : ZFP3.Hughes_10B_ZFP3_FS0244_AGTTCC_L005+L006.PEAKS990062 - Length: 501


[Thu Sep 10 21:44:58 2020]
Job 215: ; Retrieving FASTA sequences from extended peaks - TF : GLI4.Hughes_SI0368_GLI4_AGTTCC_L001+L002.PEAKS990061 - Length: 101


[Thu Sep 10 21:44:58 2020]
Job 216: ; Retrieving FASTA sequences from extended peaks - TF : GLI4.Hughes_SI0368_GLI4_AGTTCC_L001+L002.PEAKS990061 - Length: 501

[Thu Sep 10 21:44:58 2020]
Finished job 188.
225 of 2172 steps (10%) done
[Thu Sep 10 21:44:58 2020]
Finished job 187.
226 of 2172 steps (10%) done
[Thu Sep 10 21:44:58 2020]
Finished job 216.
227 of 2172 steps (10%) done
[Thu Sep 10 21:44:58 2020]
Finished job 215.
228 of 2172 steps (10%) done

[Thu Sep 10 21:44:58 2020]
Job 158: ; Retrieving FASTA sequences from extended peaks - TF : ZNF596.Hughes_SI0474_ZNF596_GTGGCC_L001+L002.PEAKS990094 - Length: 501


[Thu Sep 10 21:44:58 2020]
Job 157: ; Retrieving FASTA sequences from extended peaks - TF : ZNF596.Hughes_SI0474_ZNF596_GTGGCC_L001+L002.PEAKS990094 - Length: 101

[Thu Sep 10 21:44:58 2020]
Finished job 158.
229 of 2172 steps (11%) done
[Thu Sep 10 21:44:58 2020]
Finished job 157.
230 of 2172 steps (11%) done

[Thu Sep 10 21:44:58 2020]
Job 176: ; Retrieving FASTA sequences from extended peaks - TF : ZNF250.Hughes_SI0321_ZNF250_GTTTCG_L005+L006.PEAKS990064 - Length: 501


[Thu Sep 10 21:44:58 2020]
Job 175: ; Retrieving FASTA sequences from extended peaks - TF : ZNF250.Hughes_SI0321_ZNF250_GTTTCG_L005+L006.PEAKS990064 - Length: 101


[Thu Sep 10 21:44:58 2020]
Job 237: ; Retrieving FASTA sequences from extended peaks - TF : ZNF708.Hughes_SI0419_ZNF708_GCCAAT_L001+L002.PEAKS990060 - Length: 101


[Thu Sep 10 21:44:58 2020]
Job 238: ; Retrieving FASTA sequences from extended peaks - TF : ZNF708.Hughes_SI0419_ZNF708_GCCAAT_L001+L002.PEAKS990060 - Length: 501

[Thu Sep 10 21:44:58 2020]
Finished job 175.
231 of 2172 steps (11%) done
[Thu Sep 10 21:44:58 2020]
Finished job 176.
232 of 2172 steps (11%) done
[Thu Sep 10 21:44:58 2020]
Finished job 237.
233 of 2172 steps (11%) done
[Thu Sep 10 21:44:58 2020]
Finished job 238.
234 of 2172 steps (11%) done

[Thu Sep 10 21:44:59 2020]
Job 146: ; Retrieving FASTA sequences from extended peaks - TF : CHAMP1.CHAMP1ChIP2_IGO_10521_62_S117.PEAKS990028 - Length: 501


[Thu Sep 10 21:44:59 2020]
Job 145: ; Retrieving FASTA sequences from extended peaks - TF : CHAMP1.CHAMP1ChIP2_IGO_10521_62_S117.PEAKS990028 - Length: 101


[Thu Sep 10 21:44:59 2020]
Job 229: ; Retrieving FASTA sequences from extended peaks - TF : ZNF582.Hughes_SI_327_1in10_CGATGT_L004+L005.PEAKS990093 - Length: 101


[Thu Sep 10 21:44:59 2020]
Job 230: ; Retrieving FASTA sequences from extended peaks - TF : ZNF582.Hughes_SI_327_1in10_CGATGT_L004+L005.PEAKS990093 - Length: 501

[Thu Sep 10 21:44:59 2020]
Finished job 146.
235 of 2172 steps (11%) done
[Thu Sep 10 21:44:59 2020]
Finished job 229.
236 of 2172 steps (11%) done
[Thu Sep 10 21:44:59 2020]
Finished job 145.
237 of 2172 steps (11%) done
[Thu Sep 10 21:44:59 2020]
Finished job 230.
238 of 2172 steps (11%) done

[Thu Sep 10 21:44:59 2020]
Job 199: ; Retrieving FASTA sequences from extended peaks - TF : SNAI1.Hughes_3_SNAI1_FS0170_TTAGGC_L003+L004.PEAKS990057 - Length: 101


[Thu Sep 10 21:44:59 2020]
Job 200: ; Retrieving FASTA sequences from extended peaks - TF : SNAI1.Hughes_3_SNAI1_FS0170_TTAGGC_L003+L004.PEAKS990057 - Length: 501

[Thu Sep 10 21:44:59 2020]
Finished job 199.
239 of 2172 steps (11%) done
[Thu Sep 10 21:44:59 2020]
Finished job 200.
240 of 2172 steps (11%) done

[Thu Sep 10 21:44:59 2020]
Job 267: ; Running RSAT peak-motifs - TF : ZNF384.Hughes_SI0524_ZNF384_ATCACG_L007+L008.PEAKS990087 


[Thu Sep 10 21:44:59 2020]
Job 243: ; Running RSAT peak-motifs - TF : SGSM2.Plate_2_C12_S187.PEAKS990022 


[Thu Sep 10 21:44:59 2020]
Job 278: ; Running RSAT peak-motifs - TF : TIGD3.Plate_2_H4_S128.PEAKS990017 


[Thu Sep 10 21:44:59 2020]
Job 280: ; Running RSAT peak-motifs - TF : ZNF99.Hughes_4A_ZNF99_FS0205_TGACCA_L007+L008.PEAKS990074 

[Fri Sep 11 07:30:34 2020]
Finished job 278.
241 of 2172 steps (11%) done

[Fri Sep 11 07:30:35 2020]
Job 271: ; Running RSAT peak-motifs - TF : ZNF770.Hughes_SI0212_ZNF770_AGTTCC_L002+L003.PEAKS990095 

[Fri Sep 11 08:00:28 2020]
Finished job 243.
242 of 2172 steps (11%) done

[Fri Sep 11 08:00:28 2020]
Job 270: ; Running RSAT peak-motifs - TF : ZBED9.Plate_1_A11_S81.PEAKS990015 

[Fri Sep 11 08:06:24 2020]
Finished job 270.
243 of 2172 steps (11%) done

[Fri Sep 11 08:06:24 2020]
Job 274: ; Running RSAT peak-motifs - TF : SP140L.Plate_1_D1_S4.PEAKS990010 

[Fri Sep 11 08:07:36 2020]
Finished job 271.
244 of 2172 steps (11%) done

[Fri Sep 11 08:07:36 2020]
Job 244: ; Running RSAT peak-motifs - TF : ZNF382.Hughes_SI0571_ZNF382_TGACCA_L002.PEAKS990070 

[Fri Sep 11 08:12:14 2020]
Finished job 274.
245 of 2172 steps (11%) done

[Fri Sep 11 08:12:14 2020]
Job 281: ; Running RSAT peak-motifs - TF : PHF21A.Plate_2_D4_S124.PEAKS990009 

[Fri Sep 11 08:12:19 2020]
Finished job 244.
246 of 2172 steps (11%) done

[Fri Sep 11 08:12:19 2020]
Job 249: ; Running RSAT peak-motifs - TF : ZNF35.Hughes_SI0227_ZNF35_ACAGTG_L006+L007.PEAKS990081 

[Fri Sep 11 08:12:28 2020]
Finished job 280.
247 of 2172 steps (11%) done

[Fri Sep 11 08:12:28 2020]
Job 242: ; Running RSAT peak-motifs - TF : C11orf95.C11orf95ChIP2_IGO_10521_13_S2.PEAKS990026 

[Fri Sep 11 08:17:08 2020]
Finished job 249.
248 of 2172 steps (11%) done

[Fri Sep 11 08:17:08 2020]
Job 265: ; Running RSAT peak-motifs - TF : ZNF121.Hughes_SI0218_ZNF121_GTTTCG_L002+L003.PEAKS990082 

[Fri Sep 11 08:17:23 2020]
Finished job 242.
249 of 2172 steps (11%) done

[Fri Sep 11 08:17:23 2020]
Job 277: ; Running RSAT peak-motifs - TF : ZNF317.Hughes_SI0581_ZNF317_GTGAAA_L002.PEAKS990102 

[Fri Sep 11 08:18:53 2020]
Finished job 281.
250 of 2172 steps (12%) done

[Fri Sep 11 08:18:53 2020]
Job 257: ; Running RSAT peak-motifs - TF : ZBED5.Plate_1_D3_S20.PEAKS990013 

[Fri Sep 11 08:21:51 2020]
Finished job 257.
251 of 2172 steps (12%) done

[Fri Sep 11 08:21:51 2020]
Job 288: ; Running RSAT peak-motifs - TF : GLYR1.Plate_2_G12_S191.PEAKS990004 

[Fri Sep 11 08:22:05 2020]
Finished job 277.
252 of 2172 steps (12%) done

[Fri Sep 11 08:22:06 2020]
Job 285: ; Running RSAT peak-motifs - TF : CxxC4.CxxC4ChIP1_IGO_10521_51_S86.PEAKS990029 

[Fri Sep 11 08:22:39 2020]
Finished job 265.
253 of 2172 steps (12%) done

[Fri Sep 11 08:22:39 2020]
Job 273: ; Running RSAT peak-motifs - TF : ZIM3.Hughes_SI0545_ZIM3_ACAGTG_L004+L005.PEAKS990085 

[Fri Sep 11 08:26:15 2020]
Finished job 285.
254 of 2172 steps (12%) done

[Fri Sep 11 08:26:15 2020]
Job 261: ; Running RSAT peak-motifs - TF : ZNF146.Hughes_SI0410_ZNF146_GTCCGC_L006+L007.PEAKS990099 

[Fri Sep 11 08:28:39 2020]
Finished job 288.
255 of 2172 steps (12%) done

[Fri Sep 11 08:28:39 2020]
Job 279: ; Running RSAT peak-motifs - TF : ZBED4.ZBED4ChIP2_IGO_10521_61_S13.PEAKS990042 

[Fri Sep 11 08:29:01 2020]
Finished job 273.
256 of 2172 steps (12%) done

[Fri Sep 11 08:29:01 2020]
Job 275: ; Running RSAT peak-motifs - TF : ZNF280A.Hughes_SI0576_ZNF280A_AGTCAA_L002.PEAKS990065 

[Fri Sep 11 08:30:55 2020]
Finished job 261.
257 of 2172 steps (12%) done

[Fri Sep 11 08:30:55 2020]
Job 246: ; Running RSAT peak-motifs - TF : ZNF490.Hughes_SI0271_ZNF490_AGTTCC_L003+L004.PEAKS990089 

[Fri Sep 11 08:33:52 2020]
Finished job 275.
258 of 2172 steps (12%) done

[Fri Sep 11 08:33:52 2020]
Job 272: ; Running RSAT peak-motifs - TF : NACC2.Plate_2_B10_S170.PEAKS990006 

[Fri Sep 11 08:34:20 2020]
Finished job 246.
259 of 2172 steps (12%) done

[Fri Sep 11 08:34:20 2020]
Job 250: ; Running RSAT peak-motifs - TF : ZNF189.Hughes_S1_189_TTAGGC_L004+L005.PEAKS990059 

[Fri Sep 11 08:34:25 2020]
Finished job 279.
260 of 2172 steps (12%) done

[Fri Sep 11 08:34:25 2020]
Job 282: ; Running RSAT peak-motifs - TF : FBXL19.FBXL19ChIP2_IGO_10521_64_S14.PEAKS990032 

[Fri Sep 11 08:36:47 2020]
Finished job 272.
261 of 2172 steps (12%) done

[Fri Sep 11 08:36:47 2020]
Job 254: ; Running RSAT peak-motifs - TF : ZBED2.Plate_1_B8_S58.PEAKS990019 

[Fri Sep 11 08:38:00 2020]
Finished job 250.
262 of 2172 steps (12%) done

[Fri Sep 11 08:38:00 2020]
Job 266: ; Running RSAT peak-motifs - TF : ZNF18.Hughes_SI0563_ZNF18_ACTGAT_L004+L005.PEAKS990063 

[Fri Sep 11 08:38:07 2020]
Finished job 282.
263 of 2172 steps (12%) done

[Fri Sep 11 08:38:07 2020]
Job 248: ; Running RSAT peak-motifs - TF : ZNF8.Hughes_SI0496_ZNF8_GTGGCC_L003+L004.PEAKS990090 

[Fri Sep 11 08:42:06 2020]
Finished job 254.
264 of 2172 steps (12%) done

[Fri Sep 11 08:42:06 2020]
Job 253: ; Running RSAT peak-motifs - TF : JRK.JRKChIP2_IGO_10521_63_S24.PEAKS990034 

[Fri Sep 11 08:43:06 2020]
Finished job 248.
265 of 2172 steps (12%) done

[Fri Sep 11 08:43:06 2020]
Job 264: ; Running RSAT peak-motifs - TF : ZNF436.Hughes_SI0433_ZNF436_GTTTCG_L001+L002.PEAKS990088 

[Fri Sep 11 08:43:40 2020]
Finished job 266.
266 of 2172 steps (12%) done

[Fri Sep 11 08:43:40 2020]
Job 260: ; Running RSAT peak-motifs - TF : ZNF134.Hughes_SI0427_ZNF134_AGTTCC_L001+L002.PEAKS990084 

[Fri Sep 11 08:44:38 2020]
Finished job 253.
267 of 2172 steps (12%) done

[Fri Sep 11 08:44:38 2020]
Job 245: ; Running RSAT peak-motifs - TF : ZNF140.Hughes_SI_340_GTCCGC_L004+L005.PEAKS990100 

[Fri Sep 11 08:46:10 2020]
Finished job 264.
268 of 2172 steps (12%) done

[Fri Sep 11 08:46:10 2020]
Job 252: ; Running RSAT peak-motifs - TF : ZNF260.Hughes_SI0551_ZNF260_GGCTAC_L004+L005.PEAKS990091 

[Fri Sep 11 08:47:58 2020]
Finished job 260.
269 of 2172 steps (12%) done

[Fri Sep 11 08:47:58 2020]
Job 269: ; Running RSAT peak-motifs - TF : ZNF264.Hughes_6_ZNF264_A_Chip_GGCTAC_L001+L002.PEAKS990086 

[Fri Sep 11 08:48:07 2020]
Finished job 245.
270 of 2172 steps (12%) done

[Fri Sep 11 08:48:07 2020]
Job 259: ; Running RSAT peak-motifs - TF : ZNF322.Hughes_SI0289_ZNF322_TAGCTT_L007+L008.PEAKS990066 

[Fri Sep 11 08:50:23 2020]
Finished job 252.
271 of 2172 steps (12%) done

[Fri Sep 11 08:50:23 2020]
Job 258: ; Running RSAT peak-motifs - TF : ZFP28.Hughes_SI_343_1in10_GTTTCG_L004+L005.PEAKS990098 

[Fri Sep 11 08:52:42 2020]
Finished job 267.
272 of 2172 steps (13%) done

[Fri Sep 11 08:52:42 2020]
Job 255: ; Running RSAT peak-motifs - TF : ZNF30.Hughes_SI0254_ZNF30_AGTTCC_L001+L002.PEAKS990079 

[Fri Sep 11 08:52:53 2020]
Finished job 269.
273 of 2172 steps (13%) done

[Fri Sep 11 08:52:53 2020]
Job 284: ; Running RSAT peak-motifs - TF : TIGD7.TIGD7ChIP2_IGO_10521_10_S42.PEAKS990040 

[Fri Sep 11 08:53:28 2020]
Finished job 259.
274 of 2172 steps (13%) done

[Fri Sep 11 08:53:28 2020]
Job 251: ; Running RSAT peak-motifs - TF : ZNF22.Hughes_1_ZNF22_Chip_ATCACG_L001+L002.PEAKS990073 

[Fri Sep 11 08:53:45 2020]
Finished job 258.
275 of 2172 steps (13%) done

[Fri Sep 11 08:53:45 2020]
Job 286: ; Running RSAT peak-motifs - TF : SETBP1.SETBP1ChIP2_IGO_10521_12_S10.PEAKS990036 

[Fri Sep 11 08:55:16 2020]
Finished job 284.
276 of 2172 steps (13%) done

[Fri Sep 11 08:55:16 2020]
Job 263: ; Running RSAT peak-motifs - TF : SP140.SP140ChIP2_IGO_10521_9_S91.PEAKS990038 

[Fri Sep 11 08:58:36 2020]
Finished job 286.
277 of 2172 steps (13%) done

[Fri Sep 11 08:58:36 2020]
Job 262: ; Running RSAT peak-motifs - TF : ZFP3.Hughes_10B_ZFP3_FS0244_AGTTCC_L005+L006.PEAKS990062 

[Fri Sep 11 08:58:50 2020]
Finished job 263.
278 of 2172 steps (13%) done

[Fri Sep 11 08:58:50 2020]
Job 276: ; Running RSAT peak-motifs - TF : GLI4.Hughes_SI0368_GLI4_AGTTCC_L001+L002.PEAKS990061 

[Fri Sep 11 09:00:10 2020]
Finished job 251.
279 of 2172 steps (13%) done

[Fri Sep 11 09:00:10 2020]
Job 247: ; Running RSAT peak-motifs - TF : ZNF596.Hughes_SI0474_ZNF596_GTGGCC_L001+L002.PEAKS990094 

[Fri Sep 11 09:02:16 2020]
Finished job 255.
280 of 2172 steps (13%) done

[Fri Sep 11 09:02:16 2020]
Job 256: ; Running RSAT peak-motifs - TF : ZNF250.Hughes_SI0321_ZNF250_GTTTCG_L005+L006.PEAKS990064 

[Fri Sep 11 09:02:47 2020]
Finished job 247.
281 of 2172 steps (13%) done

[Fri Sep 11 09:02:47 2020]
Job 287: ; Running RSAT peak-motifs - TF : ZNF708.Hughes_SI0419_ZNF708_GCCAAT_L001+L002.PEAKS990060 

[Fri Sep 11 09:03:30 2020]
Finished job 276.
282 of 2172 steps (13%) done

[Fri Sep 11 09:03:30 2020]
Job 241: ; Running RSAT peak-motifs - TF : CHAMP1.CHAMP1ChIP2_IGO_10521_62_S117.PEAKS990028 

[Fri Sep 11 09:04:42 2020]
Finished job 262.
283 of 2172 steps (13%) done

[Fri Sep 11 09:04:42 2020]
Job 283: ; Running RSAT peak-motifs - TF : ZNF582.Hughes_SI_327_1in10_CGATGT_L004+L005.PEAKS990093 

[Fri Sep 11 09:06:43 2020]
Finished job 256.
284 of 2172 steps (13%) done

[Fri Sep 11 09:06:43 2020]
Job 268: ; Running RSAT peak-motifs - TF : SNAI1.Hughes_3_SNAI1_FS0170_TTAGGC_L003+L004.PEAKS990057 

[Fri Sep 11 09:08:29 2020]
Finished job 241.
285 of 2172 steps (13%) done

[Fri Sep 11 09:08:29 2020]
Job 315: ; Converting RSAT motifs (tf format) to JASPAR format - TF : ZNF384.Hughes_SI0524_ZNF384_ATCACG_L007+L008.PEAKS990087 

[Fri Sep 11 09:08:30 2020]
Finished job 315.
286 of 2172 steps (13%) done

[Fri Sep 11 09:08:30 2020]
Job 319: ; Converting RSAT motifs (tf format) to JASPAR format - TF : ZNF770.Hughes_SI0212_ZNF770_AGTTCC_L002+L003.PEAKS990095 

[Fri Sep 11 09:08:31 2020]
Finished job 319.
287 of 2172 steps (13%) done

[Fri Sep 11 09:08:31 2020]
Job 291: ; Converting RSAT motifs (tf format) to JASPAR format - TF : SGSM2.Plate_2_C12_S187.PEAKS990022 

[Fri Sep 11 09:08:33 2020]
Finished job 291.
288 of 2172 steps (13%) done

[Fri Sep 11 09:08:33 2020]
Job 318: ; Converting RSAT motifs (tf format) to JASPAR format - TF : ZBED9.Plate_1_A11_S81.PEAKS990015 

[Fri Sep 11 09:08:33 2020]
Finished job 318.
289 of 2172 steps (13%) done

[Fri Sep 11 09:08:33 2020]
Job 326: ; Converting RSAT motifs (tf format) to JASPAR format - TF : TIGD3.Plate_2_H4_S128.PEAKS990017 

[Fri Sep 11 09:08:34 2020]
Finished job 326.
290 of 2172 steps (13%) done

[Fri Sep 11 09:08:34 2020]
Job 313: ; Converting RSAT motifs (tf format) to JASPAR format - TF : ZNF121.Hughes_SI0218_ZNF121_GTTTCG_L002+L003.PEAKS990082 

[Fri Sep 11 09:08:35 2020]
Finished job 313.
291 of 2172 steps (13%) done

[Fri Sep 11 09:08:35 2020]
Job 329: ; Converting RSAT motifs (tf format) to JASPAR format - TF : PHF21A.Plate_2_D4_S124.PEAKS990009 

[Fri Sep 11 09:08:36 2020]
Finished job 329.
292 of 2172 steps (13%) done

[Fri Sep 11 09:08:36 2020]
Job 328: ; Converting RSAT motifs (tf format) to JASPAR format - TF : ZNF99.Hughes_4A_ZNF99_FS0205_TGACCA_L007+L008.PEAKS990074 

[Fri Sep 11 09:08:36 2020]
Finished job 328.
293 of 2172 steps (13%) done

[Fri Sep 11 09:08:36 2020]
Job 336: ; Converting RSAT motifs (tf format) to JASPAR format - TF : GLYR1.Plate_2_G12_S191.PEAKS990004 

[Fri Sep 11 09:08:37 2020]
Finished job 336.
294 of 2172 steps (14%) done

[Fri Sep 11 09:08:37 2020]
Job 292: ; Converting RSAT motifs (tf format) to JASPAR format - TF : ZNF382.Hughes_SI0571_ZNF382_TGACCA_L002.PEAKS990070 

[Fri Sep 11 09:08:38 2020]
Finished job 292.
295 of 2172 steps (14%) done

[Fri Sep 11 09:08:38 2020]
Job 322: ; Converting RSAT motifs (tf format) to JASPAR format - TF : SP140L.Plate_1_D1_S4.PEAKS990010 

[Fri Sep 11 09:08:38 2020]
Finished job 322.
296 of 2172 steps (14%) done

[Fri Sep 11 09:08:38 2020]
Job 297: ; Converting RSAT motifs (tf format) to JASPAR format - TF : ZNF35.Hughes_SI0227_ZNF35_ACAGTG_L006+L007.PEAKS990081 

[Fri Sep 11 09:08:39 2020]
Finished job 297.
297 of 2172 steps (14%) done

[Fri Sep 11 09:08:39 2020]
Job 290: ; Converting RSAT motifs (tf format) to JASPAR format - TF : C11orf95.C11orf95ChIP2_IGO_10521_13_S2.PEAKS990026 

[Fri Sep 11 09:08:39 2020]
Finished job 290.
298 of 2172 steps (14%) done

[Fri Sep 11 09:08:39 2020]
Job 309: ; Converting RSAT motifs (tf format) to JASPAR format - TF : ZNF146.Hughes_SI0410_ZNF146_GTCCGC_L006+L007.PEAKS990099 

[Fri Sep 11 09:08:40 2020]
Finished job 309.
299 of 2172 steps (14%) done

[Fri Sep 11 09:08:40 2020]
Job 325: ; Converting RSAT motifs (tf format) to JASPAR format - TF : ZNF317.Hughes_SI0581_ZNF317_GTGAAA_L002.PEAKS990102 

[Fri Sep 11 09:08:41 2020]
Finished job 325.
300 of 2172 steps (14%) done

[Fri Sep 11 09:08:41 2020]
Job 333: ; Converting RSAT motifs (tf format) to JASPAR format - TF : CxxC4.CxxC4ChIP1_IGO_10521_51_S86.PEAKS990029 

[Fri Sep 11 09:08:41 2020]
Finished job 333.
301 of 2172 steps (14%) done

[Fri Sep 11 09:08:41 2020]
Job 321: ; Converting RSAT motifs (tf format) to JASPAR format - TF : ZIM3.Hughes_SI0545_ZIM3_ACAGTG_L004+L005.PEAKS990085 

[Fri Sep 11 09:08:42 2020]
Finished job 321.
302 of 2172 steps (14%) done

[Fri Sep 11 09:08:42 2020]
Job 314: ; Converting RSAT motifs (tf format) to JASPAR format - TF : ZNF18.Hughes_SI0563_ZNF18_ACTGAT_L004+L005.PEAKS990063 

[Fri Sep 11 09:08:42 2020]
Finished job 314.
303 of 2172 steps (14%) done

[Fri Sep 11 09:08:42 2020]
Job 294: ; Converting RSAT motifs (tf format) to JASPAR format - TF : ZNF490.Hughes_SI0271_ZNF490_AGTTCC_L003+L004.PEAKS990089 

[Fri Sep 11 09:08:43 2020]
Finished job 294.
304 of 2172 steps (14%) done

[Fri Sep 11 09:08:43 2020]
Job 300: ; Converting RSAT motifs (tf format) to JASPAR format - TF : ZNF260.Hughes_SI0551_ZNF260_GGCTAC_L004+L005.PEAKS990091 

[Fri Sep 11 09:08:43 2020]
Finished job 300.
305 of 2172 steps (14%) done

[Fri Sep 11 09:08:43 2020]
Job 296: ; Converting RSAT motifs (tf format) to JASPAR format - TF : ZNF8.Hughes_SI0496_ZNF8_GTGGCC_L003+L004.PEAKS990090 

[Fri Sep 11 09:08:43 2020]
Finished job 296.
306 of 2172 steps (14%) done

[Fri Sep 11 09:08:43 2020]
Job 323: ; Converting RSAT motifs (tf format) to JASPAR format - TF : ZNF280A.Hughes_SI0576_ZNF280A_AGTCAA_L002.PEAKS990065 

[Fri Sep 11 09:08:44 2020]
Finished job 323.
307 of 2172 steps (14%) done

[Fri Sep 11 09:08:44 2020]
Job 320: ; Converting RSAT motifs (tf format) to JASPAR format - TF : NACC2.Plate_2_B10_S170.PEAKS990006 

[Fri Sep 11 09:08:44 2020]
Finished job 320.
308 of 2172 steps (14%) done

[Fri Sep 11 09:08:44 2020]
Job 302: ; Converting RSAT motifs (tf format) to JASPAR format - TF : ZBED2.Plate_1_B8_S58.PEAKS990019 

[Fri Sep 11 09:08:45 2020]
Finished job 302.
309 of 2172 steps (14%) done

[Fri Sep 11 09:08:45 2020]
Job 312: ; Converting RSAT motifs (tf format) to JASPAR format - TF : ZNF436.Hughes_SI0433_ZNF436_GTTTCG_L001+L002.PEAKS990088 

[Fri Sep 11 09:08:45 2020]
Finished job 312.
310 of 2172 steps (14%) done

[Fri Sep 11 09:08:45 2020]
Job 327: ; Converting RSAT motifs (tf format) to JASPAR format - TF : ZBED4.ZBED4ChIP2_IGO_10521_61_S13.PEAKS990042 

[Fri Sep 11 09:08:46 2020]
Finished job 327.
311 of 2172 steps (14%) done

[Fri Sep 11 09:08:46 2020]
Job 330: ; Converting RSAT motifs (tf format) to JASPAR format - TF : FBXL19.FBXL19ChIP2_IGO_10521_64_S14.PEAKS990032 

[Fri Sep 11 09:08:46 2020]
Finished job 268.
312 of 2172 steps (14%) done

[Fri Sep 11 09:08:46 2020]
Job 304: ; Converting RSAT motifs (tf format) to JASPAR format - TF : ZNF250.Hughes_SI0321_ZNF250_GTTTCG_L005+L006.PEAKS990064 

[Fri Sep 11 09:08:46 2020]
Finished job 330.
313 of 2172 steps (14%) done

[Fri Sep 11 09:08:46 2020]
Job 305: ; Converting RSAT motifs (tf format) to JASPAR format - TF : ZBED5.Plate_1_D3_S20.PEAKS990013 

[Fri Sep 11 09:08:46 2020]
Finished job 304.
314 of 2172 steps (14%) done

[Fri Sep 11 09:08:46 2020]
Job 306: ; Converting RSAT motifs (tf format) to JASPAR format - TF : ZFP28.Hughes_SI_343_1in10_GTTTCG_L004+L005.PEAKS990098 

[Fri Sep 11 09:08:47 2020]
Finished job 305.
315 of 2172 steps (15%) done

[Fri Sep 11 09:08:47 2020]
Job 293: ; Converting RSAT motifs (tf format) to JASPAR format - TF : ZNF140.Hughes_SI_340_GTCCGC_L004+L005.PEAKS990100 

[Fri Sep 11 09:08:47 2020]
Finished job 306.
316 of 2172 steps (15%) done

[Fri Sep 11 09:08:47 2020]
Job 298: ; Converting RSAT motifs (tf format) to JASPAR format - TF : ZNF189.Hughes_S1_189_TTAGGC_L004+L005.PEAKS990059 

[Fri Sep 11 09:08:47 2020]
Finished job 293.
317 of 2172 steps (15%) done

[Fri Sep 11 09:08:47 2020]
Job 295: ; Converting RSAT motifs (tf format) to JASPAR format - TF : ZNF596.Hughes_SI0474_ZNF596_GTGGCC_L001+L002.PEAKS990094 

[Fri Sep 11 09:08:47 2020]
Finished job 298.
318 of 2172 steps (15%) done

[Fri Sep 11 09:08:47 2020]
Job 311: ; Converting RSAT motifs (tf format) to JASPAR format - TF : SP140.SP140ChIP2_IGO_10521_9_S91.PEAKS990038 

[Fri Sep 11 09:08:47 2020]
Finished job 295.
319 of 2172 steps (15%) done

[Fri Sep 11 09:08:47 2020]
Job 307: ; Converting RSAT motifs (tf format) to JASPAR format - TF : ZNF322.Hughes_SI0289_ZNF322_TAGCTT_L007+L008.PEAKS990066 

[Fri Sep 11 09:08:48 2020]
Finished job 311.
320 of 2172 steps (15%) done

[Fri Sep 11 09:08:48 2020]
Job 317: ; Converting RSAT motifs (tf format) to JASPAR format - TF : ZNF264.Hughes_6_ZNF264_A_Chip_GGCTAC_L001+L002.PEAKS990086 

[Fri Sep 11 09:08:48 2020]
Finished job 307.
321 of 2172 steps (15%) done

[Fri Sep 11 09:08:48 2020]
Job 308: ; Converting RSAT motifs (tf format) to JASPAR format - TF : ZNF134.Hughes_SI0427_ZNF134_AGTTCC_L001+L002.PEAKS990084 

[Fri Sep 11 09:08:48 2020]
Finished job 317.
322 of 2172 steps (15%) done

[Fri Sep 11 09:08:48 2020]
Job 324: ; Converting RSAT motifs (tf format) to JASPAR format - TF : GLI4.Hughes_SI0368_GLI4_AGTTCC_L001+L002.PEAKS990061 

[Fri Sep 11 09:08:48 2020]
Finished job 308.
323 of 2172 steps (15%) done

[Fri Sep 11 09:08:48 2020]
Job 299: ; Converting RSAT motifs (tf format) to JASPAR format - TF : ZNF22.Hughes_1_ZNF22_Chip_ATCACG_L001+L002.PEAKS990073 

[Fri Sep 11 09:08:49 2020]
Finished job 324.
324 of 2172 steps (15%) done

[Fri Sep 11 09:08:49 2020]
Job 310: ; Converting RSAT motifs (tf format) to JASPAR format - TF : ZFP3.Hughes_10B_ZFP3_FS0244_AGTTCC_L005+L006.PEAKS990062 

[Fri Sep 11 09:08:49 2020]
Finished job 299.
325 of 2172 steps (15%) done

[Fri Sep 11 09:08:49 2020]
Job 303: ; Converting RSAT motifs (tf format) to JASPAR format - TF : ZNF30.Hughes_SI0254_ZNF30_AGTTCC_L001+L002.PEAKS990079 

[Fri Sep 11 09:08:49 2020]
Finished job 310.
326 of 2172 steps (15%) done

[Fri Sep 11 09:08:49 2020]
Job 334: ; Converting RSAT motifs (tf format) to JASPAR format - TF : SETBP1.SETBP1ChIP2_IGO_10521_12_S10.PEAKS990036 

[Fri Sep 11 09:08:49 2020]
Finished job 303.
327 of 2172 steps (15%) done

[Fri Sep 11 09:08:49 2020]
Job 289: ; Converting RSAT motifs (tf format) to JASPAR format - TF : CHAMP1.CHAMP1ChIP2_IGO_10521_62_S117.PEAKS990028 

[Fri Sep 11 09:08:49 2020]
Finished job 334.
328 of 2172 steps (15%) done

[Fri Sep 11 09:08:49 2020]
Job 301: ; Converting RSAT motifs (tf format) to JASPAR format - TF : JRK.JRKChIP2_IGO_10521_63_S24.PEAKS990034 

[Fri Sep 11 09:08:50 2020]
Finished job 289.
329 of 2172 steps (15%) done

[Fri Sep 11 09:08:50 2020]
Job 332: ; Converting RSAT motifs (tf format) to JASPAR format - TF : TIGD7.TIGD7ChIP2_IGO_10521_10_S42.PEAKS990040 

[Fri Sep 11 09:08:50 2020]
Finished job 301.
330 of 2172 steps (15%) done

[Fri Sep 11 09:08:50 2020]
Job 316: ; Converting RSAT motifs (tf format) to JASPAR format - TF : SNAI1.Hughes_3_SNAI1_FS0170_TTAGGC_L003+L004.PEAKS990057 

[Fri Sep 11 09:08:50 2020]
Finished job 332.
331 of 2172 steps (15%) done

[Fri Sep 11 09:08:50 2020]
Job 1036: ; Generating PWM from JASPAR matrices - TF : ZNF250.Hughes_SI0321_ZNF250_GTTTCG_L005+L006.PEAKS990064 

[Fri Sep 11 09:08:50 2020]
Finished job 316.
332 of 2172 steps (15%) done

[Fri Sep 11 09:08:50 2020]
Job 1087: ; Generating PWM from JASPAR matrices - TF : ZNF384.Hughes_SI0524_ZNF384_ATCACG_L007+L008.PEAKS990087 

[Fri Sep 11 09:08:50 2020]
Error in rule JASPAR_PSSM_to_PWM:
    jobid: 1036
    output: /Users/ofornes/GitHub/JASPAR-Motif-Discovery/GRECO-BIT/output/ZNF250.Hughes_SI0321_ZNF250_GTTTCG_L005+L006.PEAKS990064/motifs/jaspar/pwm/ZNF250.Hughes_SI0321_ZNF250_GTTTCG_L005+L006.PEAKS990064_peak-motifs_m6dyads_m2.jaspar.pssm
    shell:
        
        perl /Users/ofornes/GitHub/JASPAR-Motif-Discovery/bin/PCM_to_PWM.pl         -f /Users/ofornes/GitHub/JASPAR-Motif-Discovery/GRECO-BIT/output/ZNF250.Hughes_SI0321_ZNF250_GTTTCG_L005+L006.PEAKS990064/motifs/jaspar/pfm/ZNF250.Hughes_SI0321_ZNF250_GTTTCG_L005+L006.PEAKS990064_peak-motifs_m6dyads_m2.jaspar > /Users/ofornes/GitHub/JASPAR-Motif-Discovery/GRECO-BIT/output/ZNF250.Hughes_SI0321_ZNF250_GTTTCG_L005+L006.PEAKS990064/motifs/jaspar/pwm/ZNF250.Hughes_SI0321_ZNF250_GTTTCG_L005+L006.PEAKS990064_peak-motifs_m6dyads_m2.jaspar.pssm
        
        (exited with non-zero exit code)

Removing output files of failed job JASPAR_PSSM_to_PWM since they might be corrupted:
/Users/ofornes/GitHub/JASPAR-Motif-Discovery/GRECO-BIT/output/ZNF250.Hughes_SI0321_ZNF250_GTTTCG_L005+L006.PEAKS990064/motifs/jaspar/pwm/ZNF250.Hughes_SI0321_ZNF250_GTTTCG_L005+L006.PEAKS990064_peak-motifs_m6dyads_m2.jaspar.pssm
[Fri Sep 11 09:08:50 2020]
Error in rule JASPAR_PSSM_to_PWM:
    jobid: 1087
    output: /Users/ofornes/GitHub/JASPAR-Motif-Discovery/GRECO-BIT/output/ZNF384.Hughes_SI0524_ZNF384_ATCACG_L007+L008.PEAKS990087/motifs/jaspar/pwm/ZNF384.Hughes_SI0524_ZNF384_ATCACG_L007+L008.PEAKS990087_peak-motifs_m5dyads_m1.jaspar.pssm
    shell:
        
        perl /Users/ofornes/GitHub/JASPAR-Motif-Discovery/bin/PCM_to_PWM.pl         -f /Users/ofornes/GitHub/JASPAR-Motif-Discovery/GRECO-BIT/output/ZNF384.Hughes_SI0524_ZNF384_ATCACG_L007+L008.PEAKS990087/motifs/jaspar/pfm/ZNF384.Hughes_SI0524_ZNF384_ATCACG_L007+L008.PEAKS990087_peak-motifs_m5dyads_m1.jaspar > /Users/ofornes/GitHub/JASPAR-Motif-Discovery/GRECO-BIT/output/ZNF384.Hughes_SI0524_ZNF384_ATCACG_L007+L008.PEAKS990087/motifs/jaspar/pwm/ZNF384.Hughes_SI0524_ZNF384_ATCACG_L007+L008.PEAKS990087_peak-motifs_m5dyads_m1.jaspar.pssm
        
        (exited with non-zero exit code)

Removing output files of failed job JASPAR_PSSM_to_PWM since they might be corrupted:
/Users/ofornes/GitHub/JASPAR-Motif-Discovery/GRECO-BIT/output/ZNF384.Hughes_SI0524_ZNF384_ATCACG_L007+L008.PEAKS990087/motifs/jaspar/pwm/ZNF384.Hughes_SI0524_ZNF384_ATCACG_L007+L008.PEAKS990087_peak-motifs_m5dyads_m1.jaspar.pssm
[Fri Sep 11 09:11:18 2020]
Finished job 283.
333 of 2172 steps (15%) done
[Fri Sep 11 09:13:59 2020]
Finished job 287.
334 of 2172 steps (15%) done
Shutting down, this might take some time.
Exiting because a job execution failed. Look above for error message
Complete log: /Users/ofornes/GitHub/JASPAR-Motif-Discovery/GRECO-BIT/pipeline/.snakemake/log/2020-09-10T214421.314143.snakemake.log
