2021-05-03 16:19:49,989 - Training metrics: loss
2021-05-03 16:19:49,990 - Validation metrics: loss, Pearson, Spearman
2021-05-03 16:19:55,496 - [STEP 634] average number of steps per second: 115.8
2021-05-03 16:19:55,496 - Training loss: 1.352580362599431
2021-05-03 16:19:58,387 - Validation loss: 0.4281323543630198
2021-05-03 16:19:58,410 - Validation Pearson: 0.14844984889974774
2021-05-03 16:19:58,410 - Validation Spearman: 0.16471318539239693
2021-05-03 16:19:58,425 - Updating `best_model.pth.tar`
2021-05-03 16:20:03,626 - [STEP 1268] average number of steps per second: 122.4
2021-05-03 16:20:03,626 - Training loss: 0.05236257961437059
2021-05-03 16:20:06,519 - Validation loss: 0.3149044258186443
2021-05-03 16:20:06,530 - Validation Pearson: 0.20868487656633752
2021-05-03 16:20:06,530 - Validation Spearman: 0.2279961116039012
2021-05-03 16:20:06,541 - Updating `best_model.pth.tar`
2021-05-03 16:20:11,728 - [STEP 1902] average number of steps per second: 122.8
2021-05-03 16:20:11,729 - Training loss: 0.03728018225426272
2021-05-03 16:20:14,598 - Validation loss: 0.2501662519248276
2021-05-03 16:20:14,608 - Validation Pearson: 0.23576679777810705
2021-05-03 16:20:14,608 - Validation Spearman: 0.2564735977313304
2021-05-03 16:20:14,617 - Updating `best_model.pth.tar`
2021-05-03 16:20:19,795 - [STEP 2536] average number of steps per second: 123.0
2021-05-03 16:20:19,795 - Training loss: 0.030896698938512275
2021-05-03 16:20:22,690 - Validation loss: 0.21927425732892214
2021-05-03 16:20:22,701 - Validation Pearson: 0.23721038472108663
2021-05-03 16:20:22,701 - Validation Spearman: 0.2594872577009194
2021-05-03 16:20:22,709 - Updating `best_model.pth.tar`
2021-05-03 16:20:27,884 - [STEP 3170] average number of steps per second: 123.0
2021-05-03 16:20:27,884 - Training loss: 0.027062677297952704
2021-05-03 16:20:30,782 - Validation loss: 0.19031733397258632
2021-05-03 16:20:30,792 - Validation Pearson: 0.2695537921006393
2021-05-03 16:20:30,793 - Validation Spearman: 0.2933393544698354
2021-05-03 16:20:30,804 - Updating `best_model.pth.tar`
2021-05-03 16:20:36,001 - [STEP 3804] average number of steps per second: 122.5
2021-05-03 16:20:36,001 - Training loss: 0.024744523122131074
2021-05-03 16:20:38,902 - Validation loss: 0.1739632120317589
2021-05-03 16:20:38,912 - Validation Pearson: 0.2723268312417334
2021-05-03 16:20:38,912 - Validation Spearman: 0.2968268789269285
2021-05-03 16:20:38,922 - Updating `best_model.pth.tar`
2021-05-03 16:20:44,111 - [STEP 4438] average number of steps per second: 122.7
2021-05-03 16:20:44,111 - Training loss: 0.023009493008361723
2021-05-03 16:20:46,999 - Validation loss: 0.15545903950362877
2021-05-03 16:20:47,010 - Validation Pearson: 0.23967720760868594
2021-05-03 16:20:47,010 - Validation Spearman: 0.26359047392284596
2021-05-03 16:20:47,018 - Updating `best_model.pth.tar`
2021-05-03 16:20:52,194 - [STEP 5072] average number of steps per second: 123.0
2021-05-03 16:20:52,194 - Training loss: 0.021708495870867175
2021-05-03 16:20:55,117 - Validation loss: 0.15533544529353382
2021-05-03 16:20:55,127 - Validation Pearson: 0.24373328653082993
2021-05-03 16:20:55,128 - Validation Spearman: 0.2663497743484982
2021-05-03 16:20:55,139 - Updating `best_model.pth.tar`
2021-05-03 16:21:00,318 - [STEP 5706] average number of steps per second: 122.9
2021-05-03 16:21:00,318 - Training loss: 0.02076329258108976
2021-05-03 16:21:03,170 - Validation loss: 0.13509247147385178
2021-05-03 16:21:03,183 - Validation Pearson: 0.24888571417947083
2021-05-03 16:21:03,183 - Validation Spearman: 0.2708895949044207
2021-05-03 16:21:03,192 - Updating `best_model.pth.tar`
2021-05-03 16:21:08,348 - [STEP 6340] average number of steps per second: 123.5
2021-05-03 16:21:08,348 - Training loss: 0.019809288846781296
2021-05-03 16:21:11,226 - Validation loss: 0.12070426917538968
2021-05-03 16:21:11,236 - Validation Pearson: 0.25922128995228977
2021-05-03 16:21:11,236 - Validation Spearman: 0.2819920320545686
2021-05-03 16:21:11,245 - Updating `best_model.pth.tar`
2021-05-03 16:21:16,411 - [STEP 6974] average number of steps per second: 123.2
2021-05-03 16:21:16,411 - Training loss: 0.019162844061522452
2021-05-03 16:21:19,285 - Validation loss: 0.11284272760011126
2021-05-03 16:21:19,296 - Validation Pearson: 0.2682531571853071
2021-05-03 16:21:19,296 - Validation Spearman: 0.2938447499528554
2021-05-03 16:21:19,305 - Updating `best_model.pth.tar`
2021-05-03 16:21:24,477 - [STEP 7608] average number of steps per second: 123.1
2021-05-03 16:21:24,478 - Training loss: 0.01850775405044788
2021-05-03 16:21:27,370 - Validation loss: 0.09813355309696847
2021-05-03 16:21:27,381 - Validation Pearson: 0.2783046779567012
2021-05-03 16:21:27,381 - Validation Spearman: 0.303641193358455
2021-05-03 16:21:27,390 - Updating `best_model.pth.tar`
2021-05-03 16:21:32,556 - [STEP 8242] average number of steps per second: 123.3
2021-05-03 16:21:32,556 - Training loss: 0.01798878374365555
2021-05-03 16:21:35,444 - Validation loss: 0.08768325835678921
2021-05-03 16:21:35,455 - Validation Pearson: 0.27402771926178293
2021-05-03 16:21:35,455 - Validation Spearman: 0.29923534354695586
2021-05-03 16:21:35,464 - Updating `best_model.pth.tar`
2021-05-03 16:21:40,671 - [STEP 8876] average number of steps per second: 122.3
2021-05-03 16:21:40,671 - Training loss: 0.017452415869915007
2021-05-03 16:21:43,500 - Validation loss: 0.09295615345452175
2021-05-03 16:21:43,510 - Validation Pearson: 0.27496938326798426
2021-05-03 16:21:43,510 - Validation Spearman: 0.2994529312146189
2021-05-03 16:21:48,672 - [STEP 9510] average number of steps per second: 123.3
2021-05-03 16:21:48,673 - Training loss: 0.01702633422537933
2021-05-03 16:21:51,586 - Validation loss: 0.07543215470863787
2021-05-03 16:21:51,597 - Validation Pearson: 0.2892430315668246
2021-05-03 16:21:51,597 - Validation Spearman: 0.31312974827507806
2021-05-03 16:21:51,606 - Updating `best_model.pth.tar`
2021-05-03 16:21:56,787 - [STEP 10144] average number of steps per second: 122.9
2021-05-03 16:21:56,787 - Training loss: 0.016693695492407876
2021-05-03 16:21:59,676 - Validation loss: 0.08755560478464171
2021-05-03 16:21:59,686 - Validation Pearson: 0.2832861747039497
2021-05-03 16:21:59,686 - Validation Spearman: 0.307917233144126
2021-05-03 16:22:04,872 - [STEP 10778] average number of steps per second: 122.8
2021-05-03 16:22:04,872 - Training loss: 0.016386469339875486
2021-05-03 16:22:07,779 - Validation loss: 0.09491736804343252
2021-05-03 16:22:07,790 - Validation Pearson: 0.2628802390701058
2021-05-03 16:22:07,790 - Validation Spearman: 0.28359910157517865
2021-05-03 16:22:12,963 - [STEP 11412] average number of steps per second: 123.1
2021-05-03 16:22:12,964 - Training loss: 0.015948079506593407
2021-05-03 16:22:15,869 - Validation loss: 0.09272123593984617
2021-05-03 16:22:15,879 - Validation Pearson: 0.24642545667285276
2021-05-03 16:22:15,879 - Validation Spearman: 0.26466241427793835
2021-05-03 16:22:21,050 - [STEP 12046] average number of steps per second: 123.2
2021-05-03 16:22:21,050 - Training loss: 0.01578964800676713
2021-05-03 16:22:23,920 - Validation loss: 0.1096640525595322
2021-05-03 16:22:23,931 - Validation Pearson: 0.24168344643152095
2021-05-03 16:22:23,931 - Validation Spearman: 0.2571935925489439
2021-05-03 16:22:29,145 - [STEP 12680] average number of steps per second: 122.1
2021-05-03 16:22:29,145 - Training loss: 0.015537060367542816
2021-05-03 16:22:32,041 - Validation loss: 0.08767220116974624
2021-05-03 16:22:32,052 - Validation Pearson: 0.2645376507500451
2021-05-03 16:22:32,052 - Validation Spearman: 0.28669612284174334
2021-05-03 16:22:37,244 - [STEP 13314] average number of steps per second: 122.6
2021-05-03 16:22:37,244 - Training loss: 0.015279185286156058
2021-05-03 16:22:40,123 - Validation loss: 0.08002985963116735
2021-05-03 16:22:40,134 - Validation Pearson: 0.27045619714132907
2021-05-03 16:22:40,134 - Validation Spearman: 0.29794544482325636
2021-05-03 16:22:45,304 - [STEP 13948] average number of steps per second: 123.2
2021-05-03 16:22:45,304 - Training loss: 0.015080843451330057
2021-05-03 16:22:48,193 - Validation loss: 0.08964581121638913
2021-05-03 16:22:48,204 - Validation Pearson: 0.2557353335267393
2021-05-03 16:22:48,204 - Validation Spearman: 0.2853049277807558
2021-05-03 16:22:53,379 - [STEP 14582] average number of steps per second: 123.0
2021-05-03 16:22:53,380 - Training loss: 0.01496229599647177
2021-05-03 16:22:56,226 - Validation loss: 0.08370443122393545
2021-05-03 16:22:56,236 - Validation Pearson: 0.2553311901765787
2021-05-03 16:22:56,236 - Validation Spearman: 0.28172388456915826
2021-05-03 16:23:01,422 - [STEP 15216] average number of steps per second: 122.8
2021-05-03 16:23:01,423 - Training loss: 0.01474803612620367
2021-05-03 16:23:04,289 - Validation loss: 0.07959124648415154
2021-05-03 16:23:04,299 - Validation Pearson: 0.2701048123031947
2021-05-03 16:23:04,300 - Validation Spearman: 0.30076417372365055
2021-05-03 16:23:09,480 - [STEP 15850] average number of steps per second: 122.9
2021-05-03 16:23:09,480 - Training loss: 0.014594370357498339
2021-05-03 16:23:12,340 - Validation loss: 0.07071089892752953
2021-05-03 16:23:12,351 - Validation Pearson: 0.2814982255098396
2021-05-03 16:23:12,351 - Validation Spearman: 0.31124133626265466
2021-05-03 16:23:12,360 - Updating `best_model.pth.tar`
2021-05-03 16:23:17,550 - [STEP 16484] average number of steps per second: 122.7
2021-05-03 16:23:17,550 - Training loss: 0.014491710608402026
2021-05-03 16:23:20,466 - Validation loss: 0.08239785271878287
2021-05-03 16:23:20,477 - Validation Pearson: 0.2702549872297428
2021-05-03 16:23:20,477 - Validation Spearman: 0.3001086404632743
2021-05-03 16:23:25,644 - [STEP 17118] average number of steps per second: 123.2
2021-05-03 16:23:25,644 - Training loss: 0.014337428846199665
2021-05-03 16:23:28,516 - Validation loss: 0.07976100896669643
2021-05-03 16:23:28,527 - Validation Pearson: 0.2683954877063563
2021-05-03 16:23:28,527 - Validation Spearman: 0.29623353038845435
2021-05-03 16:23:33,706 - [STEP 17752] average number of steps per second: 122.9
2021-05-03 16:23:33,707 - Training loss: 0.014247846127155734
2021-05-03 16:23:36,559 - Validation loss: 0.07721474994027104
2021-05-03 16:23:36,570 - Validation Pearson: 0.2670891872356851
2021-05-03 16:23:36,570 - Validation Spearman: 0.2957456030812805
2021-05-03 16:23:41,740 - [STEP 18386] average number of steps per second: 123.1
2021-05-03 16:23:41,740 - Training loss: 0.01401470998619398
2021-05-03 16:23:44,646 - Validation loss: 0.0720620501768759
2021-05-03 16:23:44,656 - Validation Pearson: 0.27540275183848495
2021-05-03 16:23:44,657 - Validation Spearman: 0.29977104703351826
2021-05-03 16:23:49,799 - [STEP 19020] average number of steps per second: 123.8
2021-05-03 16:23:49,799 - Training loss: 0.013944860086526593
2021-05-03 16:23:52,716 - Validation loss: 0.06764721669103188
2021-05-03 16:23:52,727 - Validation Pearson: 0.29024619544203967
2021-05-03 16:23:52,727 - Validation Spearman: 0.31596331305843256
2021-05-03 16:23:52,736 - Updating `best_model.pth.tar`
2021-05-03 16:23:57,912 - [STEP 19654] average number of steps per second: 123.0
2021-05-03 16:23:57,912 - Training loss: 0.013918078351730616
2021-05-03 16:24:00,797 - Validation loss: 0.08202947328448673
2021-05-03 16:24:00,808 - Validation Pearson: 0.27867858054073047
2021-05-03 16:24:00,808 - Validation Spearman: 0.3005044038956683
2021-05-03 16:24:05,960 - [STEP 20288] average number of steps per second: 123.6
2021-05-03 16:24:05,960 - Training loss: 0.013784688911386046
2021-05-03 16:24:08,814 - Validation loss: 0.08089852310634453
2021-05-03 16:24:08,824 - Validation Pearson: 0.29451096751028005
2021-05-03 16:24:08,824 - Validation Spearman: 0.31774791042663214
2021-05-03 16:24:14,008 - [STEP 20922] average number of steps per second: 122.8
2021-05-03 16:24:14,008 - Training loss: 0.013661519899723423
2021-05-03 16:24:16,890 - Validation loss: 0.08054532887039208
2021-05-03 16:24:16,900 - Validation Pearson: 0.2913252025072008
2021-05-03 16:24:16,900 - Validation Spearman: 0.31672798940218344
2021-05-03 16:24:22,095 - [STEP 21556] average number of steps per second: 122.6
2021-05-03 16:24:22,095 - Training loss: 0.013568039229198444
2021-05-03 16:24:24,999 - Validation loss: 0.08065319535943861
2021-05-03 16:24:25,009 - Validation Pearson: 0.2894537488831379
2021-05-03 16:24:25,009 - Validation Spearman: 0.3133705250040574
2021-05-03 16:24:30,186 - [STEP 22190] average number of steps per second: 123.0
2021-05-03 16:24:30,186 - Training loss: 0.013474245881808669
2021-05-03 16:24:33,043 - Validation loss: 0.077116346680419
2021-05-03 16:24:33,053 - Validation Pearson: 0.29973057316182844
2021-05-03 16:24:33,054 - Validation Spearman: 0.32699683538652025
2021-05-03 16:24:38,247 - [STEP 22824] average number of steps per second: 122.6
2021-05-03 16:24:38,247 - Training loss: 0.013425413771805703
2021-05-03 16:24:41,151 - Validation loss: 0.07607498213577951
2021-05-03 16:24:41,162 - Validation Pearson: 0.3092872382326921
2021-05-03 16:24:41,162 - Validation Spearman: 0.3354205135124148
2021-05-03 16:24:46,347 - [STEP 23458] average number of steps per second: 122.8
2021-05-03 16:24:46,347 - Training loss: 0.013354518254690037
2021-05-03 16:24:49,230 - Validation loss: 0.0818695605580478
2021-05-03 16:24:49,241 - Validation Pearson: 0.303042220107842
2021-05-03 16:24:49,241 - Validation Spearman: 0.3290310687232138
2021-05-03 16:24:54,439 - [STEP 24092] average number of steps per second: 122.5
2021-05-03 16:24:54,439 - Training loss: 0.013220389524169195
2021-05-03 16:24:57,347 - Validation loss: 0.08616016354712934
2021-05-03 16:24:57,358 - Validation Pearson: 0.2963930278631529
2021-05-03 16:24:57,358 - Validation Spearman: 0.3183793681461978
2021-05-03 16:25:02,544 - [STEP 24726] average number of steps per second: 122.8
2021-05-03 16:25:02,544 - Training loss: 0.01317557350736793
2021-05-03 16:25:05,385 - Validation loss: 0.09134493070387424
2021-05-03 16:25:05,396 - Validation Pearson: 0.29825864905176985
2021-05-03 16:25:05,396 - Validation Spearman: 0.3238562108852384
2021-05-03 16:25:10,591 - [STEP 25360] average number of steps per second: 122.5
2021-05-03 16:25:10,592 - Training loss: 0.013142301378571884
2021-05-03 16:25:13,446 - Validation loss: 0.07545120174599525
2021-05-03 16:25:13,458 - Validation Pearson: 0.3222841000631515
2021-05-03 16:25:13,458 - Validation Spearman: 0.3488868621362635
2021-05-03 16:25:18,656 - [STEP 25994] average number of steps per second: 122.5
2021-05-03 16:25:18,656 - Training loss: 0.01306806260768371
2021-05-03 16:25:21,579 - Validation loss: 0.08223859524197888
2021-05-03 16:25:21,589 - Validation Pearson: 0.3142944077517644
2021-05-03 16:25:21,589 - Validation Spearman: 0.34196122551784264
2021-05-03 16:25:26,779 - [STEP 26628] average number of steps per second: 122.7
2021-05-03 16:25:26,779 - Training loss: 0.012981857260548119
2021-05-03 16:25:29,670 - Validation loss: 0.08121628231013256
2021-05-03 16:25:29,681 - Validation Pearson: 0.3167855231485749
2021-05-03 16:25:29,681 - Validation Spearman: 0.34513483075263185
2021-05-03 16:25:34,796 - [STEP 27262] average number of steps per second: 124.5
2021-05-03 16:25:34,796 - Training loss: 0.012951173414167733
2021-05-03 16:25:37,659 - Validation loss: 0.08084592523670234
2021-05-03 16:25:37,669 - Validation Pearson: 0.3282579864981192
2021-05-03 16:25:37,669 - Validation Spearman: 0.35371532565621955
2021-05-03 16:25:42,841 - [STEP 27896] average number of steps per second: 123.1
2021-05-03 16:25:42,841 - Training loss: 0.012882712008490312
2021-05-03 16:25:45,735 - Validation loss: 0.07614320882621167
2021-05-03 16:25:45,745 - Validation Pearson: 0.3409020649658213
2021-05-03 16:25:45,745 - Validation Spearman: 0.36854909355711685
2021-05-03 16:25:50,920 - [STEP 28530] average number of steps per second: 123.0
2021-05-03 16:25:50,920 - Training loss: 0.012795096533211413
2021-05-03 16:25:53,792 - Validation loss: 0.09852098191832967
2021-05-03 16:25:53,805 - Validation Pearson: 0.31693065646661933
2021-05-03 16:25:53,805 - Validation Spearman: 0.33871752190163346
2021-05-03 16:25:58,976 - [STEP 29164] average number of steps per second: 123.1
2021-05-03 16:25:58,977 - Training loss: 0.012809773025687561
2021-05-03 16:26:01,844 - Validation loss: 0.083304245373243
2021-05-03 16:26:01,855 - Validation Pearson: 0.35039639766630826
2021-05-03 16:26:01,855 - Validation Spearman: 0.37929400482562103
2021-05-03 16:26:01,855 - Early stopping: stop training!
2021-05-03 16:26:09,277 - Training metrics: loss
2021-05-03 16:26:09,278 - Validation metrics: loss, Pearson, Spearman
2021-05-03 16:26:14,684 - [STEP 631] average number of steps per second: 117.4
2021-05-03 16:26:14,684 - Training loss: 0.6374035066559534
2021-05-03 16:26:17,588 - Validation loss: 0.05490119422401069
2021-05-03 16:26:17,599 - Validation Pearson: 0.16596408574179333
2021-05-03 16:26:17,599 - Validation Spearman: 0.16869619993550966
2021-05-03 16:26:17,609 - Updating `best_model.pth.tar`
2021-05-03 16:26:22,748 - [STEP 1262] average number of steps per second: 123.3
2021-05-03 16:26:22,748 - Training loss: 0.07569592348085909
2021-05-03 16:26:25,629 - Validation loss: 0.0740722474122085
2021-05-03 16:26:25,639 - Validation Pearson: 0.18130620795071364
2021-05-03 16:26:25,640 - Validation Spearman: 0.18767896746790733
2021-05-03 16:26:30,787 - [STEP 1893] average number of steps per second: 123.1
2021-05-03 16:26:30,787 - Training loss: 0.0634309559228067
2021-05-03 16:26:33,658 - Validation loss: 0.10327773344371033
2021-05-03 16:26:33,672 - Validation Pearson: 0.17845564903190547
2021-05-03 16:26:33,672 - Validation Spearman: 0.18310822075983987
2021-05-03 16:26:38,852 - [STEP 2524] average number of steps per second: 122.3
2021-05-03 16:26:38,852 - Training loss: 0.05778791537883259
2021-05-03 16:26:41,753 - Validation loss: 0.12318635856503568
2021-05-03 16:26:41,763 - Validation Pearson: 0.20307541215286995
2021-05-03 16:26:41,764 - Validation Spearman: 0.20699355743215167
2021-05-03 16:26:46,938 - [STEP 3155] average number of steps per second: 122.5
2021-05-03 16:26:46,938 - Training loss: 0.05416117916134571
2021-05-03 16:26:49,875 - Validation loss: 0.12087229253835859
2021-05-03 16:26:49,886 - Validation Pearson: 0.211790905355254
2021-05-03 16:26:49,887 - Validation Spearman: 0.21431901050081376
2021-05-03 16:26:55,044 - [STEP 3786] average number of steps per second: 122.9
2021-05-03 16:26:55,044 - Training loss: 0.05172131168353482
2021-05-03 16:26:57,934 - Validation loss: 0.12986886934950148
2021-05-03 16:26:57,944 - Validation Pearson: 0.20973993010325226
2021-05-03 16:26:57,944 - Validation Spearman: 0.2112158364309058
2021-05-03 16:27:03,079 - [STEP 4417] average number of steps per second: 123.4
2021-05-03 16:27:03,079 - Training loss: 0.050035240320509475
2021-05-03 16:27:05,978 - Validation loss: 0.14029181631111573
2021-05-03 16:27:05,988 - Validation Pearson: 0.23107063084827056
2021-05-03 16:27:05,988 - Validation Spearman: 0.2337865520264229
2021-05-03 16:27:11,132 - [STEP 5048] average number of steps per second: 123.2
2021-05-03 16:27:11,132 - Training loss: 0.048930261895155
2021-05-03 16:27:13,985 - Validation loss: 0.13699356850812489
2021-05-03 16:27:13,996 - Validation Pearson: 0.22499387133584117
2021-05-03 16:27:13,996 - Validation Spearman: 0.22754912670772479
2021-05-03 16:27:19,125 - [STEP 5679] average number of steps per second: 123.5
2021-05-03 16:27:19,126 - Training loss: 0.047658714487936155
2021-05-03 16:27:21,978 - Validation loss: 0.1314885309465488
2021-05-03 16:27:21,989 - Validation Pearson: 0.2268660814249019
2021-05-03 16:27:21,989 - Validation Spearman: 0.23064681320685237
2021-05-03 16:27:27,155 - [STEP 6310] average number of steps per second: 122.7
2021-05-03 16:27:27,156 - Training loss: 0.046681697281127685
2021-05-03 16:27:30,067 - Validation loss: 0.14200561750997504
2021-05-03 16:27:30,078 - Validation Pearson: 0.24490032935469747
2021-05-03 16:27:30,078 - Validation Spearman: 0.2488406521532376
2021-05-03 16:27:35,258 - [STEP 6941] average number of steps per second: 122.3
2021-05-03 16:27:35,259 - Training loss: 0.04568767932239217
2021-05-03 16:27:38,147 - Validation loss: 0.1333552489309845
2021-05-03 16:27:38,158 - Validation Pearson: 0.25366126760676794
2021-05-03 16:27:38,159 - Validation Spearman: 0.2583972951012425
2021-05-03 16:27:43,356 - [STEP 7572] average number of steps per second: 121.9
2021-05-03 16:27:43,356 - Training loss: 0.04505583665166906
2021-05-03 16:27:46,228 - Validation loss: 0.12964130925126255
2021-05-03 16:27:46,239 - Validation Pearson: 0.24973964333788157
2021-05-03 16:27:46,239 - Validation Spearman: 0.2533679759836678
2021-05-03 16:27:51,382 - [STEP 8203] average number of steps per second: 123.2
2021-05-03 16:27:51,382 - Training loss: 0.044368707449448465
2021-05-03 16:27:54,324 - Validation loss: 0.11930235776145376
2021-05-03 16:27:54,335 - Validation Pearson: 0.25949656618100536
2021-05-03 16:27:54,335 - Validation Spearman: 0.26361073271500157
2021-05-03 16:27:59,488 - [STEP 8834] average number of steps per second: 123.0
2021-05-03 16:27:59,488 - Training loss: 0.043925917440237223
2021-05-03 16:28:02,419 - Validation loss: 0.12760755089508247
2021-05-03 16:28:02,429 - Validation Pearson: 0.27544556338677484
2021-05-03 16:28:02,430 - Validation Spearman: 0.2798263333680672
2021-05-03 16:28:07,587 - [STEP 9465] average number of steps per second: 122.8
2021-05-03 16:28:07,588 - Training loss: 0.043475443172591804
2021-05-03 16:28:10,487 - Validation loss: 0.13575155557095064
2021-05-03 16:28:10,500 - Validation Pearson: 0.28894429340216027
2021-05-03 16:28:10,501 - Validation Spearman: 0.29306038347542207
2021-05-03 16:28:15,637 - [STEP 10096] average number of steps per second: 123.4
2021-05-03 16:28:15,637 - Training loss: 0.04305632847837997
2021-05-03 16:28:18,501 - Validation loss: 0.13291031430102296
2021-05-03 16:28:18,512 - Validation Pearson: 0.2979270854611767
2021-05-03 16:28:18,512 - Validation Spearman: 0.3019253565925019
2021-05-03 16:28:23,655 - [STEP 10727] average number of steps per second: 123.2
2021-05-03 16:28:23,655 - Training loss: 0.042708000023561496
2021-05-03 16:28:26,575 - Validation loss: 0.131273368461651
2021-05-03 16:28:26,586 - Validation Pearson: 0.312534381380001
2021-05-03 16:28:26,586 - Validation Spearman: 0.31614019858095077
2021-05-03 16:28:26,586 - Early stopping: stop training!
2021-05-03 16:28:33,734 - Training metrics: loss
2021-05-03 16:28:33,734 - Validation metrics: loss, Pearson, Spearman
2021-05-03 16:28:39,177 - [STEP 634] average number of steps per second: 117.1
2021-05-03 16:28:39,178 - Training loss: 1.9418383788522773
2021-05-03 16:28:42,098 - Validation loss: 0.113123786855613
2021-05-03 16:28:42,109 - Validation Pearson: 0.0958909116654321
2021-05-03 16:28:42,109 - Validation Spearman: 0.09598595567574394
2021-05-03 16:28:42,118 - Updating `best_model.pth.tar`
2021-05-03 16:28:47,296 - [STEP 1268] average number of steps per second: 122.9
2021-05-03 16:28:47,296 - Training loss: 0.07400577098765772
2021-05-03 16:28:50,172 - Validation loss: 0.08346779705298306
2021-05-03 16:28:50,182 - Validation Pearson: 0.07695202970767209
2021-05-03 16:28:50,182 - Validation Spearman: 0.07576366344069073
2021-05-03 16:28:50,191 - Updating `best_model.pth.tar`
2021-05-03 16:28:55,372 - [STEP 1902] average number of steps per second: 122.9
2021-05-03 16:28:55,372 - Training loss: 0.05077734447087305
2021-05-03 16:28:58,200 - Validation loss: 0.07502117996855319
2021-05-03 16:28:58,210 - Validation Pearson: 0.07064484077510619
2021-05-03 16:28:58,210 - Validation Spearman: 0.06812778967120796
2021-05-03 16:28:58,220 - Updating `best_model.pth.tar`
2021-05-03 16:29:03,467 - [STEP 2536] average number of steps per second: 121.3
2021-05-03 16:29:03,468 - Training loss: 0.04169316569854408
2021-05-03 16:29:06,382 - Validation loss: 0.07097872248046372
2021-05-03 16:29:06,393 - Validation Pearson: 0.07849521950474386
2021-05-03 16:29:06,393 - Validation Spearman: 0.07645291870928107
2021-05-03 16:29:06,402 - Updating `best_model.pth.tar`
2021-05-03 16:29:11,587 - [STEP 3170] average number of steps per second: 122.8
2021-05-03 16:29:11,588 - Training loss: 0.03657575502803649
2021-05-03 16:29:14,454 - Validation loss: 0.06875787680694116
2021-05-03 16:29:14,465 - Validation Pearson: 0.07897829927490109
2021-05-03 16:29:14,465 - Validation Spearman: 0.076299505081751
2021-05-03 16:29:14,474 - Updating `best_model.pth.tar`
2021-05-03 16:29:19,645 - [STEP 3804] average number of steps per second: 123.1
2021-05-03 16:29:19,645 - Training loss: 0.03313220305550456
2021-05-03 16:29:22,531 - Validation loss: 0.06445792979795469
2021-05-03 16:29:22,542 - Validation Pearson: 0.08625216328613836
2021-05-03 16:29:22,542 - Validation Spearman: 0.08217594532718232
2021-05-03 16:29:22,551 - Updating `best_model.pth.tar`
2021-05-03 16:29:27,716 - [STEP 4438] average number of steps per second: 123.3
2021-05-03 16:29:27,716 - Training loss: 0.02996980815197485
2021-05-03 16:29:30,546 - Validation loss: 0.059508366814317114
2021-05-03 16:29:30,557 - Validation Pearson: 0.11661360709878152
2021-05-03 16:29:30,557 - Validation Spearman: 0.11332318563718789
2021-05-03 16:29:30,566 - Updating `best_model.pth.tar`
2021-05-03 16:29:35,748 - [STEP 5072] average number of steps per second: 122.9
2021-05-03 16:29:35,748 - Training loss: 0.027662831750824717
2021-05-03 16:29:38,599 - Validation loss: 0.05384770580663356
2021-05-03 16:29:38,614 - Validation Pearson: 0.14798686545152692
2021-05-03 16:29:38,614 - Validation Spearman: 0.1430954333536719
2021-05-03 16:29:38,625 - Updating `best_model.pth.tar`
2021-05-03 16:29:43,751 - [STEP 5706] average number of steps per second: 124.2
2021-05-03 16:29:43,751 - Training loss: 0.025265475865806034
2021-05-03 16:29:46,637 - Validation loss: 0.05299945057867163
2021-05-03 16:29:46,648 - Validation Pearson: 0.16909333564051077
2021-05-03 16:29:46,648 - Validation Spearman: 0.16608934228983016
2021-05-03 16:29:46,657 - Updating `best_model.pth.tar`
2021-05-03 16:29:51,842 - [STEP 6340] average number of steps per second: 122.8
2021-05-03 16:29:51,842 - Training loss: 0.023485503147711702
2021-05-03 16:29:54,745 - Validation loss: 0.04933410374338483
2021-05-03 16:29:54,756 - Validation Pearson: 0.1947785373744651
2021-05-03 16:29:54,756 - Validation Spearman: 0.1910205763237096
2021-05-03 16:29:54,765 - Updating `best_model.pth.tar`
2021-05-03 16:29:59,950 - [STEP 6974] average number of steps per second: 122.8
2021-05-03 16:29:59,951 - Training loss: 0.02212411976619168
2021-05-03 16:30:02,836 - Validation loss: 0.04772791963383532
2021-05-03 16:30:02,847 - Validation Pearson: 0.19333946595187185
2021-05-03 16:30:02,847 - Validation Spearman: 0.1887595016578299
2021-05-03 16:30:02,856 - Updating `best_model.pth.tar`
2021-05-03 16:30:08,044 - [STEP 7608] average number of steps per second: 122.7
2021-05-03 16:30:08,044 - Training loss: 0.02060914534652365
2021-05-03 16:30:10,948 - Validation loss: 0.045644609107032254
2021-05-03 16:30:10,959 - Validation Pearson: 0.21036619451115202
2021-05-03 16:30:10,959 - Validation Spearman: 0.20540725884032635
2021-05-03 16:30:10,968 - Updating `best_model.pth.tar`
2021-05-03 16:30:16,137 - [STEP 8242] average number of steps per second: 123.2
2021-05-03 16:30:16,137 - Training loss: 0.019600069602769256
2021-05-03 16:30:19,019 - Validation loss: 0.04693895717713799
2021-05-03 16:30:19,029 - Validation Pearson: 0.19096670001439536
2021-05-03 16:30:19,029 - Validation Spearman: 0.18669391109819514
2021-05-03 16:30:24,180 - [STEP 8876] average number of steps per second: 123.6
2021-05-03 16:30:24,180 - Training loss: 0.01871470168338683
2021-05-03 16:30:27,017 - Validation loss: 0.046094199592356826
2021-05-03 16:30:27,028 - Validation Pearson: 0.21412234293400165
2021-05-03 16:30:27,028 - Validation Spearman: 0.20818085580582452
2021-05-03 16:30:32,204 - [STEP 9510] average number of steps per second: 123.0
2021-05-03 16:30:32,205 - Training loss: 0.017903055740103174
2021-05-03 16:30:35,080 - Validation loss: 0.04496018829122304
2021-05-03 16:30:35,091 - Validation Pearson: 0.22978323164938638
2021-05-03 16:30:35,091 - Validation Spearman: 0.22387401654582037
2021-05-03 16:30:35,100 - Updating `best_model.pth.tar`
2021-05-03 16:30:40,270 - [STEP 10144] average number of steps per second: 123.2
2021-05-03 16:30:40,270 - Training loss: 0.017320680128680748
2021-05-03 16:30:43,161 - Validation loss: 0.044582481521127156
2021-05-03 16:30:43,172 - Validation Pearson: 0.2426989583319462
2021-05-03 16:30:43,173 - Validation Spearman: 0.23514154100192025
2021-05-03 16:30:43,182 - Updating `best_model.pth.tar`
2021-05-03 16:30:48,504 - [STEP 10778] average number of steps per second: 119.7
2021-05-03 16:30:48,504 - Training loss: 0.01676488596628705
2021-05-03 16:30:51,373 - Validation loss: 0.04558702221172736
2021-05-03 16:30:51,384 - Validation Pearson: 0.2314909409318719
2021-05-03 16:30:51,384 - Validation Spearman: 0.22464870944202048
2021-05-03 16:30:56,568 - [STEP 11412] average number of steps per second: 122.8
2021-05-03 16:30:56,568 - Training loss: 0.016282929192746664
2021-05-03 16:30:59,435 - Validation loss: 0.044309623816925825
2021-05-03 16:30:59,446 - Validation Pearson: 0.24465524796337443
2021-05-03 16:30:59,446 - Validation Spearman: 0.2369548340014002
2021-05-03 16:30:59,455 - Updating `best_model.pth.tar`
2021-05-03 16:31:04,686 - [STEP 12046] average number of steps per second: 121.7
2021-05-03 16:31:04,686 - Training loss: 0.01588285598560157
2021-05-03 16:31:07,523 - Validation loss: 0.0461612824474575
2021-05-03 16:31:07,533 - Validation Pearson: 0.24831865321767937
2021-05-03 16:31:07,533 - Validation Spearman: 0.2401633713728629
2021-05-03 16:31:12,736 - [STEP 12680] average number of steps per second: 122.4
2021-05-03 16:31:12,736 - Training loss: 0.01545324559508579
2021-05-03 16:31:15,639 - Validation loss: 0.04542067440938081
2021-05-03 16:31:15,650 - Validation Pearson: 0.24070127879092099
2021-05-03 16:31:15,650 - Validation Spearman: 0.233170839801068
2021-05-03 16:31:20,789 - [STEP 13314] average number of steps per second: 123.9
2021-05-03 16:31:20,790 - Training loss: 0.01516252132470511
2021-05-03 16:31:23,685 - Validation loss: 0.04446652604535623
2021-05-03 16:31:23,696 - Validation Pearson: 0.24789454243992765
2021-05-03 16:31:23,696 - Validation Spearman: 0.23981080251821205
2021-05-03 16:31:28,851 - [STEP 13948] average number of steps per second: 123.5
2021-05-03 16:31:28,851 - Training loss: 0.014778413639436197
2021-05-03 16:31:31,707 - Validation loss: 0.04397908290006846
2021-05-03 16:31:31,719 - Validation Pearson: 0.2635533056604039
2021-05-03 16:31:31,719 - Validation Spearman: 0.2545993170511669
2021-05-03 16:31:31,729 - Updating `best_model.pth.tar`
2021-05-03 16:31:36,896 - [STEP 14582] average number of steps per second: 123.2
2021-05-03 16:31:36,896 - Training loss: 0.014544480840884125
2021-05-03 16:31:39,780 - Validation loss: 0.046049217449976414
2021-05-03 16:31:39,793 - Validation Pearson: 0.22680362112102687
2021-05-03 16:31:39,793 - Validation Spearman: 0.21836347425945674
2021-05-03 16:31:44,957 - [STEP 15216] average number of steps per second: 123.3
2021-05-03 16:31:44,957 - Training loss: 0.014221982669807995
2021-05-03 16:31:47,860 - Validation loss: 0.04545039238139586
2021-05-03 16:31:47,871 - Validation Pearson: 0.24896286069127135
2021-05-03 16:31:47,871 - Validation Spearman: 0.2408186446910786
2021-05-03 16:31:53,057 - [STEP 15850] average number of steps per second: 122.8
2021-05-03 16:31:53,057 - Training loss: 0.014044571481351315
2021-05-03 16:31:55,931 - Validation loss: 0.044346426027677896
2021-05-03 16:31:55,942 - Validation Pearson: 0.25969116851615287
2021-05-03 16:31:55,942 - Validation Spearman: 0.25044162968886063
2021-05-03 16:32:01,121 - [STEP 16484] average number of steps per second: 122.9
2021-05-03 16:32:01,122 - Training loss: 0.013706872132474597
2021-05-03 16:32:04,015 - Validation loss: 0.04413350172364485
2021-05-03 16:32:04,026 - Validation Pearson: 0.25961237778711455
2021-05-03 16:32:04,026 - Validation Spearman: 0.25101980923925704
2021-05-03 16:32:09,208 - [STEP 17118] average number of steps per second: 122.8
2021-05-03 16:32:09,208 - Training loss: 0.013510219406113263
2021-05-03 16:32:12,064 - Validation loss: 0.043954919997112686
2021-05-03 16:32:12,074 - Validation Pearson: 0.27014322429253707
2021-05-03 16:32:12,075 - Validation Spearman: 0.26146969187649266
2021-05-03 16:32:12,084 - Updating `best_model.pth.tar`
2021-05-03 16:32:17,245 - [STEP 17752] average number of steps per second: 123.3
2021-05-03 16:32:17,245 - Training loss: 0.013212727505437536
2021-05-03 16:32:20,102 - Validation loss: 0.04263632166569849
2021-05-03 16:32:20,113 - Validation Pearson: 0.27273665009131653
2021-05-03 16:32:20,113 - Validation Spearman: 0.2636929377920902
2021-05-03 16:32:20,121 - Updating `best_model.pth.tar`
2021-05-03 16:32:25,284 - [STEP 18386] average number of steps per second: 123.3
2021-05-03 16:32:25,284 - Training loss: 0.013048159051833421
2021-05-03 16:32:28,126 - Validation loss: 0.04292412438147986
2021-05-03 16:32:28,137 - Validation Pearson: 0.2752109196552246
2021-05-03 16:32:28,137 - Validation Spearman: 0.2660134335701547
2021-05-03 16:32:33,318 - [STEP 19020] average number of steps per second: 122.9
2021-05-03 16:32:33,318 - Training loss: 0.012763627142313433
2021-05-03 16:32:36,156 - Validation loss: 0.04387982547129674
2021-05-03 16:32:36,167 - Validation Pearson: 0.2656775656764705
2021-05-03 16:32:36,167 - Validation Spearman: 0.2554793307134981
2021-05-03 16:32:41,342 - [STEP 19654] average number of steps per second: 123.0
2021-05-03 16:32:41,342 - Training loss: 0.01252984987316236
2021-05-03 16:32:44,211 - Validation loss: 0.0423206061614816
2021-05-03 16:32:44,221 - Validation Pearson: 0.28265675960117265
2021-05-03 16:32:44,222 - Validation Spearman: 0.2724905371607423
2021-05-03 16:32:44,231 - Updating `best_model.pth.tar`
2021-05-03 16:32:49,405 - [STEP 20288] average number of steps per second: 123.1
2021-05-03 16:32:49,405 - Training loss: 0.012285574582443582
2021-05-03 16:32:52,258 - Validation loss: 0.04245287050949129
2021-05-03 16:32:52,268 - Validation Pearson: 0.27532931538011474
2021-05-03 16:32:52,268 - Validation Spearman: 0.2643037686122887
2021-05-03 16:32:57,462 - [STEP 20922] average number of steps per second: 122.6
2021-05-03 16:32:57,462 - Training loss: 0.012198318363746116
2021-05-03 16:33:00,274 - Validation loss: 0.04108364852041998
2021-05-03 16:33:00,285 - Validation Pearson: 0.29707948901629117
2021-05-03 16:33:00,285 - Validation Spearman: 0.28474422166940594
2021-05-03 16:33:00,294 - Updating `best_model.pth.tar`
2021-05-03 16:33:05,427 - [STEP 21556] average number of steps per second: 124.0
2021-05-03 16:33:05,427 - Training loss: 0.01192607854313749
2021-05-03 16:33:08,327 - Validation loss: 0.04165438866086316
2021-05-03 16:33:08,338 - Validation Pearson: 0.28576805188952287
2021-05-03 16:33:08,338 - Validation Spearman: 0.27390626317100203
2021-05-03 16:33:13,612 - [STEP 22190] average number of steps per second: 120.7
2021-05-03 16:33:13,612 - Training loss: 0.011769525185286152
2021-05-03 16:33:16,520 - Validation loss: 0.040602706110019315
2021-05-03 16:33:16,531 - Validation Pearson: 0.2984926442552407
2021-05-03 16:33:16,531 - Validation Spearman: 0.28548422475812
2021-05-03 16:33:16,540 - Updating `best_model.pth.tar`
2021-05-03 16:33:21,716 - [STEP 22824] average number of steps per second: 123.0
2021-05-03 16:33:21,716 - Training loss: 0.011634846903936062
2021-05-03 16:33:24,597 - Validation loss: 0.03976852898434301
2021-05-03 16:33:24,608 - Validation Pearson: 0.30921593002260994
2021-05-03 16:33:24,608 - Validation Spearman: 0.29690318905872864
2021-05-03 16:33:24,617 - Updating `best_model.pth.tar`
2021-05-03 16:33:29,756 - [STEP 23458] average number of steps per second: 123.9
2021-05-03 16:33:29,756 - Training loss: 0.011474166038645907
2021-05-03 16:33:32,645 - Validation loss: 0.040378370739980095
2021-05-03 16:33:32,656 - Validation Pearson: 0.2993386406819709
2021-05-03 16:33:32,656 - Validation Spearman: 0.28504474808204927
2021-05-03 16:33:37,841 - [STEP 24092] average number of steps per second: 122.8
2021-05-03 16:33:37,841 - Training loss: 0.011305441563561183
2021-05-03 16:33:40,721 - Validation loss: 0.03952808326874784
2021-05-03 16:33:40,732 - Validation Pearson: 0.31487683542590206
2021-05-03 16:33:40,732 - Validation Spearman: 0.2989157005273443
2021-05-03 16:33:40,740 - Updating `best_model.pth.tar`
2021-05-03 16:33:45,945 - [STEP 24726] average number of steps per second: 122.3
2021-05-03 16:33:45,946 - Training loss: 0.011196361557941896
