[W 2021-11-01 09:06:54.869 LabApp] 'port' has moved from NotebookApp to ServerApp. This config will be passed to ServerApp. Be sure to update your config before our next release.
[W 2021-11-01 09:06:54.869 LabApp] 'port' has moved from NotebookApp to ServerApp. This config will be passed to ServerApp. Be sure to update your config before our next release.
[W 2021-11-01 09:06:54.869 LabApp] 'port' has moved from NotebookApp to ServerApp. This config will be passed to ServerApp. Be sure to update your config before our next release.
[I 2021-11-01 09:06:54.876 LabApp] JupyterLab extension loaded from /mnt/md1/home/oriol/.conda/envs/cam/lib/python3.9/site-packages/jupyterlab
[I 2021-11-01 09:06:54.876 LabApp] JupyterLab application directory is /mnt/md1/home/oriol/.conda/envs/cam/share/jupyter/lab
[I 09:06:54.880 NotebookApp] Serving notebooks from local directory: /mnt/md1/home/oriol/CAM/cam
[I 09:06:54.880 NotebookApp] Jupyter Notebook 6.4.3 is running at:
[I 09:06:54.880 NotebookApp] http://localhost:8889/?token=cc77ae37a31d079681ca50b1f8578b87806600e6c41c46e8
[I 09:06:54.880 NotebookApp]  or http://127.0.0.1:8889/?token=cc77ae37a31d079681ca50b1f8578b87806600e6c41c46e8
[I 09:06:54.880 NotebookApp] Use Control-C to stop this server and shut down all kernels (twice to skip confirmation).
[C 09:06:54.883 NotebookApp] 
    
    To access the notebook, open this file in a browser:
        file:///mnt/md1/home/oriol/.local/share/jupyter/runtime/nbserver-3066-open.html
    Or copy and paste one of these URLs:
        http://localhost:8889/?token=cc77ae37a31d079681ca50b1f8578b87806600e6c41c46e8
     or http://127.0.0.1:8889/?token=cc77ae37a31d079681ca50b1f8578b87806600e6c41c46e8
[W 09:06:59.898 NotebookApp] 404 GET /api/kernels/aa21d0bd-fa11-4bf1-b8a2-e6a4ca0ef946/channels?session_id=cefebd4ba20547ca8ee6464905bf76c6 (127.0.0.1): Kernel does not exist: aa21d0bd-fa11-4bf1-b8a2-e6a4ca0ef946
[W 09:06:59.923 NotebookApp] 404 GET /api/kernels/aa21d0bd-fa11-4bf1-b8a2-e6a4ca0ef946/channels?session_id=cefebd4ba20547ca8ee6464905bf76c6 (127.0.0.1) 26.780000ms referer=None
[W 09:07:11.109 NotebookApp] 404 GET /api/contents/cam/interpret.ipynb?content=0&_=1635782753531 (127.0.0.1): No such file or directory: cam/interpret.ipynb
[W 09:07:11.109 NotebookApp] No such file or directory: cam/interpret.ipynb
[W 09:07:11.109 NotebookApp] 404 GET /api/contents/cam/interpret.ipynb?content=0&_=1635782753531 (127.0.0.1) 1.270000ms referer=http://localhost:8888/notebooks/cam/interpret.ipynb
[I 09:07:11.143 NotebookApp] Uploading file to /cam/interpret.ipynb
[E 09:07:11.264 NotebookApp] Error while saving file: cam/interpret.ipynb [Errno 2] No such file or directory: '/mnt/md1/home/oriol/CAM/cam/cam/interpret.ipynb'
    Traceback (most recent call last):
      File "/mnt/md1/home/oriol/.conda/envs/cam/lib/python3.9/site-packages/notebook/services/contents/filemanager.py", line 477, in save
        self._save_notebook(os_path, nb)
      File "/mnt/md1/home/oriol/.conda/envs/cam/lib/python3.9/site-packages/notebook/services/contents/fileio.py", line 290, in _save_notebook
        with self.atomic_writing(os_path, encoding='utf-8') as f:
      File "/mnt/md1/home/oriol/.conda/envs/cam/lib/python3.9/contextlib.py", line 117, in __enter__
        return next(self.gen)
      File "/mnt/md1/home/oriol/.conda/envs/cam/lib/python3.9/site-packages/notebook/services/contents/fileio.py", line 210, in atomic_writing
        with atomic_writing(os_path, *args, log=self.log, **kwargs) as f:
      File "/mnt/md1/home/oriol/.conda/envs/cam/lib/python3.9/contextlib.py", line 117, in __enter__
        return next(self.gen)
      File "/mnt/md1/home/oriol/.conda/envs/cam/lib/python3.9/site-packages/notebook/services/contents/fileio.py", line 105, in atomic_writing
        fileobj = io.open(path, 'w', encoding=encoding, **kwargs)
    FileNotFoundError: [Errno 2] No such file or directory: '/mnt/md1/home/oriol/CAM/cam/cam/interpret.ipynb'
[W 09:07:11.291 NotebookApp] 500 PUT /api/contents/cam/interpret.ipynb (127.0.0.1): Unexpected error while saving file: cam/interpret.ipynb [Errno 2] No such file or directory: '/mnt/md1/home/oriol/CAM/cam/cam/interpret.ipynb'
[W 09:07:11.291 NotebookApp] Unexpected error while saving file: cam/interpret.ipynb [Errno 2] No such file or directory: '/mnt/md1/home/oriol/CAM/cam/cam/interpret.ipynb'
[E 09:07:11.291 NotebookApp] {
      "Host": "localhost:8888",
      "Connection": "keep-alive",
      "Content-Length": "21358",
      "Sec-Ch-Ua": "\"Google Chrome\";v=\"95\", \"Chromium\";v=\"95\", \";Not A Brand\";v=\"99\"",
      "Sec-Ch-Ua-Mobile": "?0",
      "User-Agent": "Mozilla/5.0 (Macintosh; Intel Mac OS X 10_15_7) AppleWebKit/537.36 (KHTML, like Gecko) Chrome/95.0.4638.54 Safari/537.36",
      "Content-Type": "application/json",
      "Accept": "application/json, text/javascript, */*; q=0.01",
      "X-Requested-With": "XMLHttpRequest",
      "X-Xsrftoken": "2|2407a6ff|63ec2126fd893120fe3e664ea5a0c423|1634923119",
      "Sec-Ch-Ua-Platform": "\"macOS\"",
      "Origin": "http://localhost:8888",
      "Sec-Fetch-Site": "same-origin",
      "Sec-Fetch-Mode": "cors",
      "Sec-Fetch-Dest": "empty",
      "Referer": "http://localhost:8888/notebooks/cam/interpret.ipynb",
      "Accept-Encoding": "gzip, deflate, br",
      "Accept-Language": "en-US,en;q=0.9,ca;q=0.8,es;q=0.7",
      "Cookie": "_xsrf=2|2407a6ff|63ec2126fd893120fe3e664ea5a0c423|1634923119; username-localhost-8888=\"2|1:0|10:1635177370|23:username-localhost-8888|44:NGNjN2ZiNTY3ZjYxNDUyN2FhNWQzYWE3YzZkZWM0ODg=|bc0b79e41715ee23afbe6d2a152c3ffe99fdafd5ddd6652e6311c12b1e0ad762\""
    }
[E 09:07:11.291 NotebookApp] 500 PUT /api/contents/cam/interpret.ipynb (127.0.0.1) 151.620000ms referer=http://localhost:8888/notebooks/cam/interpret.ipynb
[W 09:07:13.455 NotebookApp] 404 GET /api/contents/cam/interpret.ipynb?content=0&_=1635782753532 (127.0.0.1): No such file or directory: cam/interpret.ipynb
[W 09:07:13.455 NotebookApp] No such file or directory: cam/interpret.ipynb
[W 09:07:13.456 NotebookApp] 404 GET /api/contents/cam/interpret.ipynb?content=0&_=1635782753532 (127.0.0.1) 1.070000ms referer=http://localhost:8888/notebooks/cam/interpret.ipynb
[W 09:07:13.470 NotebookApp] 404 GET /notebooks/cam/interpret.ipynb (127.0.0.1): No such file or directory: cam/interpret.ipynb
[W 09:07:13.472 NotebookApp] 404 GET /notebooks/cam/interpret.ipynb (127.0.0.1) 1.580000ms referer=http://localhost:8888/tree/cam
[I 09:07:13.504 NotebookApp] Uploading file to /cam/interpret.ipynb
[E 09:07:13.550 NotebookApp] Error while saving file: cam/interpret.ipynb [Errno 2] No such file or directory: '/mnt/md1/home/oriol/CAM/cam/cam/interpret.ipynb'
    Traceback (most recent call last):
      File "/mnt/md1/home/oriol/.conda/envs/cam/lib/python3.9/site-packages/notebook/services/contents/filemanager.py", line 477, in save
        self._save_notebook(os_path, nb)
      File "/mnt/md1/home/oriol/.conda/envs/cam/lib/python3.9/site-packages/notebook/services/contents/fileio.py", line 290, in _save_notebook
        with self.atomic_writing(os_path, encoding='utf-8') as f:
      File "/mnt/md1/home/oriol/.conda/envs/cam/lib/python3.9/contextlib.py", line 117, in __enter__
        return next(self.gen)
      File "/mnt/md1/home/oriol/.conda/envs/cam/lib/python3.9/site-packages/notebook/services/contents/fileio.py", line 210, in atomic_writing
        with atomic_writing(os_path, *args, log=self.log, **kwargs) as f:
      File "/mnt/md1/home/oriol/.conda/envs/cam/lib/python3.9/contextlib.py", line 117, in __enter__
        return next(self.gen)
      File "/mnt/md1/home/oriol/.conda/envs/cam/lib/python3.9/site-packages/notebook/services/contents/fileio.py", line 105, in atomic_writing
        fileobj = io.open(path, 'w', encoding=encoding, **kwargs)
    FileNotFoundError: [Errno 2] No such file or directory: '/mnt/md1/home/oriol/CAM/cam/cam/interpret.ipynb'
[W 09:07:13.552 NotebookApp] 500 PUT /api/contents/cam/interpret.ipynb (127.0.0.1): Unexpected error while saving file: cam/interpret.ipynb [Errno 2] No such file or directory: '/mnt/md1/home/oriol/CAM/cam/cam/interpret.ipynb'
[W 09:07:13.552 NotebookApp] Unexpected error while saving file: cam/interpret.ipynb [Errno 2] No such file or directory: '/mnt/md1/home/oriol/CAM/cam/cam/interpret.ipynb'
[E 09:07:13.552 NotebookApp] {
      "Host": "localhost:8888",
      "Connection": "keep-alive",
      "Content-Length": "21358",
      "Sec-Ch-Ua": "\"Google Chrome\";v=\"95\", \"Chromium\";v=\"95\", \";Not A Brand\";v=\"99\"",
      "Sec-Ch-Ua-Mobile": "?0",
      "User-Agent": "Mozilla/5.0 (Macintosh; Intel Mac OS X 10_15_7) AppleWebKit/537.36 (KHTML, like Gecko) Chrome/95.0.4638.54 Safari/537.36",
      "Content-Type": "application/json",
      "Accept": "application/json, text/javascript, */*; q=0.01",
      "X-Requested-With": "XMLHttpRequest",
      "X-Xsrftoken": "2|2407a6ff|63ec2126fd893120fe3e664ea5a0c423|1634923119",
      "Sec-Ch-Ua-Platform": "\"macOS\"",
      "Origin": "http://localhost:8888",
      "Sec-Fetch-Site": "same-origin",
      "Sec-Fetch-Mode": "cors",
      "Sec-Fetch-Dest": "empty",
      "Referer": "http://localhost:8888/notebooks/cam/interpret.ipynb",
      "Accept-Encoding": "gzip, deflate, br",
      "Accept-Language": "en-US,en;q=0.9,ca;q=0.8,es;q=0.7",
      "Cookie": "_xsrf=2|2407a6ff|63ec2126fd893120fe3e664ea5a0c423|1634923119; username-localhost-8888=\"2|1:0|10:1635177370|23:username-localhost-8888|44:NGNjN2ZiNTY3ZjYxNDUyN2FhNWQzYWE3YzZkZWM0ODg=|bc0b79e41715ee23afbe6d2a152c3ffe99fdafd5ddd6652e6311c12b1e0ad762\""
    }
[E 09:07:13.552 NotebookApp] 500 PUT /api/contents/cam/interpret.ipynb (127.0.0.1) 57.190000ms referer=http://localhost:8888/notebooks/cam/interpret.ipynb
[I 09:07:17.448 NotebookApp] 302 GET / (127.0.0.1) 0.450000ms
[W 09:07:21.459 NotebookApp] 404 GET /nbextensions/widgets/notebook/js/extension.js?v=20211101090654 (127.0.0.1) 2.210000ms referer=http://localhost:8888/notebooks/interpret.ipynb
[I 09:07:21.875 NotebookApp] Kernel started: 71a837f8-7e53-4e5d-ac2e-664c488b4afe, name: python3
[I 09:09:27.652 NotebookApp] Saving file at /interpret.ipynb
[I 10:02:55.382 NotebookApp] Saving file at /interpret.ipynb
[I 10:02:57.076 NotebookApp] Saving file at /interpret.ipynb
[I 10:03:21.967 NotebookApp] Saving file at /interpret.ipynb
[I 10:03:36.205 NotebookApp] Saving file at /interpret.ipynb
[I 10:03:36.311 NotebookApp] Saving file at /interpret.ipynb
[I 10:03:46.122 NotebookApp] Saving file at /interpret.ipynb
[I 10:03:47.419 NotebookApp] Saving file at /interpret.ipynb
[I 10:03:59.628 NotebookApp] Saving file at /interpret.ipynb
[I 10:04:19.931 NotebookApp] Saving file at /interpret.ipynb
[I 10:04:19.989 NotebookApp] Saving file at /interpret.ipynb
[I 10:04:33.091 NotebookApp] Saving file at /interpret.ipynb
[I 10:04:46.259 NotebookApp] Saving file at /interpret.ipynb
[I 10:05:02.317 NotebookApp] Saving file at /interpret.ipynb
[I 10:05:26.318 NotebookApp] Saving file at /interpret.ipynb
[I 10:05:45.778 NotebookApp] Saving file at /interpret.ipynb
[I 10:05:48.435 NotebookApp] Saving file at /interpret.ipynb
[I 10:06:20.837 NotebookApp] Saving file at /interpret.ipynb
[I 10:06:25.836 NotebookApp] Saving file at /interpret.ipynb
[I 10:06:27.326 NotebookApp] Saving file at /interpret.ipynb
[I 10:06:30.948 NotebookApp] Saving file at /interpret.ipynb
[I 10:06:37.498 NotebookApp] Saving file at /interpret.ipynb
[I 10:06:50.739 NotebookApp] Saving file at /interpret.ipynb
[I 10:06:57.971 NotebookApp] Saving file at /interpret.ipynb
[I 10:06:58.714 NotebookApp] Saving file at /interpret.ipynb
[I 10:07:10.580 NotebookApp] Saving file at /interpret.ipynb
[W 10:08:05.082 NotebookApp] 404 GET /api/contents/cam?type=directory&_=1635782742825 (127.0.0.1): No such file or directory: cam
[W 10:08:05.082 NotebookApp] No such file or directory: cam
[W 10:08:05.082 NotebookApp] 404 GET /api/contents/cam?type=directory&_=1635782742825 (127.0.0.1) 1.140000ms referer=http://localhost:8888/tree/cam
[I 10:08:08.054 NotebookApp] Kernel interrupted: 71a837f8-7e53-4e5d-ac2e-664c488b4afe
[I 10:08:08.844 NotebookApp] Kernel interrupted: 71a837f8-7e53-4e5d-ac2e-664c488b4afe
[I 10:08:09.308 NotebookApp] Kernel interrupted: 71a837f8-7e53-4e5d-ac2e-664c488b4afe
[I 10:08:09.525 NotebookApp] Kernel interrupted: 71a837f8-7e53-4e5d-ac2e-664c488b4afe
[I 10:08:11.295 NotebookApp] Starting buffering for 71a837f8-7e53-4e5d-ac2e-664c488b4afe:f7be47a3855a4e519b0fdc4a920b457f
[I 10:08:13.917 NotebookApp] Kernel restarted: 71a837f8-7e53-4e5d-ac2e-664c488b4afe
[I 10:08:13.966 NotebookApp] Restoring connection for 71a837f8-7e53-4e5d-ac2e-664c488b4afe:f7be47a3855a4e519b0fdc4a920b457f
[I 10:08:17.101 NotebookApp] Replaying 3 buffered messages
[W 10:39:42.007 NotebookApp] 404 GET /api/contents/cam?type=directory&_=1635782742828 (127.0.0.1): No such file or directory: cam
[W 10:39:42.007 NotebookApp] No such file or directory: cam
[W 10:39:42.007 NotebookApp] 404 GET /api/contents/cam?type=directory&_=1635782742828 (127.0.0.1) 1.000000ms referer=http://localhost:8888/tree/cam
[I 10:39:43.438 NotebookApp] Starting buffering for 71a837f8-7e53-4e5d-ac2e-664c488b4afe:f7be47a3855a4e519b0fdc4a920b457f
[I 13:37:40.648 NotebookApp] 302 GET / (127.0.0.1) 0.470000ms
[W 13:37:45.879 NotebookApp] 404 GET /nbextensions/widgets/notebook/js/extension.js?v=20211101090654 (127.0.0.1) 1.820000ms referer=http://localhost:8888/notebooks/interpret.ipynb
[I 13:38:13.842 NotebookApp] Saving file at /interpret.ipynb
[I 13:39:46.332 NotebookApp] Saving file at /interpret.ipynb
[I 13:41:46.318 NotebookApp] Saving file at /interpret.ipynb
[I 13:43:46.719 NotebookApp] Saving file at /interpret.ipynb
[I 14:06:52.448 NotebookApp] Saving file at /interpret.ipynb
[I 14:07:03.287 NotebookApp] Saving file at /interpret.ipynb
[I 14:07:08.446 NotebookApp] Saving file at /interpret.ipynb
[I 14:07:09.179 NotebookApp] Saving file at /interpret.ipynb
[I 14:07:21.870 NotebookApp] Saving file at /interpret.ipynb
[I 14:07:41.252 NotebookApp] Saving file at /interpret.ipynb
[I 14:07:41.574 NotebookApp] Saving file at /interpret.ipynb
[I 14:07:42.926 NotebookApp] Saving file at /interpret.ipynb
[I 14:07:45.671 NotebookApp] Saving file at /interpret.ipynb
[I 14:07:46.054 NotebookApp] Saving file at /interpret.ipynb
[I 14:07:56.858 NotebookApp] Saving file at /interpret.ipynb
[I 14:07:58.624 NotebookApp] Saving file at /interpret.ipynb
[I 14:07:59.406 NotebookApp] Saving file at /interpret.ipynb
[I 14:08:06.838 NotebookApp] Saving file at /interpret.ipynb
[I 14:08:11.446 NotebookApp] Saving file at /interpret.ipynb
[I 14:08:25.073 NotebookApp] Saving file at /interpret.ipynb
[I 14:08:33.322 NotebookApp] Saving file at /interpret.ipynb
[I 14:08:33.448 NotebookApp] Saving file at /interpret.ipynb
[I 14:08:36.272 NotebookApp] Saving file at /interpret.ipynb
[I 14:08:36.388 NotebookApp] Saving file at /interpret.ipynb
[I 14:09:04.352 NotebookApp] Saving file at /interpret.ipynb
[I 14:09:05.846 NotebookApp] Saving file at /interpret.ipynb
[I 14:09:16.976 NotebookApp] Saving file at /interpret.ipynb
[I 14:09:20.281 NotebookApp] Saving file at /interpret.ipynb
[I 14:09:49.094 NotebookApp] Saving file at /interpret.ipynb
[I 14:10:29.923 NotebookApp] Saving file at /interpret.ipynb
[I 14:10:36.665 NotebookApp] Saving file at /interpret.ipynb
[I 14:10:50.735 NotebookApp] Saving file at /interpret.ipynb
[I 14:10:54.143 NotebookApp] Saving file at /interpret.ipynb
[I 14:11:36.717 NotebookApp] Saving file at /interpret.ipynb
[I 14:11:48.989 NotebookApp] Saving file at /interpret.ipynb
[I 14:12:15.485 NotebookApp] Saving file at /interpret.ipynb
[I 14:12:20.467 NotebookApp] Saving file at /interpret.ipynb
[I 14:12:58.551 NotebookApp] Saving file at /interpret.ipynb
[I 14:13:09.787 NotebookApp] Saving file at /interpret.ipynb
[I 14:13:19.765 NotebookApp] Saving file at /interpret.ipynb
[I 14:13:27.161 NotebookApp] Saving file at /interpret.ipynb
[I 14:14:05.255 NotebookApp] Saving file at /interpret.ipynb
[I 14:14:12.096 NotebookApp] Saving file at /interpret.ipynb
[I 14:14:24.154 NotebookApp] Saving file at /interpret.ipynb
[I 14:14:27.453 NotebookApp] Saving file at /interpret.ipynb
[I 14:14:41.102 NotebookApp] Saving file at /interpret.ipynb
[I 14:14:46.059 NotebookApp] Saving file at /interpret.ipynb
[I 14:14:48.890 NotebookApp] Saving file at /interpret.ipynb
[I 14:14:53.243 NotebookApp] Saving file at /interpret.ipynb
[I 14:14:55.047 NotebookApp] Saving file at /interpret.ipynb
[I 14:14:59.055 NotebookApp] Saving file at /interpret.ipynb
[I 14:15:46.707 NotebookApp] Saving file at /interpret.ipynb
[I 14:20:37.336 NotebookApp] Saving file at /interpret.ipynb
[I 14:20:43.388 NotebookApp] Saving file at /interpret.ipynb
[I 14:21:47.614 NotebookApp] Saving file at /interpret.ipynb
[I 14:21:48.571 NotebookApp] Saving file at /interpret.ipynb
[I 14:22:50.732 NotebookApp] Saving file at /interpret.ipynb
[I 14:23:07.550 NotebookApp] Saving file at /interpret.ipynb
[I 14:23:15.557 NotebookApp] Saving file at /interpret.ipynb
[I 14:23:22.193 NotebookApp] Saving file at /interpret.ipynb
[I 14:23:35.142 NotebookApp] Saving file at /interpret.ipynb
[I 14:23:49.147 NotebookApp] Saving file at /interpret.ipynb
[I 14:24:34.123 NotebookApp] Saving file at /interpret.ipynb
[I 14:24:41.686 NotebookApp] Saving file at /interpret.ipynb
[I 14:25:06.463 NotebookApp] Saving file at /interpret.ipynb
[I 14:25:11.709 NotebookApp] Saving file at /interpret.ipynb
[I 14:25:40.274 NotebookApp] Saving file at /interpret.ipynb
[I 14:25:46.701 NotebookApp] Saving file at /interpret.ipynb
[I 14:25:51.768 NotebookApp] Saving file at /interpret.ipynb
[I 14:26:02.145 NotebookApp] Saving file at /interpret.ipynb
[I 14:26:06.746 NotebookApp] Saving file at /interpret.ipynb
[I 14:26:24.526 NotebookApp] Saving file at /interpret.ipynb
[I 14:26:39.257 NotebookApp] Saving file at /interpret.ipynb
[I 14:26:43.541 NotebookApp] Saving file at /interpret.ipynb
[I 14:26:50.767 NotebookApp] Saving file at /interpret.ipynb
[I 14:27:48.961 NotebookApp] Saving file at /interpret.ipynb
[I 14:30:47.337 NotebookApp] Saving file at /interpret.ipynb
[I 14:30:51.892 NotebookApp] Saving file at /interpret.ipynb
[I 14:31:47.052 NotebookApp] Saving file at /interpret.ipynb
[I 14:42:20.737 NotebookApp] Saving file at /interpret.ipynb
[I 14:42:34.049 NotebookApp] Saving file at /interpret.ipynb
[I 14:43:47.050 NotebookApp] Saving file at /interpret.ipynb
[I 14:44:23.290 NotebookApp] Saving file at /interpret.ipynb
[I 14:45:47.060 NotebookApp] Saving file at /interpret.ipynb
[I 14:48:02.937 NotebookApp] Saving file at /interpret.ipynb
[I 15:06:00.629 NotebookApp] Saving file at /interpret.ipynb
[I 15:09:04.650 NotebookApp] Saving file at /interpret.ipynb
[I 15:12:17.268 NotebookApp] Saving file at /interpret.ipynb
[W 07:41:16.330 NotebookApp] WebSocket ping timeout after 119979 ms.
[I 07:41:21.332 NotebookApp] Starting buffering for 71a837f8-7e53-4e5d-ac2e-664c488b4afe:9e01c515aa03493888d98b620dc1f703
[IPKernelApp] WARNING | Parent appears to have exited, shutting down.
[W 2021-11-04 16:28:43.529 LabApp] 'port' has moved from NotebookApp to ServerApp. This config will be passed to ServerApp. Be sure to update your config before our next release.
[W 2021-11-04 16:28:43.537 LabApp] 'port' has moved from NotebookApp to ServerApp. This config will be passed to ServerApp. Be sure to update your config before our next release.
[W 2021-11-04 16:28:43.538 LabApp] 'port' has moved from NotebookApp to ServerApp. This config will be passed to ServerApp. Be sure to update your config before our next release.
[I 2021-11-04 16:28:43.549 LabApp] JupyterLab extension loaded from /mnt/md1/home/oriol/.conda/envs/cam/lib/python3.9/site-packages/jupyterlab
[I 2021-11-04 16:28:43.549 LabApp] JupyterLab application directory is /mnt/md1/home/oriol/.conda/envs/cam/share/jupyter/lab
[I 16:28:43.553 NotebookApp] Serving notebooks from local directory: /mnt/md1/home/oriol/CAM/cam
[I 16:28:43.553 NotebookApp] Jupyter Notebook 6.4.3 is running at:
[I 16:28:43.553 NotebookApp] http://localhost:8889/?token=5dee82d8046fefe1c5f27d1ea1f1aa1a5d72245956855f9e
[I 16:28:43.553 NotebookApp]  or http://127.0.0.1:8889/?token=5dee82d8046fefe1c5f27d1ea1f1aa1a5d72245956855f9e
[I 16:28:43.553 NotebookApp] Use Control-C to stop this server and shut down all kernels (twice to skip confirmation).
[C 16:28:43.563 NotebookApp] 
    
    To access the notebook, open this file in a browser:
        file:///mnt/md1/home/oriol/.local/share/jupyter/runtime/nbserver-32474-open.html
    Or copy and paste one of these URLs:
        http://localhost:8889/?token=5dee82d8046fefe1c5f27d1ea1f1aa1a5d72245956855f9e
     or http://127.0.0.1:8889/?token=5dee82d8046fefe1c5f27d1ea1f1aa1a5d72245956855f9e
[I 16:31:41.669 NotebookApp] 302 GET /?token=5dee82d8046fefe1c5f27d1ea1f1aa1a5d72245956855f9e (127.0.0.1) 0.630000ms
[W 16:32:42.665 NotebookApp] Notebook predict.ipynb is not trusted
[W 16:32:42.694 NotebookApp] 404 GET /nbextensions/widgets/notebook/js/extension.js?v=20211104162841 (127.0.0.1) 18.120000ms referer=http://localhost:8890/notebooks/predict.ipynb
[I 16:32:43.385 NotebookApp] Kernel started: 4d26f71d-4588-411e-bd63-cb1edde22520, name: python3
[I 16:34:22.336 NotebookApp] Starting buffering for 4d26f71d-4588-411e-bd63-cb1edde22520:70637b1fa8d44f13806e1c656ff4685f
[I 16:34:25.056 NotebookApp] Kernel restarted: 4d26f71d-4588-411e-bd63-cb1edde22520
[I 16:34:26.653 NotebookApp] Restoring connection for 4d26f71d-4588-411e-bd63-cb1edde22520:70637b1fa8d44f13806e1c656ff4685f
[I 16:34:26.657 NotebookApp] Replaying 6 buffered messages
[I 16:34:44.510 NotebookApp] Saving file at /predict.ipynb
[I 16:36:02.964 NotebookApp] Saving file at /predict.ipynb
[I 16:36:37.877 NotebookApp] Saving file at /predict.ipynb
[I 16:36:43.746 NotebookApp] Saving file at /predict.ipynb
[I 16:37:05.118 NotebookApp] Saving file at /predict.ipynb
[I 16:37:37.614 NotebookApp] Saving file at /predict.ipynb
[I 16:38:46.328 NotebookApp] Saving file at /predict.ipynb
[I 16:40:56.756 NotebookApp] Saving file at /predict.ipynb
[I 16:40:58.301 NotebookApp] Starting buffering for 4d26f71d-4588-411e-bd63-cb1edde22520:70637b1fa8d44f13806e1c656ff4685f
[I 16:43:50.600 NotebookApp] 302 GET /?token=5dee82d8046fefe1c5f27d1ea1f1aa1a5d72245956855f9e (127.0.0.1) 0.600000ms
[W 16:44:00.993 NotebookApp] Notebook interpret.ipynb is not trusted
[W 16:44:01.130 NotebookApp] 404 GET /nbextensions/widgets/notebook/js/extension.js?v=20211104162841 (127.0.0.1) 2.690000ms referer=http://localhost:8890/notebooks/interpret.ipynb
[W 16:44:08.599 NotebookApp] 404 GET /nbextensions/widgets/notebook/js/extension.js?v=20211104162841 (127.0.0.1) 2.200000ms referer=http://localhost:8890/notebooks/predict.ipynb
[I 16:44:12.420 NotebookApp] Kernel started: 94075dd9-c252-46ff-a874-6fbfe858f876, name: python3
[I 16:45:23.850 NotebookApp] Saving file at /predict.ipynb
[I 16:46:08.525 NotebookApp] Saving file at /predict.ipynb
[I 16:46:21.109 NotebookApp] Saving file at /predict.ipynb
[I 16:46:27.096 NotebookApp] Saving file at /predict.ipynb
[I 16:46:53.846 NotebookApp] Saving file at /predict.ipynb
[I 16:47:21.410 NotebookApp] Saving file at /predict.ipynb
[I 16:47:26.950 NotebookApp] Saving file at /predict.ipynb
[I 16:47:34.825 NotebookApp] Saving file at /predict.ipynb
[I 16:47:48.467 NotebookApp] Saving file at /predict.ipynb
[I 16:47:59.601 NotebookApp] Saving file at /predict.ipynb
[I 16:48:08.547 NotebookApp] Saving file at /predict.ipynb
[I 16:48:11.795 NotebookApp] Saving file at /predict.ipynb
[I 16:48:15.959 NotebookApp] Saving file at /predict.ipynb
[I 16:48:26.898 NotebookApp] Saving file at /predict.ipynb
[I 16:48:31.665 NotebookApp] Saving file at /predict.ipynb
[I 16:49:30.427 NotebookApp] Saving file at /predict.ipynb
[I 16:50:09.464 NotebookApp] Saving file at /predict.ipynb
[W 16:50:26.718 NotebookApp] Notebook plots.ipynb is not trusted
[W 16:50:27.723 NotebookApp] 404 GET /nbextensions/widgets/notebook/js/extension.js?v=20211104162841 (127.0.0.1) 2.080000ms referer=http://localhost:8890/notebooks/plots.ipynb
[I 16:50:27.893 NotebookApp] Kernel started: 3eb802b5-0ef6-4bf0-b97a-7f7f86158f13, name: python3
[I 16:52:28.137 NotebookApp] Saving file at /plots.ipynb
[I 16:53:29.296 NotebookApp] Saving file at /plots.ipynb
[I 16:54:02.962 NotebookApp] Saving file at /plots.ipynb
[I 16:54:10.866 NotebookApp] Saving file at /plots.ipynb
[I 16:54:28.227 NotebookApp] Saving file at /plots.ipynb
[I 16:54:36.313 NotebookApp] Saving file at /plots.ipynb
[I 16:54:46.547 NotebookApp] Saving file at /plots.ipynb
[I 16:54:55.522 NotebookApp] Saving file at /plots.ipynb
[I 16:55:23.725 NotebookApp] Saving file at /plots.ipynb
[I 16:55:31.934 NotebookApp] Saving file at /plots.ipynb
[I 16:55:38.183 NotebookApp] Saving file at /plots.ipynb
[I 16:56:11.410 NotebookApp] Saving file at /plots.ipynb
[I 20:18:50.577 NotebookApp] Starting buffering for 3eb802b5-0ef6-4bf0-b97a-7f7f86158f13:5550540824bf463cba51deac3c9bc859
[I 20:18:50.578 NotebookApp] Starting buffering for 94075dd9-c252-46ff-a874-6fbfe858f876:4494455c755d4058a4d6ed1a9b80a800
[I 20:18:50.578 NotebookApp] Starting buffering for 4d26f71d-4588-411e-bd63-cb1edde22520:5651ad9c306146ee963bd0c5a1a04119
[I 08:27:08.675 NotebookApp] 302 GET / (127.0.0.1) 113.110000ms
[I 08:27:09.039 NotebookApp] 302 GET /tree? (127.0.0.1) 59.920000ms
[I 08:27:49.429 NotebookApp] 302 POST /login?next=%2Ftree%3F (127.0.0.1) 26.870000ms
[W 08:29:00.432 NotebookApp] Notebook predict.ipynb is not trusted
[W 08:29:01.107 NotebookApp] 404 GET /nbextensions/widgets/notebook/js/extension.js?v=20211104162841 (127.0.0.1) 16.410000ms referer=http://localhost:8888/notebooks/predict.ipynb
[I 08:29:49.622 NotebookApp] Kernel interrupted: 4d26f71d-4588-411e-bd63-cb1edde22520
[I 08:29:51.538 NotebookApp] Starting buffering for 4d26f71d-4588-411e-bd63-cb1edde22520:a1663bc0da2c44dd91e3fd67ce15469c
[I 08:29:54.304 NotebookApp] Kernel restarted: 4d26f71d-4588-411e-bd63-cb1edde22520
[I 08:29:55.016 NotebookApp] Restoring connection for 4d26f71d-4588-411e-bd63-cb1edde22520:a1663bc0da2c44dd91e3fd67ce15469c
[I 08:29:58.239 NotebookApp] Replaying 3 buffered messages
[I 08:30:11.447 NotebookApp] Kernel interrupted: 4d26f71d-4588-411e-bd63-cb1edde22520
[I 08:30:12.539 NotebookApp] Kernel interrupted: 4d26f71d-4588-411e-bd63-cb1edde22520
[I 08:30:13.294 NotebookApp] Kernel interrupted: 4d26f71d-4588-411e-bd63-cb1edde22520
[I 08:30:13.778 NotebookApp] Kernel interrupted: 4d26f71d-4588-411e-bd63-cb1edde22520
[I 08:30:15.353 NotebookApp] Starting buffering for 4d26f71d-4588-411e-bd63-cb1edde22520:a1663bc0da2c44dd91e3fd67ce15469c
[I 08:30:17.966 NotebookApp] Kernel restarted: 4d26f71d-4588-411e-bd63-cb1edde22520
[I 08:30:18.619 NotebookApp] Restoring connection for 4d26f71d-4588-411e-bd63-cb1edde22520:a1663bc0da2c44dd91e3fd67ce15469c
[I 08:30:18.623 NotebookApp] Replaying 26 buffered messages
[I 08:31:01.828 NotebookApp] Saving file at /predict.ipynb
[W 08:31:01.830 NotebookApp] Notebook predict.ipynb is not trusted
[I 08:32:29.076 NotebookApp] Saving file at /predict.ipynb
[I 08:35:36.070 NotebookApp] Saving file at /predict.ipynb
[I 08:35:59.864 NotebookApp] Saving file at /predict.ipynb
[I 08:36:10.075 NotebookApp] Saving file at /predict.ipynb
[I 08:38:41.010 NotebookApp] Saving file at /predict.ipynb
[W 11:48:18.620 NotebookApp] WebSocket ping timeout after 119675 ms.
[I 11:48:23.639 NotebookApp] Starting buffering for 4d26f71d-4588-411e-bd63-cb1edde22520:a1663bc0da2c44dd91e3fd67ce15469c
[I 13:53:38.390 NotebookApp] 302 GET /?token=197d8aa04c19aed639c973d7d5a6463082471d2bffe1ad97 (127.0.0.1) 0.540000ms
[I 13:53:38.411 NotebookApp] 302 GET /tree?token=197d8aa04c19aed639c973d7d5a6463082471d2bffe1ad97 (127.0.0.1) 0.680000ms
[W 13:53:54.146 NotebookApp] 401 POST /login?next=%2Ftree%3Ftoken%3D197d8aa04c19aed639c973d7d5a6463082471d2bffe1ad97 (127.0.0.1) 2.800000ms referer=http://localhost:8899/login?next=%2Ftree%3Ftoken%3D197d8aa04c19aed639c973d7d5a6463082471d2bffe1ad97
[W 13:53:58.184 NotebookApp] 401 POST /login?next=%2Ftree%3Ftoken%3D197d8aa04c19aed639c973d7d5a6463082471d2bffe1ad97 (127.0.0.1) 2.100000ms referer=http://localhost:8899/login?next=%2Ftree%3Ftoken%3D197d8aa04c19aed639c973d7d5a6463082471d2bffe1ad97
[I 13:54:27.495 NotebookApp] 302 GET /?token=197d8aa04c19aed639c973d7d5a6463082471d2bffe1ad97 (127.0.0.1) 0.490000ms
[I 13:54:27.518 NotebookApp] 302 GET /tree?token=197d8aa04c19aed639c973d7d5a6463082471d2bffe1ad97 (127.0.0.1) 3.300000ms
[W 13:54:38.180 NotebookApp] 401 POST /login?next=%2Ftree%3Ftoken%3D197d8aa04c19aed639c973d7d5a6463082471d2bffe1ad97 (127.0.0.1) 2.060000ms referer=http://127.0.0.1:8899/login?next=%2Ftree%3Ftoken%3D197d8aa04c19aed639c973d7d5a6463082471d2bffe1ad97
[W 14:35:45.223 NotebookApp] Clearing invalid/expired login cookie username-localhost-8888
[W 14:35:45.223 NotebookApp] Clearing invalid/expired login cookie username-localhost-8888
[I 14:35:45.224 NotebookApp] 302 GET /tree/Jupyter (127.0.0.1) 2.200000ms
[W 14:37:00.841 NotebookApp] 401 POST /login?next=%2Ftree%2FJupyter (127.0.0.1) 1.920000ms referer=http://localhost:8888/login?next=%2Ftree%2FJupyter
[W 14:37:02.528 NotebookApp] 401 POST /login?next=%2Ftree%2FJupyter (127.0.0.1) 1.690000ms referer=http://localhost:8888/login?next=%2Ftree%2FJupyter
[I 14:38:07.227 NotebookApp] 302 POST /login?next=%2Ftree%2FJupyter (127.0.0.1) 1.450000ms
[W 14:38:07.256 NotebookApp] 404 GET /tree/Jupyter (127.0.0.1) 1.790000ms referer=http://localhost:8888/login?next=%2Ftree%2FJupyter
[I 14:38:14.963 NotebookApp] 302 GET /login?next=%2Ftree%2FJupyter (127.0.0.1) 0.840000ms
[W 14:38:14.986 NotebookApp] 404 GET /tree/Jupyter (127.0.0.1) 1.710000ms referer=None
[W 14:38:17.607 NotebookApp] 404 GET /tree/Jupyter (127.0.0.1) 1.810000ms referer=None
[W 14:38:32.213 NotebookApp] Notebook predict.ipynb is not trusted
[W 14:38:32.250 NotebookApp] 404 GET /nbextensions/widgets/notebook/js/extension.js?v=20211104162841 (127.0.0.1) 1.780000ms referer=http://localhost:8888/notebooks/predict.ipynb
[I 14:38:42.160 NotebookApp] Starting buffering for 4d26f71d-4588-411e-bd63-cb1edde22520:f0dad2d2c911437bb0edcde60fb39e68
[I 14:38:44.878 NotebookApp] Kernel restarted: 4d26f71d-4588-411e-bd63-cb1edde22520
[I 14:38:44.927 NotebookApp] Restoring connection for 4d26f71d-4588-411e-bd63-cb1edde22520:f0dad2d2c911437bb0edcde60fb39e68
[I 14:38:45.433 NotebookApp] Replaying 3 buffered messages
[I 14:39:39.885 NotebookApp] Saving file at /predict.ipynb
[I 14:39:50.396 NotebookApp] Saving file at /predict.ipynb
[I 14:39:59.239 NotebookApp] Saving file at /predict.ipynb
[I 14:40:39.670 NotebookApp] Saving file at /predict.ipynb
[I 14:40:46.524 NotebookApp] Saving file at /predict.ipynb
[I 14:40:54.110 NotebookApp] Saving file at /predict.ipynb
[I 14:40:55.727 NotebookApp] Saving file at /predict.ipynb
[I 14:41:07.366 NotebookApp] Saving file at /predict.ipynb
[I 14:41:18.710 NotebookApp] Saving file at /predict.ipynb
[I 14:41:26.024 NotebookApp] Saving file at /predict.ipynb
[I 14:41:55.607 NotebookApp] Saving file at /predict.ipynb
[I 14:42:08.750 NotebookApp] Saving file at /predict.ipynb
[I 14:42:12.546 NotebookApp] Saving file at /predict.ipynb
[I 14:42:36.660 NotebookApp] Saving file at /predict.ipynb
[I 14:42:41.349 NotebookApp] Saving file at /predict.ipynb
[I 14:42:52.775 NotebookApp] Saving file at /predict.ipynb
[I 14:43:06.808 NotebookApp] Saving file at /predict.ipynb
[I 14:43:13.386 NotebookApp] Saving file at /predict.ipynb
[I 14:43:22.130 NotebookApp] Saving file at /predict.ipynb
[I 14:43:25.264 NotebookApp] Saving file at /predict.ipynb
[I 14:43:46.111 NotebookApp] Saving file at /predict.ipynb
[I 14:44:32.562 NotebookApp] Saving file at /predict.ipynb
[I 14:44:36.163 NotebookApp] Saving file at /predict.ipynb
[I 14:44:43.880 NotebookApp] Saving file at /predict.ipynb
[I 14:44:54.009 NotebookApp] Saving file at /predict.ipynb
[I 14:45:19.425 NotebookApp] Saving file at /predict.ipynb
[I 14:45:23.744 NotebookApp] Saving file at /predict.ipynb
[I 14:45:32.220 NotebookApp] Saving file at /predict.ipynb
[I 14:45:42.481 NotebookApp] Saving file at /predict.ipynb
[I 14:46:29.362 NotebookApp] Saving file at /predict.ipynb
[I 14:46:32.590 NotebookApp] Saving file at /predict.ipynb
[I 14:46:47.357 NotebookApp] Saving file at /predict.ipynb
[I 14:47:05.846 NotebookApp] Saving file at /predict.ipynb
[I 14:47:08.109 NotebookApp] Saving file at /predict.ipynb
[I 14:47:30.970 NotebookApp] Saving file at /predict.ipynb
[I 14:47:34.576 NotebookApp] Saving file at /predict.ipynb
[I 14:47:52.978 NotebookApp] Saving file at /predict.ipynb
[I 14:47:54.254 NotebookApp] Saving file at /predict.ipynb
[I 14:48:08.761 NotebookApp] Saving file at /predict.ipynb
[I 14:48:20.180 NotebookApp] Saving file at /predict.ipynb
[I 14:48:29.777 NotebookApp] Saving file at /predict.ipynb
[I 14:48:32.061 NotebookApp] Saving file at /predict.ipynb
[I 14:48:34.588 NotebookApp] Saving file at /predict.ipynb
[I 14:48:42.774 NotebookApp] Saving file at /predict.ipynb
[I 14:48:50.175 NotebookApp] Saving file at /predict.ipynb
[I 14:48:53.416 NotebookApp] Saving file at /predict.ipynb
[I 14:48:55.999 NotebookApp] Saving file at /predict.ipynb
[I 14:48:59.967 NotebookApp] Saving file at /predict.ipynb
[I 14:49:12.999 NotebookApp] Saving file at /predict.ipynb
[I 14:49:27.062 NotebookApp] Saving file at /predict.ipynb
[I 14:50:33.371 NotebookApp] Saving file at /predict.ipynb
[I 14:53:45.464 NotebookApp] Starting buffering for 4d26f71d-4588-411e-bd63-cb1edde22520:f0dad2d2c911437bb0edcde60fb39e68
[I 14:53:46.472 NotebookApp] Restoring connection for 4d26f71d-4588-411e-bd63-cb1edde22520:f0dad2d2c911437bb0edcde60fb39e68
[W 14:55:16.474 NotebookApp] WebSocket ping timeout after 90001 ms.
[I 14:55:21.475 NotebookApp] Starting buffering for 4d26f71d-4588-411e-bd63-cb1edde22520:f0dad2d2c911437bb0edcde60fb39e68
[W 15:13:57.699 NotebookApp] 404 GET /nbextensions/widgets/notebook/js/extension.js?v=20211104162841 (127.0.0.1) 1.720000ms referer=http://localhost:8888/notebooks/predict.ipynb
[I 16:02:30.625 NotebookApp] Starting buffering for 4d26f71d-4588-411e-bd63-cb1edde22520:c6971d4affd54f869978b039364b7952
[I 16:02:32.022 NotebookApp] Restoring connection for 4d26f71d-4588-411e-bd63-cb1edde22520:c6971d4affd54f869978b039364b7952
[W 16:04:02.024 NotebookApp] WebSocket ping timeout after 90001 ms.
[I 16:04:07.025 NotebookApp] Starting buffering for 4d26f71d-4588-411e-bd63-cb1edde22520:c6971d4affd54f869978b039364b7952
[W 2021-11-15 13:03:11.416 LabApp] 'port' has moved from NotebookApp to ServerApp. This config will be passed to ServerApp. Be sure to update your config before our next release.
[W 2021-11-15 13:03:11.434 LabApp] 'port' has moved from NotebookApp to ServerApp. This config will be passed to ServerApp. Be sure to update your config before our next release.
[W 2021-11-15 13:03:11.435 LabApp] 'port' has moved from NotebookApp to ServerApp. This config will be passed to ServerApp. Be sure to update your config before our next release.
[I 2021-11-15 13:03:11.446 LabApp] JupyterLab extension loaded from /mnt/md1/home/oriol/.conda/envs/cam/lib/python3.9/site-packages/jupyterlab
[I 2021-11-15 13:03:11.446 LabApp] JupyterLab application directory is /mnt/md1/home/oriol/.conda/envs/cam/share/jupyter/lab
[I 13:03:11.451 NotebookApp] Serving notebooks from local directory: /mnt/md1/home/oriol/CAM/cam
[I 13:03:11.451 NotebookApp] Jupyter Notebook 6.4.3 is running at:
[I 13:03:11.451 NotebookApp] http://localhost:8889/?token=0320fd782e30d782602a6891b78ae3da265468d47bf3016c
[I 13:03:11.451 NotebookApp]  or http://127.0.0.1:8889/?token=0320fd782e30d782602a6891b78ae3da265468d47bf3016c
[I 13:03:11.451 NotebookApp] Use Control-C to stop this server and shut down all kernels (twice to skip confirmation).
[C 13:03:11.485 NotebookApp] 
    
    To access the notebook, open this file in a browser:
        file:///mnt/md1/home/oriol/.local/share/jupyter/runtime/nbserver-35432-open.html
    Or copy and paste one of these URLs:
        http://localhost:8889/?token=0320fd782e30d782602a6891b78ae3da265468d47bf3016c
     or http://127.0.0.1:8889/?token=0320fd782e30d782602a6891b78ae3da265468d47bf3016c
[I 13:04:57.260 NotebookApp] 302 GET /?token=0320fd782e30d782602a6891b78ae3da265468d47bf3016c (127.0.0.1) 0.590000ms
[W 13:05:05.082 NotebookApp] Notebook interpret.ipynb is not trusted
[W 13:05:05.257 NotebookApp] 404 GET /nbextensions/widgets/notebook/js/extension.js?v=20211115130308 (127.0.0.1) 34.850000ms referer=http://localhost:8889/notebooks/interpret.ipynb
[I 13:05:07.171 NotebookApp] Kernel started: baffdd8b-575e-4a0c-a93e-cc08def62459, name: python3
[I 13:05:19.331 NotebookApp] Saving file at /interpret.ipynb
[W 13:05:19.332 NotebookApp] Notebook interpret.ipynb is not trusted
[I 13:05:20.811 NotebookApp] Saving file at /interpret.ipynb
[W 13:05:20.813 NotebookApp] Notebook interpret.ipynb is not trusted
[I 13:05:36.326 NotebookApp] Saving file at /interpret.ipynb
[W 13:05:36.328 NotebookApp] Notebook interpret.ipynb is not trusted
[I 13:05:47.411 NotebookApp] Saving file at /interpret.ipynb
[W 13:05:47.413 NotebookApp] Notebook interpret.ipynb is not trusted
[I 13:05:47.997 NotebookApp] Saving file at /interpret.ipynb
[W 13:05:47.999 NotebookApp] Notebook interpret.ipynb is not trusted
[I 13:05:51.059 NotebookApp] Saving file at /interpret.ipynb
[W 13:05:51.060 NotebookApp] Notebook interpret.ipynb is not trusted
[I 13:07:07.225 NotebookApp] Saving file at /interpret.ipynb
[I 13:09:08.293 NotebookApp] Saving file at /interpret.ipynb
[I 13:11:13.460 NotebookApp] Saving file at /interpret.ipynb
[I 13:12:59.868 NotebookApp] Starting buffering for baffdd8b-575e-4a0c-a93e-cc08def62459:92b6ff1a26cb4b07bee1363299e3c013
